#
# There is insufficient memory for the Java Runtime Environment to continue.
# Native memory allocation (malloc) failed to allocate 1257616 bytes for Chunk::new
# Possible reasons:
#   The system is out of physical RAM or swap space
#   The process is running with CompressedOops enabled, and the Java Heap may be blocking the growth of the native heap
# Possible solutions:
#   Reduce memory load on the system
#   Increase physical memory or swap space
#   Check if swap backing store is full
#   Decrease Java heap size (-Xmx/-Xms)
#   Decrease number of Java threads
#   Decrease Java thread stack sizes (-Xss)
#   Set larger code cache with -XX:ReservedCodeCacheSize=
#   JVM is running with Unscaled Compressed Oops mode in which the Java heap is
#     placed in the first 4GB address space. The Java Heap base address is the
#     maximum limit for the native heap growth. Please use -XX:HeapBaseMinAddress
#     to set the Java Heap base and to place the Java Heap above 4GB virtual address.
# This output file may be truncated or incomplete.
#
#  Out of Memory Error (src/hotspot/share/memory/arena.cpp:197), pid=14076, tid=8596
#
# JRE version: OpenJDK Runtime Environment (11.0.15) (build 11.0.15+0-b2043.56-8887301)
# Java VM: OpenJDK 64-Bit Server VM (11.0.15+0-b2043.56-8887301, mixed mode, tiered, compressed oops, g1 gc, windows-amd64)
# No core dump will be written. Minidumps are not enabled by default on client versions of Windows
#

---------------  S U M M A R Y ------------

Command Line: --add-opens=java.base/java.util=ALL-UNNAMED --add-opens=java.base/java.lang=ALL-UNNAMED --add-opens=java.base/java.lang.invoke=ALL-UNNAMED --add-opens=java.base/java.util=ALL-UNNAMED --add-opens=java.prefs/java.util.prefs=ALL-UNNAMED --add-opens=java.prefs/java.util.prefs=ALL-UNNAMED --add-opens=java.base/java.nio.charset=ALL-UNNAMED --add-opens=java.base/java.net=ALL-UNNAMED --add-opens=java.base/java.util.concurrent.atomic=ALL-UNNAMED -Xmx2048m -Dfile.encoding=UTF-8 -Duser.country=GR -Duser.language=el -Duser.variant org.gradle.launcher.daemon.bootstrap.GradleDaemon 7.5

Host: AMD Ryzen 3 2200U with Radeon Vega Mobile Gfx  , 4 cores, 3G,  Windows 10 , 64 bit Build 19041 (10.0.19041.3155)
Time: Tue Sep 12 20:31:51 2023  Windows 10 , 64 bit Build 19041 (10.0.19041.3155) elapsed time: 66.137826 seconds (0d 0h 1m 6s)

---------------  T H R E A D  ---------------

Current thread (0x00000207ffa07800):  JavaThread "C2 CompilerThread0" daemon [_thread_in_native, id=8596, stack(0x000000b42b900000,0x000000b42ba00000)]


Current CompileTask:
C2:  66145 7441 %     4       org.gradle.internal.instantiation.generator.AbstractClassGenerator::inspectType @ 107 (560 bytes)

Stack: [0x000000b42b900000,0x000000b42ba00000]
Native frames: (J=compiled Java code, j=interpreted, Vv=VM code, C=native code)
V  [jvm.dll+0x64135a]
V  [jvm.dll+0x7d39f9]
V  [jvm.dll+0x7d51b9]
V  [jvm.dll+0x7d58a3]
V  [jvm.dll+0x2691c5]
V  [jvm.dll+0xc1a5c]
V  [jvm.dll+0xc200c]
V  [jvm.dll+0x377462]
V  [jvm.dll+0x1b3732]
V  [jvm.dll+0x22163e]
V  [jvm.dll+0x220498]
V  [jvm.dll+0x19e851]
V  [jvm.dll+0x230479]
V  [jvm.dll+0x22e5ef]
V  [jvm.dll+0x794de1]
V  [jvm.dll+0x78dc24]
V  [jvm.dll+0x6400f6]
C  [ucrtbase.dll+0x21bb2]
C  [KERNEL32.DLL+0x17614]
C  [ntdll.dll+0x526b1]


---------------  P R O C E S S  ---------------

Threads class SMR info:
_java_thread_list=0x000002079958b890, length=79, elements={
0x00000207f6e33000, 0x00000207ff99f000, 0x00000207ff9a8800, 0x00000207ffa02000,
0x00000207ffa03000, 0x00000207ffa04000, 0x00000207ffa07800, 0x00000207ffb90800,
0x00000207ffa2d800, 0x00000207ffcb7800, 0x0000020794171000, 0x000002079407f000,
0x0000020793ffd800, 0x00000207940be000, 0x00000207945c2000, 0x00000207941d4800,
0x0000020794445000, 0x00000207949e3800, 0x00000207960bd800, 0x000002079427c800,
0x0000020794c66000, 0x0000020794c65800, 0x0000020794c63800, 0x0000020794c68800,
0x0000020794c67000, 0x0000020794c68000, 0x0000020794c63000, 0x0000020794c64800,
0x0000020794c69800, 0x0000020795994800, 0x0000020795991000, 0x0000020795993000,
0x0000020795997800, 0x0000020795999800, 0x0000020795998800, 0x000002079599b000,
0x0000020795995000, 0x000002079599a000, 0x000002079599c000, 0x0000020795996000,
0x000002079599c800, 0x0000020795997000, 0x000002079599d800, 0x000002079599e000,
0x00000207959a0000, 0x000002079599f000, 0x000002079552b000, 0x0000020795528800,
0x000002079552b800, 0x0000020795527000, 0x000002079552a000, 0x0000020795526000,
0x0000020795529800, 0x000002079552c800, 0x000002079552d800, 0x0000020795527800,
0x0000020795531800, 0x000002079552f000, 0x0000020795530000, 0x0000020795533000,
0x000002079552e000, 0x0000020795532800, 0x0000020795534000, 0x0000020795534800,
0x0000020795530800, 0x0000020795efe000, 0x0000020795f00800, 0x0000020795f02000,
0x0000020795f03000, 0x0000020795eff000, 0x0000020795f01800, 0x0000020795efd800,
0x0000020795f04000, 0x0000020795f04800, 0x0000020795eff800, 0x0000020795f08000,
0x0000020795f06800, 0x0000020795f05800, 0x0000020795f07000
}

Java Threads: ( => current thread )
  0x00000207f6e33000 JavaThread "main" [_thread_blocked, id=9012, stack(0x000000b42ad00000,0x000000b42ae00000)]
  0x00000207ff99f000 JavaThread "Reference Handler" daemon [_thread_blocked, id=10432, stack(0x000000b42b400000,0x000000b42b500000)]
  0x00000207ff9a8800 JavaThread "Finalizer" daemon [_thread_blocked, id=14268, stack(0x000000b42b500000,0x000000b42b600000)]
  0x00000207ffa02000 JavaThread "Signal Dispatcher" daemon [_thread_blocked, id=13988, stack(0x000000b42b600000,0x000000b42b700000)]
  0x00000207ffa03000 JavaThread "Attach Listener" daemon [_thread_blocked, id=6452, stack(0x000000b42b700000,0x000000b42b800000)]
  0x00000207ffa04000 JavaThread "Service Thread" daemon [_thread_blocked, id=2788, stack(0x000000b42b800000,0x000000b42b900000)]
=>0x00000207ffa07800 JavaThread "C2 CompilerThread0" daemon [_thread_in_native, id=8596, stack(0x000000b42b900000,0x000000b42ba00000)]
  0x00000207ffb90800 JavaThread "C1 CompilerThread0" daemon [_thread_blocked, id=868, stack(0x000000b42ba00000,0x000000b42bb00000)]
  0x00000207ffa2d800 JavaThread "Sweeper thread" daemon [_thread_blocked, id=7336, stack(0x000000b42bb00000,0x000000b42bc00000)]
  0x00000207ffcb7800 JavaThread "Common-Cleaner" daemon [_thread_blocked, id=12372, stack(0x000000b42bc00000,0x000000b42bd00000)]
  0x0000020794171000 JavaThread "Daemon health stats" [_thread_blocked, id=6584, stack(0x000000b42bf00000,0x000000b42c000000)]
  0x000002079407f000 JavaThread "Incoming local TCP Connector on port 50648" [_thread_in_native, id=13328, stack(0x000000b42c000000,0x000000b42c100000)]
  0x0000020793ffd800 JavaThread "Daemon periodic checks" [_thread_blocked, id=11056, stack(0x000000b42c100000,0x000000b42c200000)]
  0x00000207940be000 JavaThread "Daemon" [_thread_blocked, id=5552, stack(0x000000b42c200000,0x000000b42c300000)]
  0x00000207945c2000 JavaThread "Handler for socket connection from /127.0.0.1:50648 to /127.0.0.1:50649" [_thread_in_native, id=5128, stack(0x000000b42c300000,0x000000b42c400000)]
  0x00000207941d4800 JavaThread "Cancel handler" [_thread_blocked, id=3964, stack(0x000000b42c400000,0x000000b42c500000)]
  0x0000020794445000 JavaThread "Daemon worker" [_thread_in_Java, id=11764, stack(0x000000b42c500000,0x000000b42c600000)]
  0x00000207949e3800 JavaThread "Asynchronous log dispatcher for DefaultDaemonConnection: socket connection from /127.0.0.1:50648 to /127.0.0.1:50649" [_thread_blocked, id=776, stack(0x000000b42c600000,0x000000b42c700000)]
  0x00000207960bd800 JavaThread "Stdin handler" [_thread_blocked, id=13904, stack(0x000000b42c700000,0x000000b42c800000)]
  0x000002079427c800 JavaThread "Daemon client event forwarder" [_thread_blocked, id=4252, stack(0x000000b42c800000,0x000000b42c900000)]
  0x0000020794c66000 JavaThread "Cache worker for journal cache (C:\Users\nidis\.gradle\caches\journal-1)" [_thread_blocked, id=11736, stack(0x000000b42cb00000,0x000000b42cc00000)]
  0x0000020794c65800 JavaThread "File lock request listener" [_thread_in_native, id=10388, stack(0x000000b42cc00000,0x000000b42cd00000)]
  0x0000020794c63800 JavaThread "Cache worker for file hash cache (C:\Users\nidis\.gradle\caches\7.5\fileHashes)" [_thread_blocked, id=12700, stack(0x000000b42cd00000,0x000000b42ce00000)]
  0x0000020794c68800 JavaThread "File watcher server" daemon [_thread_in_native, id=5792, stack(0x000000b42ce00000,0x000000b42cf00000)]
  0x0000020794c67000 JavaThread "File watcher consumer" daemon [_thread_blocked, id=4300, stack(0x000000b42cf00000,0x000000b42d000000)]
  0x0000020794c68000 JavaThread "Cache worker for checksums cache (C:\Users\nidis\AndroidStudioProjects\Dice\.gradle\7.5\checksums)" [_thread_blocked, id=11844, stack(0x000000b42d000000,0x000000b42d100000)]
  0x0000020794c63000 JavaThread "Cache worker for cache directory md-rule (C:\Users\nidis\.gradle\caches\7.5\md-rule)" [_thread_blocked, id=11344, stack(0x000000b42d100000,0x000000b42d200000)]
  0x0000020794c64800 JavaThread "Cache worker for file content cache (C:\Users\nidis\.gradle\caches\7.5\fileContent)" [_thread_blocked, id=11724, stack(0x000000b42d200000,0x000000b42d300000)]
  0x0000020794c69800 JavaThread "Cache worker for file hash cache (C:\Users\nidis\AndroidStudioProjects\Dice\.gradle\7.5\fileHashes)" [_thread_blocked, id=4172, stack(0x000000b42d300000,0x000000b42d400000)]
  0x0000020795994800 JavaThread "Cache worker for cache directory md-supplier (C:\Users\nidis\.gradle\caches\7.5\md-supplier)" [_thread_blocked, id=6764, stack(0x000000b42d400000,0x000000b42d500000)]
  0x0000020795991000 JavaThread "Cache worker for execution history cache (C:\Users\nidis\.gradle\caches\7.5\executionHistory)" [_thread_blocked, id=10664, stack(0x000000b42d500000,0x000000b42d600000)]
  0x0000020795993000 JavaThread "jar transforms" [_thread_blocked, id=13320, stack(0x000000b42d600000,0x000000b42d700000)]
  0x0000020795997800 JavaThread "jar transforms Thread 2" [_thread_blocked, id=2744, stack(0x000000b42d700000,0x000000b42d800000)]
  0x0000020795999800 JavaThread "jar transforms Thread 3" [_thread_blocked, id=12980, stack(0x000000b42d800000,0x000000b42d900000)]
  0x0000020795998800 JavaThread "jar transforms Thread 4" [_thread_blocked, id=13476, stack(0x000000b42d900000,0x000000b42da00000)]
  0x000002079599b000 JavaThread "Cache worker for dependencies-accessors (C:\Users\nidis\AndroidStudioProjects\Dice\.gradle\7.5\dependencies-accessors)" [_thread_blocked, id=11320, stack(0x000000b42da00000,0x000000b42db00000)]
  0x0000020795995000 JavaThread "Cache worker for Build Output Cleanup Cache (C:\Users\nidis\AndroidStudioProjects\Dice\.gradle\buildOutputCleanup)" [_thread_blocked, id=8396, stack(0x000000b42db00000,0x000000b42dc00000)]
  0x000002079599a000 JavaThread "Unconstrained build operations" [_thread_blocked, id=12744, stack(0x000000b42dd00000,0x000000b42de00000)]
  0x000002079599c000 JavaThread "Unconstrained build operations Thread 2" [_thread_blocked, id=13828, stack(0x000000b42de00000,0x000000b42df00000)]
  0x0000020795996000 JavaThread "Unconstrained build operations Thread 3" [_thread_blocked, id=2272, stack(0x000000b42df00000,0x000000b42e000000)]
  0x000002079599c800 JavaThread "Unconstrained build operations Thread 4" [_thread_blocked, id=10272, stack(0x000000b42e000000,0x000000b42e100000)]
  0x0000020795997000 JavaThread "Unconstrained build operations Thread 5" [_thread_blocked, id=6844, stack(0x000000b42e100000,0x000000b42e200000)]
  0x000002079599d800 JavaThread "Unconstrained build operations Thread 6" [_thread_blocked, id=9164, stack(0x000000b42e200000,0x000000b42e300000)]
  0x000002079599e000 JavaThread "Unconstrained build operations Thread 7" [_thread_blocked, id=13960, stack(0x000000b42e300000,0x000000b42e400000)]
  0x00000207959a0000 JavaThread "Unconstrained build operations Thread 8" [_thread_blocked, id=10812, stack(0x000000b42e400000,0x000000b42e500000)]
  0x000002079599f000 JavaThread "Unconstrained build operations Thread 9" [_thread_blocked, id=2620, stack(0x000000b42e500000,0x000000b42e600000)]
  0x000002079552b000 JavaThread "Unconstrained build operations Thread 10" [_thread_blocked, id=13400, stack(0x000000b42e600000,0x000000b42e700000)]
  0x0000020795528800 JavaThread "Unconstrained build operations Thread 11" [_thread_blocked, id=5048, stack(0x000000b42e700000,0x000000b42e800000)]
  0x000002079552b800 JavaThread "Unconstrained build operations Thread 12" [_thread_blocked, id=10876, stack(0x000000b42e800000,0x000000b42e900000)]
  0x0000020795527000 JavaThread "Unconstrained build operations Thread 13" [_thread_blocked, id=12948, stack(0x000000b42e900000,0x000000b42ea00000)]
  0x000002079552a000 JavaThread "Unconstrained build operations Thread 14" [_thread_blocked, id=12952, stack(0x000000b42ea00000,0x000000b42eb00000)]
  0x0000020795526000 JavaThread "Unconstrained build operations Thread 15" [_thread_blocked, id=13760, stack(0x000000b42eb00000,0x000000b42ec00000)]
  0x0000020795529800 JavaThread "Unconstrained build operations Thread 16" [_thread_blocked, id=10168, stack(0x000000b42ec00000,0x000000b42ed00000)]
  0x000002079552c800 JavaThread "Unconstrained build operations Thread 17" [_thread_blocked, id=5460, stack(0x000000b42ed00000,0x000000b42ee00000)]
  0x000002079552d800 JavaThread "Unconstrained build operations Thread 18" [_thread_blocked, id=13228, stack(0x000000b42ee00000,0x000000b42ef00000)]
  0x0000020795527800 JavaThread "Unconstrained build operations Thread 19" [_thread_blocked, id=13876, stack(0x000000b42ef00000,0x000000b42f000000)]
  0x0000020795531800 JavaThread "Unconstrained build operations Thread 20" [_thread_blocked, id=11640, stack(0x000000b42f000000,0x000000b42f100000)]
  0x000002079552f000 JavaThread "Unconstrained build operations Thread 21" [_thread_blocked, id=8324, stack(0x000000b42f100000,0x000000b42f200000)]
  0x0000020795530000 JavaThread "Unconstrained build operations Thread 22" [_thread_blocked, id=10900, stack(0x000000b42f200000,0x000000b42f300000)]
  0x0000020795533000 JavaThread "Unconstrained build operations Thread 23" [_thread_blocked, id=13752, stack(0x000000b42f300000,0x000000b42f400000)]
  0x000002079552e000 JavaThread "Unconstrained build operations Thread 24" [_thread_blocked, id=8276, stack(0x000000b42f400000,0x000000b42f500000)]
  0x0000020795532800 JavaThread "Unconstrained build operations Thread 25" [_thread_blocked, id=2844, stack(0x000000b42f500000,0x000000b42f600000)]
  0x0000020795534000 JavaThread "Unconstrained build operations Thread 26" [_thread_blocked, id=5996, stack(0x000000b42f600000,0x000000b42f700000)]
  0x0000020795534800 JavaThread "Unconstrained build operations Thread 27" [_thread_blocked, id=2304, stack(0x000000b42f700000,0x000000b42f800000)]
  0x0000020795530800 JavaThread "Unconstrained build operations Thread 28" [_thread_blocked, id=12864, stack(0x000000b42f800000,0x000000b42f900000)]
  0x0000020795efe000 JavaThread "Unconstrained build operations Thread 29" [_thread_blocked, id=13768, stack(0x000000b42f900000,0x000000b42fa00000)]
  0x0000020795f00800 JavaThread "Unconstrained build operations Thread 30" [_thread_blocked, id=3500, stack(0x000000b42fa00000,0x000000b42fb00000)]
  0x0000020795f02000 JavaThread "Unconstrained build operations Thread 31" [_thread_blocked, id=5308, stack(0x000000b42fb00000,0x000000b42fc00000)]
  0x0000020795f03000 JavaThread "Unconstrained build operations Thread 32" [_thread_blocked, id=11536, stack(0x000000b42fc00000,0x000000b42fd00000)]
  0x0000020795eff000 JavaThread "Unconstrained build operations Thread 33" [_thread_blocked, id=2612, stack(0x000000b42fd00000,0x000000b42fe00000)]
  0x0000020795f01800 JavaThread "Unconstrained build operations Thread 34" [_thread_blocked, id=2232, stack(0x000000b42fe00000,0x000000b42ff00000)]
  0x0000020795efd800 JavaThread "Unconstrained build operations Thread 35" [_thread_blocked, id=2732, stack(0x000000b42ff00000,0x000000b430000000)]
  0x0000020795f04000 JavaThread "Unconstrained build operations Thread 36" [_thread_blocked, id=5004, stack(0x000000b430000000,0x000000b430100000)]
  0x0000020795f04800 JavaThread "Unconstrained build operations Thread 37" [_thread_blocked, id=6604, stack(0x000000b430100000,0x000000b430200000)]
  0x0000020795eff800 JavaThread "Unconstrained build operations Thread 38" [_thread_blocked, id=13012, stack(0x000000b430200000,0x000000b430300000)]
  0x0000020795f08000 JavaThread "Unconstrained build operations Thread 39" [_thread_blocked, id=6920, stack(0x000000b430300000,0x000000b430400000)]
  0x0000020795f06800 JavaThread "Unconstrained build operations Thread 40" [_thread_blocked, id=3268, stack(0x000000b430400000,0x000000b430500000)]
  0x0000020795f05800 JavaThread "build event listener" [_thread_blocked, id=11108, stack(0x000000b430500000,0x000000b430600000)]
  0x0000020795f07000 JavaThread "Memory manager" [_thread_blocked, id=6876, stack(0x000000b430600000,0x000000b430700000)]

Other Threads:
  0x00000207ff99d800 VMThread "VM Thread" [stack: 0x000000b42b300000,0x000000b42b400000] [id=2524]
  0x00000207ffce0000 WatcherThread [stack: 0x000000b42bd00000,0x000000b42be00000] [id=7932]
  0x00000207f6e4d800 GCTaskThread "GC Thread#0" [stack: 0x000000b42ae00000,0x000000b42af00000] [id=13576]
  0x0000020793db6800 GCTaskThread "GC Thread#1" [stack: 0x000000b42be00000,0x000000b42bf00000] [id=13536]
  0x0000020794622800 GCTaskThread "GC Thread#2" [stack: 0x000000b42c900000,0x000000b42ca00000] [id=11620]
  0x0000020793a31800 GCTaskThread "GC Thread#3" [stack: 0x000000b42ca00000,0x000000b42cb00000] [id=9500]
  0x00000207f6e7e800 ConcurrentGCThread "G1 Main Marker" [stack: 0x000000b42af00000,0x000000b42b000000] [id=8188]
  0x00000207f6e80000 ConcurrentGCThread "G1 Conc#0" [stack: 0x000000b42b000000,0x000000b42b100000] [id=3012]
  0x00000207f6ec6800 ConcurrentGCThread "G1 Refine#0" [stack: 0x000000b42b100000,0x000000b42b200000] [id=5748]
  0x00000207f6ec7800 ConcurrentGCThread "G1 Young RemSet Sampling" [stack: 0x000000b42b200000,0x000000b42b300000] [id=5008]

Threads with active compile tasks:
C2 CompilerThread0    67798 7441 %     4       org.gradle.internal.instantiation.generator.AbstractClassGenerator::inspectType @ 107 (560 bytes)

VM state:not at safepoint (normal execution)

VM Mutex/Monitor currently owned by a thread: None

Heap address: 0x0000000080000000, size: 2048 MB, Compressed Oops mode: 32-bit
Narrow klass base: 0x0000000000000000, Narrow klass shift: 3
Compressed class space size: 1073741824 Address: 0x0000000100000000

Heap:
 garbage-first heap   total 215040K, used 68217K [0x0000000080000000, 0x0000000100000000)
  region size 1024K, 9 young (9216K), 2 survivors (2048K)
 Metaspace       used 73033K, capacity 74696K, committed 74832K, reserved 1114112K
  class space    used 9244K, capacity 9911K, committed 9932K, reserved 1048576K
Heap Regions: E=young(eden), S=young(survivor), O=old, HS=humongous(starts), HC=humongous(continues), CS=collection set, F=free, A=archive, TAMS=top-at-mark-start (previous, next)
|   0|0x0000000080000000, 0x0000000080100000, 0x0000000080100000|100%|HS|  |TAMS 0x0000000080100000, 0x0000000080000000| Complete 
|   1|0x0000000080100000, 0x0000000080200000, 0x0000000080200000|100%|HC|  |TAMS 0x0000000080200000, 0x0000000080100000| Complete 
|   2|0x0000000080200000, 0x0000000080300000, 0x0000000080300000|100%|HC|  |TAMS 0x0000000080300000, 0x0000000080200000| Complete 
|   3|0x0000000080300000, 0x0000000080400000, 0x0000000080400000|100%| O|  |TAMS 0x0000000080400000, 0x0000000080300000| Untracked 
|   4|0x0000000080400000, 0x0000000080500000, 0x0000000080500000|100%| O|  |TAMS 0x0000000080500000, 0x0000000080400000| Untracked 
|   5|0x0000000080500000, 0x0000000080600000, 0x0000000080600000|100%| O|  |TAMS 0x0000000080600000, 0x0000000080500000| Untracked 
|   6|0x0000000080600000, 0x0000000080700000, 0x0000000080700000|100%| O|  |TAMS 0x0000000080700000, 0x0000000080600000| Untracked 
|   7|0x0000000080700000, 0x0000000080800000, 0x0000000080800000|100%| O|  |TAMS 0x0000000080800000, 0x0000000080700000| Untracked 
|   8|0x0000000080800000, 0x0000000080900000, 0x0000000080900000|100%| O|  |TAMS 0x0000000080900000, 0x0000000080800000| Untracked 
|   9|0x0000000080900000, 0x0000000080a00000, 0x0000000080a00000|100%| O|  |TAMS 0x0000000080a00000, 0x0000000080900000| Untracked 
|  10|0x0000000080a00000, 0x0000000080b00000, 0x0000000080b00000|100%| O|  |TAMS 0x0000000080b00000, 0x0000000080a00000| Untracked 
|  11|0x0000000080b00000, 0x0000000080c00000, 0x0000000080c00000|100%| O|  |TAMS 0x0000000080c00000, 0x0000000080b00000| Untracked 
|  12|0x0000000080c00000, 0x0000000080d00000, 0x0000000080d00000|100%| O|  |TAMS 0x0000000080d00000, 0x0000000080c00000| Untracked 
|  13|0x0000000080d00000, 0x0000000080e00000, 0x0000000080e00000|100%| O|  |TAMS 0x0000000080e00000, 0x0000000080d00000| Untracked 
|  14|0x0000000080e00000, 0x0000000080f00000, 0x0000000080f00000|100%| O|  |TAMS 0x0000000080f00000, 0x0000000080e00000| Untracked 
|  15|0x0000000080f00000, 0x0000000081000000, 0x0000000081000000|100%| O|  |TAMS 0x0000000081000000, 0x0000000080f00000| Untracked 
|  16|0x0000000081000000, 0x0000000081100000, 0x0000000081100000|100%| O|  |TAMS 0x0000000081100000, 0x0000000081000000| Untracked 
|  17|0x0000000081100000, 0x0000000081200000, 0x0000000081200000|100%| O|  |TAMS 0x0000000081200000, 0x0000000081100000| Untracked 
|  18|0x0000000081200000, 0x0000000081300000, 0x0000000081300000|100%| O|  |TAMS 0x0000000081300000, 0x0000000081200000| Untracked 
|  19|0x0000000081300000, 0x0000000081400000, 0x0000000081400000|100%| O|  |TAMS 0x0000000081400000, 0x0000000081300000| Untracked 
|  20|0x0000000081400000, 0x0000000081500000, 0x0000000081500000|100%| O|  |TAMS 0x0000000081500000, 0x0000000081400000| Untracked 
|  21|0x0000000081500000, 0x0000000081600000, 0x0000000081600000|100%| O|  |TAMS 0x0000000081600000, 0x0000000081500000| Untracked 
|  22|0x0000000081600000, 0x0000000081700000, 0x0000000081700000|100%| O|  |TAMS 0x0000000081700000, 0x0000000081600000| Untracked 
|  23|0x0000000081700000, 0x0000000081800000, 0x0000000081800000|100%| O|  |TAMS 0x0000000081800000, 0x0000000081700000| Untracked 
|  24|0x0000000081800000, 0x0000000081900000, 0x0000000081900000|100%| O|  |TAMS 0x0000000081900000, 0x0000000081800000| Untracked 
|  25|0x0000000081900000, 0x0000000081a00000, 0x0000000081a00000|100%| O|  |TAMS 0x0000000081a00000, 0x0000000081900000| Untracked 
|  26|0x0000000081a00000, 0x0000000081b00000, 0x0000000081b00000|100%| O|  |TAMS 0x0000000081b00000, 0x0000000081a00000| Untracked 
|  27|0x0000000081b00000, 0x0000000081c00000, 0x0000000081c00000|100%| O|  |TAMS 0x0000000081c00000, 0x0000000081b00000| Untracked 
|  28|0x0000000081c00000, 0x0000000081d00000, 0x0000000081d00000|100%| O|  |TAMS 0x0000000081d00000, 0x0000000081c00000| Untracked 
|  29|0x0000000081d00000, 0x0000000081e00000, 0x0000000081e00000|100%| O|  |TAMS 0x0000000081e00000, 0x0000000081d00000| Untracked 
|  30|0x0000000081e00000, 0x0000000081f00000, 0x0000000081f00000|100%| O|  |TAMS 0x0000000081f00000, 0x0000000081e00000| Untracked 
|  31|0x0000000081f00000, 0x0000000082000000, 0x0000000082000000|100%| O|  |TAMS 0x0000000082000000, 0x0000000081f00000| Untracked 
|  32|0x0000000082000000, 0x0000000082100000, 0x0000000082100000|100%| O|  |TAMS 0x0000000082100000, 0x0000000082000000| Untracked 
|  33|0x0000000082100000, 0x0000000082200000, 0x0000000082200000|100%| O|  |TAMS 0x0000000082200000, 0x0000000082100000| Untracked 
|  34|0x0000000082200000, 0x0000000082300000, 0x0000000082300000|100%| O|  |TAMS 0x0000000082300000, 0x0000000082200000| Untracked 
|  35|0x0000000082300000, 0x0000000082400000, 0x0000000082400000|100%|HS|  |TAMS 0x0000000082400000, 0x0000000082300000| Complete 
|  36|0x0000000082400000, 0x0000000082500000, 0x0000000082500000|100%|HS|  |TAMS 0x0000000082500000, 0x0000000082400000| Complete 
|  37|0x0000000082500000, 0x0000000082600000, 0x0000000082600000|100%|HC|  |TAMS 0x0000000082600000, 0x0000000082500000| Complete 
|  38|0x0000000082600000, 0x0000000082700000, 0x0000000082700000|100%| O|  |TAMS 0x0000000082700000, 0x0000000082600000| Untracked 
|  39|0x0000000082700000, 0x0000000082800000, 0x0000000082800000|100%|HS|  |TAMS 0x0000000082800000, 0x0000000082700000| Complete 
|  40|0x0000000082800000, 0x0000000082900000, 0x0000000082900000|100%| O|  |TAMS 0x0000000082900000, 0x0000000082800000| Untracked 
|  41|0x0000000082900000, 0x0000000082a00000, 0x0000000082a00000|100%| O|  |TAMS 0x0000000082a00000, 0x0000000082900000| Untracked 
|  42|0x0000000082a00000, 0x0000000082b00000, 0x0000000082b00000|100%|HS|  |TAMS 0x0000000082b00000, 0x0000000082a00000| Complete 
|  43|0x0000000082b00000, 0x0000000082c00000, 0x0000000082c00000|100%|HC|  |TAMS 0x0000000082c00000, 0x0000000082b00000| Complete 
|  44|0x0000000082c00000, 0x0000000082d00000, 0x0000000082d00000|100%|HC|  |TAMS 0x0000000082d00000, 0x0000000082c00000| Complete 
|  45|0x0000000082d00000, 0x0000000082e00000, 0x0000000082e00000|100%|HC|  |TAMS 0x0000000082e00000, 0x0000000082d00000| Complete 
|  46|0x0000000082e00000, 0x0000000082f00000, 0x0000000082f00000|100%| O|  |TAMS 0x0000000082f00000, 0x0000000082e00000| Untracked 
|  47|0x0000000082f00000, 0x0000000083000000, 0x0000000083000000|100%| O|  |TAMS 0x0000000083000000, 0x0000000082f00000| Untracked 
|  48|0x0000000083000000, 0x0000000083100000, 0x0000000083100000|100%| O|  |TAMS 0x0000000083100000, 0x0000000083000000| Untracked 
|  49|0x0000000083100000, 0x0000000083200000, 0x0000000083200000|100%| O|  |TAMS 0x0000000083200000, 0x0000000083100000| Untracked 
|  50|0x0000000083200000, 0x0000000083300000, 0x0000000083300000|100%| O|  |TAMS 0x0000000083300000, 0x0000000083200000| Untracked 
|  51|0x0000000083300000, 0x0000000083400000, 0x0000000083400000|100%| O|  |TAMS 0x0000000083400000, 0x0000000083300000| Untracked 
|  52|0x0000000083400000, 0x0000000083500000, 0x0000000083500000|100%| O|  |TAMS 0x0000000083500000, 0x0000000083400000| Untracked 
|  53|0x0000000083500000, 0x0000000083600000, 0x0000000083600000|100%| O|  |TAMS 0x0000000083600000, 0x0000000083500000| Untracked 
|  54|0x0000000083600000, 0x0000000083700000, 0x0000000083700000|100%| O|  |TAMS 0x000000008366ba00, 0x0000000083600000| Untracked 
|  55|0x0000000083700000, 0x0000000083741600, 0x0000000083800000| 25%| O|  |TAMS 0x0000000083700000, 0x0000000083700000| Untracked 
|  56|0x0000000083800000, 0x0000000083800000, 0x0000000083900000|  0%| F|  |TAMS 0x0000000083800000, 0x0000000083800000| Untracked 
|  57|0x0000000083900000, 0x0000000083900000, 0x0000000083a00000|  0%| F|  |TAMS 0x0000000083900000, 0x0000000083900000| Untracked 
|  58|0x0000000083a00000, 0x0000000083b00000, 0x0000000083b00000|100%| O|  |TAMS 0x0000000083b00000, 0x0000000083a00000| Untracked 
|  59|0x0000000083b00000, 0x0000000083c00000, 0x0000000083c00000|100%| O|  |TAMS 0x0000000083c00000, 0x0000000083b00000| Untracked 
|  60|0x0000000083c00000, 0x0000000083d00000, 0x0000000083d00000|100%| O|  |TAMS 0x0000000083d00000, 0x0000000083c00000| Untracked 
|  61|0x0000000083d00000, 0x0000000083e00000, 0x0000000083e00000|100%| O|  |TAMS 0x0000000083e00000, 0x0000000083d00000| Untracked 
|  62|0x0000000083e00000, 0x0000000083e00000, 0x0000000083f00000|  0%| F|  |TAMS 0x0000000083e00000, 0x0000000083e00000| Untracked 
|  63|0x0000000083f00000, 0x0000000083f00000, 0x0000000084000000|  0%| F|  |TAMS 0x0000000083f00000, 0x0000000083f00000| Untracked 
|  64|0x0000000084000000, 0x0000000084000000, 0x0000000084100000|  0%| F|  |TAMS 0x0000000084000000, 0x0000000084000000| Untracked 
|  65|0x0000000084100000, 0x0000000084100000, 0x0000000084200000|  0%| F|  |TAMS 0x0000000084100000, 0x0000000084100000| Untracked 
|  66|0x0000000084200000, 0x0000000084200000, 0x0000000084300000|  0%| F|  |TAMS 0x0000000084200000, 0x0000000084200000| Untracked 
|  67|0x0000000084300000, 0x0000000084300000, 0x0000000084400000|  0%| F|  |TAMS 0x0000000084300000, 0x0000000084300000| Untracked 
|  68|0x0000000084400000, 0x0000000084400000, 0x0000000084500000|  0%| F|  |TAMS 0x0000000084400000, 0x0000000084400000| Untracked 
|  69|0x0000000084500000, 0x0000000084500000, 0x0000000084600000|  0%| F|  |TAMS 0x0000000084500000, 0x0000000084500000| Untracked 
|  70|0x0000000084600000, 0x0000000084600000, 0x0000000084700000|  0%| F|  |TAMS 0x0000000084600000, 0x0000000084600000| Untracked 
|  71|0x0000000084700000, 0x0000000084700000, 0x0000000084800000|  0%| F|  |TAMS 0x0000000084700000, 0x0000000084700000| Untracked 
|  72|0x0000000084800000, 0x0000000084800000, 0x0000000084900000|  0%| F|  |TAMS 0x0000000084800000, 0x0000000084800000| Untracked 
|  73|0x0000000084900000, 0x0000000084900000, 0x0000000084a00000|  0%| F|  |TAMS 0x0000000084900000, 0x0000000084900000| Untracked 
|  74|0x0000000084a00000, 0x0000000084a00000, 0x0000000084b00000|  0%| F|  |TAMS 0x0000000084a00000, 0x0000000084a00000| Untracked 
|  75|0x0000000084b00000, 0x0000000084b00000, 0x0000000084c00000|  0%| F|  |TAMS 0x0000000084b00000, 0x0000000084b00000| Untracked 
|  76|0x0000000084c00000, 0x0000000084c00000, 0x0000000084d00000|  0%| F|  |TAMS 0x0000000084c00000, 0x0000000084c00000| Untracked 
|  77|0x0000000084d00000, 0x0000000084d00000, 0x0000000084e00000|  0%| F|  |TAMS 0x0000000084d00000, 0x0000000084d00000| Untracked 
|  78|0x0000000084e00000, 0x0000000084e00000, 0x0000000084f00000|  0%| F|  |TAMS 0x0000000084e00000, 0x0000000084e00000| Untracked 
|  79|0x0000000084f00000, 0x0000000084f00000, 0x0000000085000000|  0%| F|  |TAMS 0x0000000084f00000, 0x0000000084f00000| Untracked 
|  80|0x0000000085000000, 0x0000000085000000, 0x0000000085100000|  0%| F|  |TAMS 0x0000000085000000, 0x0000000085000000| Untracked 
|  81|0x0000000085100000, 0x0000000085100000, 0x0000000085200000|  0%| F|  |TAMS 0x0000000085100000, 0x0000000085100000| Untracked 
|  82|0x0000000085200000, 0x0000000085200000, 0x0000000085300000|  0%| F|  |TAMS 0x0000000085200000, 0x0000000085200000| Untracked 
|  83|0x0000000085300000, 0x0000000085300000, 0x0000000085400000|  0%| F|  |TAMS 0x0000000085300000, 0x0000000085300000| Untracked 
|  84|0x0000000085400000, 0x0000000085400000, 0x0000000085500000|  0%| F|  |TAMS 0x0000000085400000, 0x0000000085400000| Untracked 
|  85|0x0000000085500000, 0x0000000085500000, 0x0000000085600000|  0%| F|  |TAMS 0x0000000085500000, 0x0000000085500000| Untracked 
|  86|0x0000000085600000, 0x0000000085600000, 0x0000000085700000|  0%| F|  |TAMS 0x0000000085600000, 0x0000000085600000| Untracked 
|  87|0x0000000085700000, 0x0000000085700000, 0x0000000085800000|  0%| F|  |TAMS 0x0000000085700000, 0x0000000085700000| Untracked 
|  88|0x0000000085800000, 0x0000000085800000, 0x0000000085900000|  0%| F|  |TAMS 0x0000000085800000, 0x0000000085800000| Untracked 
|  89|0x0000000085900000, 0x0000000085900000, 0x0000000085a00000|  0%| F|  |TAMS 0x0000000085900000, 0x0000000085900000| Untracked 
|  90|0x0000000085a00000, 0x0000000085a00000, 0x0000000085b00000|  0%| F|  |TAMS 0x0000000085a00000, 0x0000000085a00000| Untracked 
|  91|0x0000000085b00000, 0x0000000085b00000, 0x0000000085c00000|  0%| F|  |TAMS 0x0000000085b00000, 0x0000000085b00000| Untracked 
|  92|0x0000000085c00000, 0x0000000085c00000, 0x0000000085d00000|  0%| F|  |TAMS 0x0000000085c00000, 0x0000000085c00000| Untracked 
|  93|0x0000000085d00000, 0x0000000085d00000, 0x0000000085e00000|  0%| F|  |TAMS 0x0000000085d00000, 0x0000000085d00000| Untracked 
|  94|0x0000000085e00000, 0x0000000085e00000, 0x0000000085f00000|  0%| F|  |TAMS 0x0000000085e00000, 0x0000000085e00000| Untracked 
|  95|0x0000000085f00000, 0x0000000085f00000, 0x0000000086000000|  0%| F|  |TAMS 0x0000000085f00000, 0x0000000085f00000| Untracked 
|  96|0x0000000086000000, 0x0000000086000000, 0x0000000086100000|  0%| F|  |TAMS 0x0000000086000000, 0x0000000086000000| Untracked 
|  97|0x0000000086100000, 0x0000000086100000, 0x0000000086200000|  0%| F|  |TAMS 0x0000000086100000, 0x0000000086100000| Untracked 
|  98|0x0000000086200000, 0x0000000086200000, 0x0000000086300000|  0%| F|  |TAMS 0x0000000086200000, 0x0000000086200000| Untracked 
|  99|0x0000000086300000, 0x0000000086300000, 0x0000000086400000|  0%| F|  |TAMS 0x0000000086300000, 0x0000000086300000| Untracked 
| 100|0x0000000086400000, 0x0000000086400000, 0x0000000086500000|  0%| F|  |TAMS 0x0000000086400000, 0x0000000086400000| Untracked 
| 101|0x0000000086500000, 0x0000000086500000, 0x0000000086600000|  0%| F|  |TAMS 0x0000000086500000, 0x0000000086500000| Untracked 
| 102|0x0000000086600000, 0x0000000086600000, 0x0000000086700000|  0%| F|  |TAMS 0x0000000086600000, 0x0000000086600000| Untracked 
| 103|0x0000000086700000, 0x0000000086700000, 0x0000000086800000|  0%| F|  |TAMS 0x0000000086700000, 0x0000000086700000| Untracked 
| 104|0x0000000086800000, 0x0000000086800000, 0x0000000086900000|  0%| F|  |TAMS 0x0000000086800000, 0x0000000086800000| Untracked 
| 105|0x0000000086900000, 0x0000000086900000, 0x0000000086a00000|  0%| F|  |TAMS 0x0000000086900000, 0x0000000086900000| Untracked 
| 106|0x0000000086a00000, 0x0000000086a00000, 0x0000000086b00000|  0%| F|  |TAMS 0x0000000086a00000, 0x0000000086a00000| Untracked 
| 107|0x0000000086b00000, 0x0000000086b00000, 0x0000000086c00000|  0%| F|  |TAMS 0x0000000086b00000, 0x0000000086b00000| Untracked 
| 108|0x0000000086c00000, 0x0000000086c00000, 0x0000000086d00000|  0%| F|  |TAMS 0x0000000086c00000, 0x0000000086c00000| Untracked 
| 109|0x0000000086d00000, 0x0000000086d00000, 0x0000000086e00000|  0%| F|  |TAMS 0x0000000086d00000, 0x0000000086d00000| Untracked 
| 110|0x0000000086e00000, 0x0000000086e00000, 0x0000000086f00000|  0%| F|  |TAMS 0x0000000086e00000, 0x0000000086e00000| Untracked 
| 111|0x0000000086f00000, 0x0000000086f00000, 0x0000000087000000|  0%| F|  |TAMS 0x0000000086f00000, 0x0000000086f00000| Untracked 
| 112|0x0000000087000000, 0x0000000087000000, 0x0000000087100000|  0%| F|  |TAMS 0x0000000087000000, 0x0000000087000000| Untracked 
| 113|0x0000000087100000, 0x0000000087100000, 0x0000000087200000|  0%| F|  |TAMS 0x0000000087100000, 0x0000000087100000| Untracked 
| 114|0x0000000087200000, 0x0000000087200000, 0x0000000087300000|  0%| F|  |TAMS 0x0000000087200000, 0x0000000087200000| Untracked 
| 115|0x0000000087300000, 0x0000000087300000, 0x0000000087400000|  0%| F|  |TAMS 0x0000000087300000, 0x0000000087300000| Untracked 
| 116|0x0000000087400000, 0x0000000087400000, 0x0000000087500000|  0%| F|  |TAMS 0x0000000087400000, 0x0000000087400000| Untracked 
| 117|0x0000000087500000, 0x0000000087500000, 0x0000000087600000|  0%| F|  |TAMS 0x0000000087500000, 0x0000000087500000| Untracked 
| 118|0x0000000087600000, 0x0000000087600000, 0x0000000087700000|  0%| F|  |TAMS 0x0000000087600000, 0x0000000087600000| Untracked 
| 119|0x0000000087700000, 0x0000000087700000, 0x0000000087800000|  0%| F|  |TAMS 0x0000000087700000, 0x0000000087700000| Untracked 
| 120|0x0000000087800000, 0x0000000087800000, 0x0000000087900000|  0%| F|  |TAMS 0x0000000087800000, 0x0000000087800000| Untracked 
| 121|0x0000000087900000, 0x0000000087900000, 0x0000000087a00000|  0%| F|  |TAMS 0x0000000087900000, 0x0000000087900000| Untracked 
| 122|0x0000000087a00000, 0x0000000087a00000, 0x0000000087b00000|  0%| F|  |TAMS 0x0000000087a00000, 0x0000000087a00000| Untracked 
| 123|0x0000000087b00000, 0x0000000087b00000, 0x0000000087c00000|  0%| F|  |TAMS 0x0000000087b00000, 0x0000000087b00000| Untracked 
| 124|0x0000000087c00000, 0x0000000087c00000, 0x0000000087d00000|  0%| F|  |TAMS 0x0000000087c00000, 0x0000000087c00000| Untracked 
| 125|0x0000000087d00000, 0x0000000087d00000, 0x0000000087e00000|  0%| F|  |TAMS 0x0000000087d00000, 0x0000000087d00000| Untracked 
| 126|0x0000000087e00000, 0x0000000087e00000, 0x0000000087f00000|  0%| F|  |TAMS 0x0000000087e00000, 0x0000000087e00000| Untracked 
| 127|0x0000000087f00000, 0x0000000087f00000, 0x0000000088000000|  0%| F|  |TAMS 0x0000000087f00000, 0x0000000087f00000| Untracked 
| 128|0x0000000088000000, 0x0000000088000000, 0x0000000088100000|  0%| F|  |TAMS 0x0000000088000000, 0x0000000088000000| Untracked 
| 129|0x0000000088100000, 0x0000000088100000, 0x0000000088200000|  0%| F|  |TAMS 0x0000000088100000, 0x0000000088100000| Untracked 
| 130|0x0000000088200000, 0x0000000088200000, 0x0000000088300000|  0%| F|  |TAMS 0x0000000088200000, 0x0000000088200000| Untracked 
| 131|0x0000000088300000, 0x0000000088300000, 0x0000000088400000|  0%| F|  |TAMS 0x0000000088300000, 0x0000000088300000| Untracked 
| 132|0x0000000088400000, 0x0000000088400000, 0x0000000088500000|  0%| F|  |TAMS 0x0000000088400000, 0x0000000088400000| Untracked 
| 133|0x0000000088500000, 0x0000000088500000, 0x0000000088600000|  0%| F|  |TAMS 0x0000000088500000, 0x0000000088500000| Untracked 
| 134|0x0000000088600000, 0x0000000088600000, 0x0000000088700000|  0%| F|  |TAMS 0x0000000088600000, 0x0000000088600000| Untracked 
| 135|0x0000000088700000, 0x0000000088700000, 0x0000000088800000|  0%| F|  |TAMS 0x0000000088700000, 0x0000000088700000| Untracked 
| 136|0x0000000088800000, 0x0000000088800000, 0x0000000088900000|  0%| F|  |TAMS 0x0000000088800000, 0x0000000088800000| Untracked 
| 137|0x0000000088900000, 0x0000000088900000, 0x0000000088a00000|  0%| F|  |TAMS 0x0000000088900000, 0x0000000088900000| Untracked 
| 138|0x0000000088a00000, 0x0000000088a00000, 0x0000000088b00000|  0%| F|  |TAMS 0x0000000088a00000, 0x0000000088a00000| Untracked 
| 139|0x0000000088b00000, 0x0000000088b00000, 0x0000000088c00000|  0%| F|  |TAMS 0x0000000088b00000, 0x0000000088b00000| Untracked 
| 140|0x0000000088c00000, 0x0000000088c00000, 0x0000000088d00000|  0%| F|  |TAMS 0x0000000088c00000, 0x0000000088c00000| Untracked 
| 141|0x0000000088d00000, 0x0000000088d00000, 0x0000000088e00000|  0%| F|  |TAMS 0x0000000088d00000, 0x0000000088d00000| Untracked 
| 142|0x0000000088e00000, 0x0000000088e00000, 0x0000000088f00000|  0%| F|  |TAMS 0x0000000088e00000, 0x0000000088e00000| Untracked 
| 143|0x0000000088f00000, 0x0000000088f00000, 0x0000000089000000|  0%| F|  |TAMS 0x0000000088f00000, 0x0000000088f00000| Untracked 
| 144|0x0000000089000000, 0x0000000089000000, 0x0000000089100000|  0%| F|  |TAMS 0x0000000089000000, 0x0000000089000000| Untracked 
| 145|0x0000000089100000, 0x0000000089100000, 0x0000000089200000|  0%| F|  |TAMS 0x0000000089100000, 0x0000000089100000| Untracked 
| 146|0x0000000089200000, 0x0000000089200000, 0x0000000089300000|  0%| F|  |TAMS 0x0000000089200000, 0x0000000089200000| Untracked 
| 147|0x0000000089300000, 0x0000000089300000, 0x0000000089400000|  0%| F|  |TAMS 0x0000000089300000, 0x0000000089300000| Untracked 
| 148|0x0000000089400000, 0x0000000089400000, 0x0000000089500000|  0%| F|  |TAMS 0x0000000089400000, 0x0000000089400000| Untracked 
| 149|0x0000000089500000, 0x0000000089500000, 0x0000000089600000|  0%| F|  |TAMS 0x0000000089500000, 0x0000000089500000| Untracked 
| 150|0x0000000089600000, 0x0000000089600000, 0x0000000089700000|  0%| F|  |TAMS 0x0000000089600000, 0x0000000089600000| Untracked 
| 151|0x0000000089700000, 0x0000000089700000, 0x0000000089800000|  0%| F|  |TAMS 0x0000000089700000, 0x0000000089700000| Untracked 
| 152|0x0000000089800000, 0x0000000089800000, 0x0000000089900000|  0%| F|  |TAMS 0x0000000089800000, 0x0000000089800000| Untracked 
| 153|0x0000000089900000, 0x0000000089900000, 0x0000000089a00000|  0%| F|  |TAMS 0x0000000089900000, 0x0000000089900000| Untracked 
| 154|0x0000000089a00000, 0x0000000089a00000, 0x0000000089b00000|  0%| F|  |TAMS 0x0000000089a00000, 0x0000000089a00000| Untracked 
| 155|0x0000000089b00000, 0x0000000089b00000, 0x0000000089c00000|  0%| F|  |TAMS 0x0000000089b00000, 0x0000000089b00000| Untracked 
| 156|0x0000000089c00000, 0x0000000089c00000, 0x0000000089d00000|  0%| F|  |TAMS 0x0000000089c00000, 0x0000000089c00000| Untracked 
| 157|0x0000000089d00000, 0x0000000089d00000, 0x0000000089e00000|  0%| F|  |TAMS 0x0000000089d00000, 0x0000000089d00000| Untracked 
| 158|0x0000000089e00000, 0x0000000089e00000, 0x0000000089f00000|  0%| F|  |TAMS 0x0000000089e00000, 0x0000000089e00000| Untracked 
| 159|0x0000000089f00000, 0x0000000089f00000, 0x000000008a000000|  0%| F|  |TAMS 0x0000000089f00000, 0x0000000089f00000| Untracked 
| 160|0x000000008a000000, 0x000000008a000000, 0x000000008a100000|  0%| F|  |TAMS 0x000000008a000000, 0x000000008a000000| Untracked 
| 161|0x000000008a100000, 0x000000008a100000, 0x000000008a200000|  0%| F|  |TAMS 0x000000008a100000, 0x000000008a100000| Untracked 
| 162|0x000000008a200000, 0x000000008a200000, 0x000000008a300000|  0%| F|  |TAMS 0x000000008a200000, 0x000000008a200000| Untracked 
| 163|0x000000008a300000, 0x000000008a300000, 0x000000008a400000|  0%| F|  |TAMS 0x000000008a300000, 0x000000008a300000| Untracked 
| 164|0x000000008a400000, 0x000000008a400000, 0x000000008a500000|  0%| F|  |TAMS 0x000000008a400000, 0x000000008a400000| Untracked 
| 165|0x000000008a500000, 0x000000008a500000, 0x000000008a600000|  0%| F|  |TAMS 0x000000008a500000, 0x000000008a500000| Untracked 
| 166|0x000000008a600000, 0x000000008a600000, 0x000000008a700000|  0%| F|  |TAMS 0x000000008a600000, 0x000000008a600000| Untracked 
| 167|0x000000008a700000, 0x000000008a700000, 0x000000008a800000|  0%| F|  |TAMS 0x000000008a700000, 0x000000008a700000| Untracked 
| 168|0x000000008a800000, 0x000000008a800000, 0x000000008a900000|  0%| F|  |TAMS 0x000000008a800000, 0x000000008a800000| Untracked 
| 169|0x000000008a900000, 0x000000008a900000, 0x000000008aa00000|  0%| F|  |TAMS 0x000000008a900000, 0x000000008a900000| Untracked 
| 170|0x000000008aa00000, 0x000000008aa00000, 0x000000008ab00000|  0%| F|  |TAMS 0x000000008aa00000, 0x000000008aa00000| Untracked 
| 171|0x000000008ab00000, 0x000000008ab00000, 0x000000008ac00000|  0%| F|  |TAMS 0x000000008ab00000, 0x000000008ab00000| Untracked 
| 172|0x000000008ac00000, 0x000000008ac00000, 0x000000008ad00000|  0%| F|  |TAMS 0x000000008ac00000, 0x000000008ac00000| Untracked 
| 173|0x000000008ad00000, 0x000000008ad00000, 0x000000008ae00000|  0%| F|  |TAMS 0x000000008ad00000, 0x000000008ad00000| Untracked 
| 174|0x000000008ae00000, 0x000000008ae00000, 0x000000008af00000|  0%| F|  |TAMS 0x000000008ae00000, 0x000000008ae00000| Untracked 
| 175|0x000000008af00000, 0x000000008af00000, 0x000000008b000000|  0%| F|  |TAMS 0x000000008af00000, 0x000000008af00000| Untracked 
| 176|0x000000008b000000, 0x000000008b000000, 0x000000008b100000|  0%| F|  |TAMS 0x000000008b000000, 0x000000008b000000| Untracked 
| 177|0x000000008b100000, 0x000000008b100000, 0x000000008b200000|  0%| F|  |TAMS 0x000000008b100000, 0x000000008b100000| Untracked 
| 178|0x000000008b200000, 0x000000008b200000, 0x000000008b300000|  0%| F|  |TAMS 0x000000008b200000, 0x000000008b200000| Untracked 
| 179|0x000000008b300000, 0x000000008b300000, 0x000000008b400000|  0%| F|  |TAMS 0x000000008b300000, 0x000000008b300000| Untracked 
| 180|0x000000008b400000, 0x000000008b400000, 0x000000008b500000|  0%| F|  |TAMS 0x000000008b400000, 0x000000008b400000| Untracked 
| 181|0x000000008b500000, 0x000000008b500000, 0x000000008b600000|  0%| F|  |TAMS 0x000000008b500000, 0x000000008b500000| Untracked 
| 182|0x000000008b600000, 0x000000008b600000, 0x000000008b700000|  0%| F|  |TAMS 0x000000008b600000, 0x000000008b600000| Untracked 
| 183|0x000000008b700000, 0x000000008b700000, 0x000000008b800000|  0%| F|  |TAMS 0x000000008b700000, 0x000000008b700000| Untracked 
| 184|0x000000008b800000, 0x000000008b800000, 0x000000008b900000|  0%| F|  |TAMS 0x000000008b800000, 0x000000008b800000| Untracked 
| 185|0x000000008b900000, 0x000000008b900000, 0x000000008ba00000|  0%| F|  |TAMS 0x000000008b900000, 0x000000008b900000| Untracked 
| 186|0x000000008ba00000, 0x000000008ba00000, 0x000000008bb00000|  0%| F|  |TAMS 0x000000008ba00000, 0x000000008ba00000| Untracked 
| 187|0x000000008bb00000, 0x000000008bb00000, 0x000000008bc00000|  0%| F|  |TAMS 0x000000008bb00000, 0x000000008bb00000| Untracked 
| 188|0x000000008bc00000, 0x000000008bc00000, 0x000000008bd00000|  0%| F|  |TAMS 0x000000008bc00000, 0x000000008bc00000| Untracked 
| 189|0x000000008bd00000, 0x000000008bd00000, 0x000000008be00000|  0%| F|  |TAMS 0x000000008bd00000, 0x000000008bd00000| Untracked 
| 190|0x000000008be00000, 0x000000008be00000, 0x000000008bf00000|  0%| F|  |TAMS 0x000000008be00000, 0x000000008be00000| Untracked 
| 191|0x000000008bf00000, 0x000000008bf00000, 0x000000008c000000|  0%| F|  |TAMS 0x000000008bf00000, 0x000000008bf00000| Untracked 
| 192|0x000000008c000000, 0x000000008c000000, 0x000000008c100000|  0%| F|  |TAMS 0x000000008c000000, 0x000000008c000000| Untracked 
| 193|0x000000008c100000, 0x000000008c100000, 0x000000008c200000|  0%| F|  |TAMS 0x000000008c100000, 0x000000008c100000| Untracked 
| 194|0x000000008c200000, 0x000000008c200000, 0x000000008c300000|  0%| F|  |TAMS 0x000000008c200000, 0x000000008c200000| Untracked 
| 195|0x000000008c300000, 0x000000008c300000, 0x000000008c400000|  0%| F|  |TAMS 0x000000008c300000, 0x000000008c300000| Untracked 
| 196|0x000000008c400000, 0x000000008c400000, 0x000000008c500000|  0%| F|  |TAMS 0x000000008c400000, 0x000000008c400000| Untracked 
| 197|0x000000008c500000, 0x000000008c500000, 0x000000008c600000|  0%| F|  |TAMS 0x000000008c500000, 0x000000008c500000| Untracked 
| 198|0x000000008c600000, 0x000000008c600000, 0x000000008c700000|  0%| F|  |TAMS 0x000000008c600000, 0x000000008c600000| Untracked 
| 199|0x000000008c700000, 0x000000008c700000, 0x000000008c800000|  0%| F|  |TAMS 0x000000008c700000, 0x000000008c700000| Untracked 
| 200|0x000000008c800000, 0x000000008c85d110, 0x000000008c900000| 36%| S|CS|TAMS 0x000000008c800000, 0x000000008c800000| Complete 
| 201|0x000000008c900000, 0x000000008ca00000, 0x000000008ca00000|100%| S|CS|TAMS 0x000000008c900000, 0x000000008c900000| Complete 
| 202|0x000000008ca00000, 0x000000008ca00000, 0x000000008cb00000|  0%| F|  |TAMS 0x000000008ca00000, 0x000000008ca00000| Untracked 
| 203|0x000000008cb00000, 0x000000008cbcca70, 0x000000008cc00000| 79%| E|  |TAMS 0x000000008cb00000, 0x000000008cb00000| Complete 
| 204|0x000000008cc00000, 0x000000008cd00000, 0x000000008cd00000|100%| E|CS|TAMS 0x000000008cc00000, 0x000000008cc00000| Complete 
| 205|0x000000008cd00000, 0x000000008ce00000, 0x000000008ce00000|100%| E|CS|TAMS 0x000000008cd00000, 0x000000008cd00000| Complete 
| 206|0x000000008ce00000, 0x000000008cf00000, 0x000000008cf00000|100%| E|CS|TAMS 0x000000008ce00000, 0x000000008ce00000| Complete 
| 207|0x000000008cf00000, 0x000000008d000000, 0x000000008d000000|100%| E|CS|TAMS 0x000000008cf00000, 0x000000008cf00000| Complete 
| 208|0x000000008d000000, 0x000000008d100000, 0x000000008d100000|100%| E|CS|TAMS 0x000000008d000000, 0x000000008d000000| Complete 
| 209|0x000000008d100000, 0x000000008d200000, 0x000000008d200000|100%| E|CS|TAMS 0x000000008d100000, 0x000000008d100000| Complete 

Card table byte_map: [0x00000207fcba0000,0x00000207fcfa0000] _byte_map_base: 0x00000207fc7a0000

Marking Bits (Prev, Next): (CMBitMap*) 0x00000207f6e75ae8, (CMBitMap*) 0x00000207f6e75b20
 Prev Bits: [0x00000207fd3a0000, 0x00000207ff3a0000)
 Next Bits: [0x000002078f000000, 0x0000020791000000)

Polling page: 0x00000207f6f10000

Metaspace:

Usage:
  Non-class:     63.27 MB capacity,    62.29 MB ( 98%) used,   800.10 KB (  1%) free+waste,   195.75 KB ( <1%) overhead. 
      Class:      9.68 MB capacity,     9.03 MB ( 93%) used,   576.04 KB (  6%) free+waste,    90.81 KB ( <1%) overhead. 
       Both:     72.95 MB capacity,    71.32 MB ( 98%) used,     1.34 MB (  2%) free+waste,   286.56 KB ( <1%) overhead. 

Virtual space:
  Non-class space:       64.00 MB reserved,      63.38 MB (>99%) committed 
      Class space:        1.00 GB reserved,       9.70 MB ( <1%) committed 
             Both:        1.06 GB reserved,      73.08 MB (  7%) committed 

Chunk freelists:
   Non-Class:  51.00 KB
       Class:  9.00 KB
        Both:  60.00 KB

MaxMetaspaceSize: 17179869184.00 GB
CompressedClassSpaceSize: 1.00 GB
Initial GC threshold: 20.80 MB
Current GC threshold: 116.59 MB
CDS: off

CodeHeap 'non-profiled nmethods': size=120064Kb used=4285Kb max_used=4285Kb free=115778Kb
 bounds [0x0000020787ac0000, 0x0000020787ef0000, 0x000002078f000000]
CodeHeap 'profiled nmethods': size=120000Kb used=15936Kb max_used=15936Kb free=104064Kb
 bounds [0x0000020780590000, 0x0000020781520000, 0x0000020787ac0000]
CodeHeap 'non-nmethods': size=5696Kb used=2378Kb max_used=2400Kb free=3317Kb
 bounds [0x0000020780000000, 0x0000020780270000, 0x0000020780590000]
 total_blobs=8365 nmethods=7461 adapters=816
 compilation: disabled (not enough contiguous free space left)
              stopped_count=1, restarted_count=0
 full_count=1

Compilation events (20 events):
Event: 65.521 Thread 0x00000207ffb90800 7444       3       org.gradle.api.internal.DefaultDomainObjectCollection$IteratorImpl::hasNext (10 bytes)
Event: 65.522 Thread 0x00000207ffb90800 nmethod 7444 0x0000020781505590 code [0x0000020781505740, 0x0000020781505908]
Event: 65.829 Thread 0x00000207ffb90800 7445       3       org.gradle.api.internal.attributes.DefaultImmutableAttributesFactory::mutable (9 bytes)
Event: 65.829 Thread 0x00000207ffb90800 nmethod 7445 0x0000020781505a10 code [0x0000020781505be0, 0x0000020781505de8]
Event: 65.830 Thread 0x00000207ffb90800 7447       3       org.gradle.internal.logging.progress.DefaultProgressLoggerFactory$ProgressLoggerImpl::completed (61 bytes)
Event: 65.839 Thread 0x00000207ffb90800 nmethod 7447 0x0000020781505f10 code [0x0000020781506140, 0x00000207815068f8]
Event: 65.840 Thread 0x00000207ffb90800 7449       3       org.gradle.internal.operations.DefaultBuildOperationListenerManager$1::started (47 bytes)
Event: 65.840 Thread 0x00000207ffb90800 nmethod 7449 0x0000020781506c10 code [0x0000020781506e00, 0x0000020781507348]
Event: 65.840 Thread 0x00000207ffb90800 7448       3       org.gradle.internal.operations.DefaultBuildOperationRunner::getCurrentBuildOperation (11 bytes)
Event: 65.851 Thread 0x00000207ffb90800 nmethod 7448 0x0000020781507510 code [0x00000207815076e0, 0x0000020781507ae8]
Event: 65.851 Thread 0x00000207ffb90800 7446       3       org.gradle.api.internal.attributes.DefaultMutableAttributeContainer::<init> (7 bytes)
Event: 65.852 Thread 0x00000207ffb90800 nmethod 7446 0x0000020781507c10 code [0x0000020781507de0, 0x0000020781508158]
Event: 65.853 Thread 0x00000207ffb90800 7450       3       org.gradle.api.internal.artifacts.configurations.DefaultConfiguration::validateMutation (16 bytes)
Event: 65.853 Thread 0x00000207ffb90800 nmethod 7450 0x0000020781508290 code [0x0000020781508460, 0x00000207815086d8]
Event: 65.853 Thread 0x00000207ffb90800 7451       3       org.gradle.api.internal.artifacts.configurations.DefaultConfiguration::preventIllegalMutation (174 bytes)
Event: 65.875 Thread 0x00000207ffb90800 nmethod 7451 0x0000020781508810 code [0x0000020781508d20, 0x000002078150b808]
Event: 65.875 Thread 0x00000207ffb90800 7452       3       org.gradle.api.internal.project.DefaultProjectStateRegistry$CalculatedModelValueImpl::get (41 bytes)
Event: 65.876 Thread 0x00000207ffb90800 nmethod 7452 0x000002078150c410 code [0x000002078150c6a0, 0x000002078150d128]
Event: 65.876 Thread 0x00000207ffb90800 7453       3       org.gradle.api.internal.artifacts.ivyservice.moduleconverter.DefaultRootComponentMetadataBuilder$MetadataHolder::validateMutation (27 bytes)
Event: 65.876 Thread 0x00000207ffb90800 nmethod 7453 0x000002078150d510 code [0x000002078150d6c0, 0x000002078150d8b8]

GC Heap History (20 events):
Event: 52.412 GC heap before
{Heap before GC invocations=58 (full 0):
 garbage-first heap   total 69632K, used 57626K [0x0000000080000000, 0x0000000100000000)
  region size 1024K, 6 young (6144K), 1 survivors (1024K)
 Metaspace       used 60606K, capacity 61983K, committed 62160K, reserved 1103872K
  class space    used 7663K, capacity 8233K, committed 8268K, reserved 1048576K
}
Event: 52.416 GC heap after
{Heap after GC invocations=59 (full 0):
 garbage-first heap   total 83968K, used 52736K [0x0000000080000000, 0x0000000100000000)
  region size 1024K, 1 young (1024K), 1 survivors (1024K)
 Metaspace       used 60606K, capacity 61983K, committed 62160K, reserved 1103872K
  class space    used 7663K, capacity 8233K, committed 8268K, reserved 1048576K
}
Event: 53.008 GC heap before
{Heap before GC invocations=59 (full 0):
 garbage-first heap   total 83968K, used 62976K [0x0000000080000000, 0x0000000100000000)
  region size 1024K, 12 young (12288K), 1 survivors (1024K)
 Metaspace       used 62616K, capacity 64051K, committed 64208K, reserved 1105920K
  class space    used 7858K, capacity 8433K, committed 8524K, reserved 1048576K
}
Event: 53.019 GC heap after
{Heap after GC invocations=60 (full 0):
 garbage-first heap   total 83968K, used 52961K [0x0000000080000000, 0x0000000100000000)
  region size 1024K, 1 young (1024K), 1 survivors (1024K)
 Metaspace       used 62616K, capacity 64051K, committed 64208K, reserved 1105920K
  class space    used 7858K, capacity 8433K, committed 8524K, reserved 1048576K
}
Event: 53.714 GC heap before
{Heap before GC invocations=61 (full 0):
 garbage-first heap   total 83968K, used 64225K [0x0000000080000000, 0x0000000100000000)
  region size 1024K, 12 young (12288K), 1 survivors (1024K)
 Metaspace       used 63576K, capacity 65081K, committed 65360K, reserved 1105920K
  class space    used 8013K, capacity 8628K, committed 8652K, reserved 1048576K
}
Event: 53.718 GC heap after
{Heap after GC invocations=62 (full 0):
 garbage-first heap   total 83968K, used 53397K [0x0000000080000000, 0x0000000100000000)
  region size 1024K, 2 young (2048K), 2 survivors (2048K)
 Metaspace       used 63576K, capacity 65081K, committed 65360K, reserved 1105920K
  class space    used 8013K, capacity 8628K, committed 8652K, reserved 1048576K
}
Event: 54.606 GC heap before
{Heap before GC invocations=62 (full 0):
 garbage-first heap   total 83968K, used 64661K [0x0000000080000000, 0x0000000100000000)
  region size 1024K, 13 young (13312K), 2 survivors (2048K)
 Metaspace       used 65462K, capacity 67024K, committed 67152K, reserved 1107968K
  class space    used 8269K, capacity 8894K, committed 8908K, reserved 1048576K
}
Event: 54.623 GC heap after
{Heap after GC invocations=63 (full 0):
 garbage-first heap   total 83968K, used 54165K [0x0000000080000000, 0x0000000100000000)
  region size 1024K, 2 young (2048K), 2 survivors (2048K)
 Metaspace       used 65462K, capacity 67024K, committed 67152K, reserved 1107968K
  class space    used 8269K, capacity 8894K, committed 8908K, reserved 1048576K
}
Event: 54.987 GC heap before
{Heap before GC invocations=64 (full 0):
 garbage-first heap   total 83968K, used 60309K [0x0000000080000000, 0x0000000100000000)
  region size 1024K, 9 young (9216K), 2 survivors (2048K)
 Metaspace       used 65926K, capacity 67487K, committed 67792K, reserved 1107968K
  class space    used 8329K, capacity 8961K, committed 9036K, reserved 1048576K
}
Event: 54.999 GC heap after
{Heap after GC invocations=65 (full 0):
 garbage-first heap   total 107520K, used 55207K [0x0000000080000000, 0x0000000100000000)
  region size 1024K, 2 young (2048K), 2 survivors (2048K)
 Metaspace       used 65926K, capacity 67487K, committed 67792K, reserved 1107968K
  class space    used 8329K, capacity 8961K, committed 9036K, reserved 1048576K
}
Event: 55.208 GC heap before
{Heap before GC invocations=66 (full 0):
 garbage-first heap   total 107520K, used 69543K [0x0000000080000000, 0x0000000100000000)
  region size 1024K, 12 young (12288K), 2 survivors (2048K)
 Metaspace       used 65932K, capacity 67493K, committed 67792K, reserved 1107968K
  class space    used 8330K, capacity 8962K, committed 9036K, reserved 1048576K
}
Event: 55.255 GC heap after
{Heap after GC invocations=67 (full 0):
 garbage-first heap   total 107520K, used 61886K [0x0000000080000000, 0x0000000100000000)
  region size 1024K, 3 young (3072K), 3 survivors (3072K)
 Metaspace       used 65932K, capacity 67493K, committed 67792K, reserved 1107968K
  class space    used 8330K, capacity 8962K, committed 9036K, reserved 1048576K
}
Event: 56.734 GC heap before
{Heap before GC invocations=68 (full 0):
 garbage-first heap   total 107520K, used 80318K [0x0000000080000000, 0x0000000100000000)
  region size 1024K, 20 young (20480K), 3 survivors (3072K)
 Metaspace       used 67459K, capacity 69054K, committed 69328K, reserved 1110016K
  class space    used 8523K, capacity 9157K, committed 9292K, reserved 1048576K
}
Event: 56.742 GC heap after
{Heap after GC invocations=69 (full 0):
 garbage-first heap   total 107520K, used 59455K [0x0000000080000000, 0x0000000100000000)
  region size 1024K, 1 young (1024K), 1 survivors (1024K)
 Metaspace       used 67459K, capacity 69054K, committed 69328K, reserved 1110016K
  class space    used 8523K, capacity 9157K, committed 9292K, reserved 1048576K
}
Event: 57.645 GC heap before
{Heap before GC invocations=69 (full 0):
 garbage-first heap   total 107520K, used 79935K [0x0000000080000000, 0x0000000100000000)
  region size 1024K, 21 young (21504K), 1 survivors (1024K)
 Metaspace       used 68634K, capacity 70251K, committed 70480K, reserved 1110016K
  class space    used 8661K, capacity 9293K, committed 9420K, reserved 1048576K
}
Event: 57.657 GC heap after
{Heap after GC invocations=70 (full 0):
 garbage-first heap   total 107520K, used 60864K [0x0000000080000000, 0x0000000100000000)
  region size 1024K, 3 young (3072K), 3 survivors (3072K)
 Metaspace       used 68634K, capacity 70251K, committed 70480K, reserved 1110016K
  class space    used 8661K, capacity 9293K, committed 9420K, reserved 1048576K
}
Event: 59.387 GC heap before
{Heap before GC invocations=71 (full 0):
 garbage-first heap   total 107520K, used 74176K [0x0000000080000000, 0x0000000100000000)
  region size 1024K, 18 young (18432K), 3 survivors (3072K)
 Metaspace       used 69841K, capacity 71465K, committed 71632K, reserved 1112064K
  class space    used 8831K, capacity 9460K, committed 9548K, reserved 1048576K
}
Event: 59.601 GC heap after
{Heap after GC invocations=72 (full 0):
 garbage-first heap   total 107520K, used 61135K [0x0000000080000000, 0x0000000100000000)
  region size 1024K, 2 young (2048K), 2 survivors (2048K)
 Metaspace       used 69841K, capacity 71465K, committed 71632K, reserved 1112064K
  class space    used 8831K, capacity 9460K, committed 9548K, reserved 1048576K
}
Event: 63.652 GC heap before
{Heap before GC invocations=73 (full 0):
 garbage-first heap   total 107520K, used 83663K [0x0000000080000000, 0x0000000100000000)
  region size 1024K, 23 young (23552K), 2 survivors (2048K)
 Metaspace       used 71895K, capacity 73500K, committed 73680K, reserved 1114112K
  class space    used 9100K, capacity 9749K, committed 9804K, reserved 1048576K
}
Event: 64.078 GC heap after
{Heap after GC invocations=74 (full 0):
 garbage-first heap   total 215040K, used 61707K [0x0000000080000000, 0x0000000100000000)
  region size 1024K, 2 young (2048K), 2 survivors (2048K)
 Metaspace       used 71895K, capacity 73500K, committed 73680K, reserved 1114112K
  class space    used 9100K, capacity 9749K, committed 9804K, reserved 1048576K
}

Deoptimization events (20 events):
Event: 62.512 Thread 0x0000020794445000 Uncommon trap: trap_request=0xffffffd6 fr.pc=0x0000020787ed59e4 relative=0x0000000000000384
Event: 62.512 Thread 0x0000020794445000 Uncommon trap: reason=array_check action=maybe_recompile pc=0x0000020787ed59e4 method=java.util.AbstractCollection.toArray([Ljava/lang/Object;)[Ljava/lang/Object; @ 116 c2
Event: 62.512 Thread 0x0000020794445000 DEOPT PACKING pc=0x0000020787ed59e4 sp=0x000000b42c5f56d0
Event: 62.512 Thread 0x0000020794445000 DEOPT UNPACKING pc=0x000002078004a1af sp=0x000000b42c5f5680 mode 2
Event: 62.878 Thread 0x0000020794445000 Uncommon trap: trap_request=0xffffffd6 fr.pc=0x0000020787ed59e4 relative=0x0000000000000384
Event: 62.879 Thread 0x0000020794445000 Uncommon trap: reason=array_check action=maybe_recompile pc=0x0000020787ed59e4 method=java.util.AbstractCollection.toArray([Ljava/lang/Object;)[Ljava/lang/Object; @ 116 c2
Event: 62.879 Thread 0x0000020794445000 DEOPT PACKING pc=0x0000020787ed59e4 sp=0x000000b42c5f84b0
Event: 62.879 Thread 0x0000020794445000 DEOPT UNPACKING pc=0x000002078004a1af sp=0x000000b42c5f8450 mode 2
Event: 62.879 Thread 0x0000020794445000 Uncommon trap: trap_request=0xffffffd6 fr.pc=0x0000020787ed59e4 relative=0x0000000000000384
Event: 62.879 Thread 0x0000020794445000 Uncommon trap: reason=array_check action=maybe_recompile pc=0x0000020787ed59e4 method=java.util.AbstractCollection.toArray([Ljava/lang/Object;)[Ljava/lang/Object; @ 116 c2
Event: 62.879 Thread 0x0000020794445000 DEOPT PACKING pc=0x0000020787ed59e4 sp=0x000000b42c5f8520
Event: 62.879 Thread 0x0000020794445000 DEOPT UNPACKING pc=0x000002078004a1af sp=0x000000b42c5f84c0 mode 2
Event: 62.883 Thread 0x0000020794445000 Uncommon trap: trap_request=0xffffff4d fr.pc=0x0000020787e34fd4 relative=0x00000000000001f4
Event: 62.883 Thread 0x0000020794445000 Uncommon trap: reason=unstable_if action=reinterpret pc=0x0000020787e34fd4 method=java.lang.invoke.LambdaForm$BasicType.basicType(C)Ljava/lang/invoke/LambdaForm$BasicType; @ 1 c2
Event: 62.883 Thread 0x0000020794445000 DEOPT PACKING pc=0x0000020787e34fd4 sp=0x000000b42c5f7360
Event: 62.883 Thread 0x0000020794445000 DEOPT UNPACKING pc=0x000002078004a1af sp=0x000000b42c5f7248 mode 2
Event: 65.415 Thread 0x0000020794445000 Uncommon trap: trap_request=0xffffff4d fr.pc=0x0000020787ecde38 relative=0x0000000000002e58
Event: 65.415 Thread 0x0000020794445000 Uncommon trap: reason=unstable_if action=reinterpret pc=0x0000020787ecde38 method=sun.net.www.protocol.jar.Handler.parseURL(Ljava/net/URL;Ljava/lang/String;II)V @ 116 c2
Event: 65.415 Thread 0x0000020794445000 DEOPT PACKING pc=0x0000020787ecde38 sp=0x000000b42c5f7760
Event: 65.415 Thread 0x0000020794445000 DEOPT UNPACKING pc=0x000002078004a1af sp=0x000000b42c5f7720 mode 2

Classes redefined (0 events):
No events

Internal exceptions (20 events):
Event: 57.631 Thread 0x0000020794445000 Exception <a 'java/lang/ClassNotFoundException'{0x00000000857f0ff8}: org/gradle/api/plugins/internal/DefaultBasePluginConventionBeanInfo> (0x00000000857f0ff8) thrown at [src/hotspot/share/classfile/systemDictionary.cpp, line 230]
Event: 57.633 Thread 0x0000020794445000 Exception <a 'java/lang/ClassNotFoundException'{0x00000000856372c8}: org/gradle/api/plugins/BasePluginConventionBeanInfo> (0x00000000856372c8) thrown at [src/hotspot/share/classfile/systemDictionary.cpp, line 230]
Event: 57.635 Thread 0x0000020794445000 Exception <a 'java/lang/ClassNotFoundException'{0x000000008567d5a0}: org/gradle/api/plugins/BasePluginConventionCustomizer> (0x000000008567d5a0) thrown at [src/hotspot/share/classfile/systemDictionary.cpp, line 230]
Event: 57.637 Thread 0x0000020794445000 Exception <a 'java/lang/ClassNotFoundException'{0x00000000856d4af0}: org/gradle/api/plugins/internal/DefaultBasePluginConventionCustomizer> (0x00000000856d4af0) thrown at [src/hotspot/share/classfile/systemDictionary.cpp, line 230]
Event: 57.642 Thread 0x0000020794445000 Exception <a 'java/lang/ClassNotFoundException'{0x00000000855605f8}: org/gradle/api/plugins/internal/DefaultJavaPluginConventionBeanInfo> (0x00000000855605f8) thrown at [src/hotspot/share/classfile/systemDictionary.cpp, line 230]
Event: 57.643 Thread 0x0000020794445000 Exception <a 'java/lang/ClassNotFoundException'{0x00000000855a6680}: org/gradle/api/plugins/JavaPluginConventionBeanInfo> (0x00000000855a6680) thrown at [src/hotspot/share/classfile/systemDictionary.cpp, line 230]
Event: 57.645 Thread 0x0000020794445000 Exception <a 'java/lang/ClassNotFoundException'{0x00000000855eca30}: org/gradle/api/plugins/JavaPluginConventionCustomizer> (0x00000000855eca30) thrown at [src/hotspot/share/classfile/systemDictionary.cpp, line 230]
Event: 57.661 Thread 0x0000020794445000 Exception <a 'java/lang/ClassNotFoundException'{0x000000008684ddc0}: org/gradle/api/plugins/internal/DefaultJavaPluginConventionCustomizer> (0x000000008684ddc0) thrown at [src/hotspot/share/classfile/systemDictionary.cpp, line 230]
Event: 59.012 Thread 0x0000020794445000 Implicit null exception at 0x0000020787ea90e6 to 0x0000020787ea91b0
Event: 61.989 Thread 0x0000020794445000 Exception <a 'java/lang/IncompatibleClassChangeError'{0x0000000085d0fd80}: Found class java.lang.Object, but interface was expected> (0x0000000085d0fd80) thrown at [src/hotspot/share/interpreter/linkResolver.cpp, line 839]
Event: 62.470 Thread 0x0000020794445000 Exception <a 'java/lang/ClassNotFoundException'{0x0000000085ce4cc8}: org/gradle/api/internal/project/DefaultAntBuilderBeanInfo> (0x0000000085ce4cc8) thrown at [src/hotspot/share/classfile/systemDictionary.cpp, line 230]
Event: 62.472 Thread 0x0000020794445000 Exception <a 'java/lang/ClassNotFoundException'{0x0000000085b1ea30}: org/gradle/api/internal/project/ant/BasicAntBuilderBeanInfo> (0x0000000085b1ea30) thrown at [src/hotspot/share/classfile/systemDictionary.cpp, line 230]
Event: 62.473 Thread 0x0000020794445000 Exception <a 'java/lang/ClassNotFoundException'{0x0000000085b4cf40}: org/gradle/api/AntBuilderBeanInfo> (0x0000000085b4cf40) thrown at [src/hotspot/share/classfile/systemDictionary.cpp, line 230]
Event: 62.494 Thread 0x0000020794445000 Exception <a 'java/lang/ClassNotFoundException'{0x0000000085bcdbb0}: groovy/util/AntBuilderBeanInfo> (0x0000000085bcdbb0) thrown at [src/hotspot/share/classfile/systemDictionary.cpp, line 230]
Event: 62.500 Thread 0x0000020794445000 Exception <a 'java/lang/ClassNotFoundException'{0x0000000085a50930}: groovy/util/BuilderSupportBeanInfo> (0x0000000085a50930) thrown at [src/hotspot/share/classfile/systemDictionary.cpp, line 230]
Event: 62.502 Thread 0x0000020794445000 Exception <a 'java/lang/ClassNotFoundException'{0x0000000085ad4410}: groovy/util/BuilderSupportCustomizer> (0x0000000085ad4410) thrown at [src/hotspot/share/classfile/systemDictionary.cpp, line 230]
Event: 62.505 Thread 0x0000020794445000 Exception <a 'java/lang/ClassNotFoundException'{0x00000000857571d8}: groovy/util/AntBuilderCustomizer> (0x00000000857571d8) thrown at [src/hotspot/share/classfile/systemDictionary.cpp, line 230]
Event: 62.507 Thread 0x0000020794445000 Exception <a 'java/lang/ClassNotFoundException'{0x000000008578cac8}: org/gradle/api/AntBuilderCustomizer> (0x000000008578cac8) thrown at [src/hotspot/share/classfile/systemDictionary.cpp, line 230]
Event: 62.509 Thread 0x0000020794445000 Exception <a 'java/lang/ClassNotFoundException'{0x00000000857d1d68}: org/gradle/api/internal/project/ant/BasicAntBuilderCustomizer> (0x00000000857d1d68) thrown at [src/hotspot/share/classfile/systemDictionary.cpp, line 230]
Event: 62.511 Thread 0x0000020794445000 Exception <a 'java/lang/ClassNotFoundException'{0x000000008561e2c0}: org/gradle/api/internal/project/DefaultAntBuilderCustomizer> (0x000000008561e2c0) thrown at [src/hotspot/share/classfile/systemDictionary.cpp, line 230]

Events (20 events):
Event: 65.851 loading class org/jetbrains/kotlin/gradle/plugin/sources/DefaultKotlinSourceSetFactory$sam$org_gradle_api_Action$0
Event: 65.851 loading class org/jetbrains/kotlin/gradle/plugin/sources/DefaultKotlinSourceSetFactory$sam$org_gradle_api_Action$0 done
Event: 65.857 loading class org/gradle/api/plugins/Convention
Event: 65.857 loading class org/gradle/api/plugins/Convention done
Event: 65.859 loading class org/gradle/api/internal/file/FileCollectionStructureVisitor
Event: 65.859 loading class org/gradle/api/internal/file/FileCollectionStructureVisitor done
Event: 65.860 loading class org/gradle/api/internal/file/FileCollectionInternal
Event: 65.860 loading class org/gradle/api/internal/file/FileCollectionInternal done
Event: 65.860 loading class org/gradle/api/internal/file/FileCollectionStructureVisitor
Event: 65.860 loading class org/gradle/api/internal/file/FileCollectionStructureVisitor done
Event: 65.866 loading class org/gradle/api/internal/file/collections/UnpackingVisitor
Event: 65.866 loading class org/gradle/api/internal/file/collections/UnpackingVisitor done
Event: 65.941 loading class org/gradle/api/internal/file/collections/UnpackingVisitor$SingleFileResolvingFileCollection
Event: 65.941 loading class org/gradle/api/internal/file/collections/UnpackingVisitor$SingleFileResolvingFileCollection done
Event: 65.943 loading class org/jetbrains/kotlin/gradle/plugin/mpp/SyncKotlinAndAndroidSourceSetsKt$syncKotlinAndAndroidSourceDirs$1
Event: 65.943 loading class org/jetbrains/kotlin/gradle/plugin/mpp/SyncKotlinAndAndroidSourceSetsKt$syncKotlinAndAndroidSourceDirs$1 done
Event: 65.943 loading class org/jetbrains/kotlin/gradle/plugin/KotlinMultiplatformPluginKt
Event: 65.943 loading class org/jetbrains/kotlin/gradle/plugin/KotlinMultiplatformPluginKt done
Event: 65.957 loading class org/gradle/api/ProjectState
Event: 65.957 loading class org/gradle/api/ProjectState done


Dynamic libraries:
0x00007ff75c4e0000 - 0x00007ff75c4ea000 	C:\Program Files\Android\Android Studio\jbr\bin\java.exe
0x00007ffbea8f0000 - 0x00007ffbeaae8000 	C:\WINDOWS\SYSTEM32\ntdll.dll
0x00007ffbea170000 - 0x00007ffbea22f000 	C:\WINDOWS\System32\KERNEL32.DLL
0x00007ffbe8200000 - 0x00007ffbe84f6000 	C:\WINDOWS\System32\KERNELBASE.dll
0x00007ffbe8730000 - 0x00007ffbe8830000 	C:\WINDOWS\System32\ucrtbase.dll
0x00007ffbd4290000 - 0x00007ffbd42ab000 	C:\Program Files\Android\Android Studio\jbr\bin\VCRUNTIME140.dll
0x00007ffbd1d60000 - 0x00007ffbd1d77000 	C:\Program Files\Android\Android Studio\jbr\bin\jli.dll
0x00007ffbe8d90000 - 0x00007ffbe8f2d000 	C:\WINDOWS\System32\USER32.dll
0x00007ffbe8500000 - 0x00007ffbe8522000 	C:\WINDOWS\System32\win32u.dll
0x00007ffbe9790000 - 0x00007ffbe97bc000 	C:\WINDOWS\System32\GDI32.dll
0x00007ffbe8830000 - 0x00007ffbe8945000 	C:\WINDOWS\System32\gdi32full.dll
0x00007ffbe80b0000 - 0x00007ffbe814d000 	C:\WINDOWS\System32\msvcp_win.dll
0x00007ffbd2760000 - 0x00007ffbd29fa000 	C:\WINDOWS\WinSxS\amd64_microsoft.windows.common-controls_6595b64144ccf1df_6.0.19041.1110_none_60b5254171f9507e\COMCTL32.dll
0x00007ffbe97c0000 - 0x00007ffbe985e000 	C:\WINDOWS\System32\msvcrt.dll
0x00007ffbe96e0000 - 0x00007ffbe9710000 	C:\WINDOWS\System32\IMM32.DLL
0x00007ffbc99c0000 - 0x00007ffbc9a4d000 	C:\Program Files\Android\Android Studio\jbr\bin\msvcp140.dll
0x00007ffbccf70000 - 0x00007ffbccf7c000 	C:\WINDOWS\SYSTEM32\VCRUNTIME140_1.dll
0x00007ffb7f630000 - 0x00007ffb801ec000 	C:\Program Files\Android\Android Studio\jbr\bin\server\jvm.dll
0x00007ffbe8960000 - 0x00007ffbe8a0f000 	C:\WINDOWS\System32\ADVAPI32.dll
0x00007ffbea310000 - 0x00007ffbea3ac000 	C:\WINDOWS\System32\sechost.dll
0x00007ffbe9f90000 - 0x00007ffbea0b6000 	C:\WINDOWS\System32\RPCRT4.dll
0x00007ffbe8c70000 - 0x00007ffbe8c78000 	C:\WINDOWS\System32\PSAPI.DLL
0x00007ffbdeb40000 - 0x00007ffbdeb67000 	C:\WINDOWS\SYSTEM32\WINMM.dll
0x00007ffbdeb70000 - 0x00007ffbdeb7a000 	C:\WINDOWS\SYSTEM32\VERSION.dll
0x00007ffbe0950000 - 0x00007ffbe0959000 	C:\WINDOWS\SYSTEM32\WSOCK32.dll
0x00007ffbe9860000 - 0x00007ffbe98cb000 	C:\WINDOWS\System32\WS2_32.dll
0x00007ffbe6800000 - 0x00007ffbe6812000 	C:\WINDOWS\SYSTEM32\kernel.appcore.dll
0x00007ffbe2ad0000 - 0x00007ffbe2ae0000 	C:\Program Files\Android\Android Studio\jbr\bin\verify.dll
0x00007ffbe65e0000 - 0x00007ffbe67c4000 	C:\WINDOWS\SYSTEM32\DBGHELP.DLL
0x00007ffbcd1a0000 - 0x00007ffbcd1d4000 	C:\WINDOWS\SYSTEM32\dbgcore.DLL
0x00007ffbe7fd0000 - 0x00007ffbe8052000 	C:\WINDOWS\System32\bcryptPrimitives.dll
0x00007ffbcd060000 - 0x00007ffbcd088000 	C:\Program Files\Android\Android Studio\jbr\bin\java.dll
0x00007ffbd2a80000 - 0x00007ffbd2a8a000 	C:\Program Files\Android\Android Studio\jbr\bin\jimage.dll
0x00007ffbd2170000 - 0x00007ffbd2188000 	C:\Program Files\Android\Android Studio\jbr\bin\zip.dll
0x00007ffbe8f90000 - 0x00007ffbe96d4000 	C:\WINDOWS\System32\SHELL32.dll
0x00007ffbe5d80000 - 0x00007ffbe6513000 	C:\WINDOWS\SYSTEM32\windows.storage.dll
0x00007ffbe9a70000 - 0x00007ffbe9dc4000 	C:\WINDOWS\System32\combase.dll
0x00007ffbe7940000 - 0x00007ffbe796e000 	C:\WINDOWS\SYSTEM32\Wldp.dll
0x00007ffbe8ce0000 - 0x00007ffbe8d8d000 	C:\WINDOWS\System32\SHCORE.dll
0x00007ffbe8f30000 - 0x00007ffbe8f85000 	C:\WINDOWS\System32\shlwapi.dll
0x00007ffbe7f00000 - 0x00007ffbe7f25000 	C:\WINDOWS\SYSTEM32\profapi.dll
0x00007ffbcd040000 - 0x00007ffbcd059000 	C:\Program Files\Android\Android Studio\jbr\bin\net.dll
0x00007ffbdbde0000 - 0x00007ffbdbeea000 	C:\WINDOWS\SYSTEM32\WINHTTP.dll
0x00007ffbe76a0000 - 0x00007ffbe770a000 	C:\WINDOWS\system32\mswsock.dll
0x00007ffbc2a20000 - 0x00007ffbc2a33000 	C:\Program Files\Android\Android Studio\jbr\bin\nio.dll
0x00007ffbc2b90000 - 0x00007ffbc2bb7000 	C:\Users\nidis\.gradle\native\e1d6ef7f7dcc3fd88c89a11ec53ec762bb8ba0a96d01ffa2cd45eb1d1d8dd5c5\windows-amd64\native-platform.dll
0x00007ffbc87f0000 - 0x00007ffbc8934000 	C:\Users\nidis\.gradle\native\0d407fdbe67a94daf76414ababcb853783967236a71b16ec16e742cd7a986fd3\windows-amd64\native-platform-file-events.dll
0x00007ffbd2a70000 - 0x00007ffbd2a7a000 	C:\Program Files\Android\Android Studio\jbr\bin\management.dll
0x00007ffbccd90000 - 0x00007ffbccd9b000 	C:\Program Files\Android\Android Studio\jbr\bin\management_ext.dll
0x00007ffbe78a0000 - 0x00007ffbe78b8000 	C:\WINDOWS\SYSTEM32\CRYPTSP.dll
0x00007ffbe6fb0000 - 0x00007ffbe6fe4000 	C:\WINDOWS\system32\rsaenh.dll
0x00007ffbe8530000 - 0x00007ffbe8557000 	C:\WINDOWS\System32\bcrypt.dll
0x00007ffbe7ec0000 - 0x00007ffbe7eee000 	C:\WINDOWS\SYSTEM32\USERENV.dll
0x00007ffbe7890000 - 0x00007ffbe789c000 	C:\WINDOWS\SYSTEM32\CRYPTBASE.dll
0x00007ffbe7390000 - 0x00007ffbe73cb000 	C:\WINDOWS\SYSTEM32\IPHLPAPI.DLL
0x00007ffbe9dd0000 - 0x00007ffbe9dd8000 	C:\WINDOWS\System32\NSI.dll
0x00007ffbdc4c0000 - 0x00007ffbdc4d7000 	C:\WINDOWS\SYSTEM32\dhcpcsvc6.DLL
0x00007ffbdee30000 - 0x00007ffbdee4d000 	C:\WINDOWS\SYSTEM32\dhcpcsvc.DLL
0x00007ffbe73d0000 - 0x00007ffbe749a000 	C:\WINDOWS\SYSTEM32\DNSAPI.dll
0x00007ffbb1370000 - 0x00007ffbb1397000 	C:\Program Files\Android\Android Studio\jbr\bin\sunec.dll
0x00007ffbced90000 - 0x00007ffbced9a000 	C:\Windows\System32\rasadhlp.dll
0x00007ffbcef70000 - 0x00007ffbceff2000 	C:\WINDOWS\System32\fwpuclnt.dll

dbghelp: loaded successfully - version: 4.0.5 - missing functions: none
symbol engine: initialized successfully - sym options: 0x614 - pdb path: .;C:\Program Files\Android\Android Studio\jbr\bin;C:\WINDOWS\SYSTEM32;C:\WINDOWS\WinSxS\amd64_microsoft.windows.common-controls_6595b64144ccf1df_6.0.19041.1110_none_60b5254171f9507e;C:\Program Files\Android\Android Studio\jbr\bin\server;C:\Users\nidis\.gradle\native\e1d6ef7f7dcc3fd88c89a11ec53ec762bb8ba0a96d01ffa2cd45eb1d1d8dd5c5\windows-amd64;C:\Users\nidis\.gradle\native\0d407fdbe67a94daf76414ababcb853783967236a71b16ec16e742cd7a986fd3\windows-amd64

VM Arguments:
jvm_args: --add-opens=java.base/java.util=ALL-UNNAMED --add-opens=java.base/java.lang=ALL-UNNAMED --add-opens=java.base/java.lang.invoke=ALL-UNNAMED --add-opens=java.base/java.util=ALL-UNNAMED --add-opens=java.prefs/java.util.prefs=ALL-UNNAMED --add-opens=java.prefs/java.util.prefs=ALL-UNNAMED --add-opens=java.base/java.nio.charset=ALL-UNNAMED --add-opens=java.base/java.net=ALL-UNNAMED --add-opens=java.base/java.util.concurrent.atomic=ALL-UNNAMED -Xmx2048m -Dfile.encoding=UTF-8 -Duser.country=GR -Duser.language=el -Duser.variant 
java_command: org.gradle.launcher.daemon.bootstrap.GradleDaemon 7.5
java_class_path (initial): C:\Users\nidis\.gradle\wrapper\dists\gradle-7.5-bin\f1w0cc9nuo0eivz97x2xlu9sv\gradle-7.5\lib\gradle-launcher-7.5.jar
Launcher Type: SUN_STANDARD

[Global flags]
     intx CICompilerCount                          = 3                                         {product} {ergonomic}
     uint ConcGCThreads                            = 1                                         {product} {ergonomic}
     uint G1ConcRefinementThreads                  = 4                                         {product} {ergonomic}
   size_t G1HeapRegionSize                         = 1048576                                   {product} {ergonomic}
    uintx GCDrainStackTargetSize                   = 64                                        {product} {ergonomic}
   size_t InitialHeapSize                          = 58720256                                  {product} {ergonomic}
   size_t MarkStackSize                            = 4194304                                   {product} {ergonomic}
   size_t MaxHeapSize                              = 2147483648                                {product} {command line}
   size_t MaxNewSize                               = 1287651328                                {product} {ergonomic}
   size_t MinHeapDeltaBytes                        = 1048576                                   {product} {ergonomic}
    uintx NonNMethodCodeHeapSize                   = 5830732                                {pd product} {ergonomic}
    uintx NonProfiledCodeHeapSize                  = 122913754                              {pd product} {ergonomic}
    uintx ProfiledCodeHeapSize                     = 122913754                              {pd product} {ergonomic}
    uintx ReservedCodeCacheSize                    = 251658240                              {pd product} {ergonomic}
     bool SegmentedCodeCache                       = true                                      {product} {ergonomic}
     bool UseCompressedClassPointers               = true                                 {lp64_product} {ergonomic}
     bool UseCompressedOops                        = true                                 {lp64_product} {ergonomic}
     bool UseG1GC                                  = true                                      {product} {ergonomic}
     bool UseLargePagesIndividualAllocation        = false                                  {pd product} {ergonomic}

Logging:
Log output configuration:
 #0: stdout all=warning uptime,level,tags
 #1: stderr all=off uptime,level,tags

Environment Variables:
PATH=C:\app\nidis\product\21c\dbhomeXE\bin;C:\Program Files\Eclipse Adoptium\jdk-11.0.17.8-hotspot\bin;C:\WINDOWS\system32;C:\WINDOWS;C:\WINDOWS\System32\Wbem;C:\WINDOWS\System32\WindowsPowerShell\v1.0\;C:\WINDOWS\System32\OpenSSH\;C:\Program Files\nodejs\;C:\Program Files (x86)\Google\Cloud SDK\google-cloud-sdk\bin;C:\Program Files\Git\cmd;C:\Program Files (x86)\Microsoft SQL Server\160\Tools\Binn\;C:\Program Files\Microsoft SQL Server\160\Tools\Binn\;C:\Program Files\Microsoft SQL Server\Client SDK\ODBC\170\Tools\Binn\;C:\Program Files\Microsoft SQL Server\160\DTS\Binn\;C:\Program Files (x86)\Microsoft SQL Server\160\DTS\Binn\;C:\Program Files\Azure Data Studio\bin;C:\Users\nidis\AppData\Local\Programs\Python\Python311\Scripts\;C:\Users\nidis\AppData\Local\Programs\Python\Python311\;C:\Users\nidis\AppData\Local\Microsoft\WindowsApps;C:\Users\nidis\AppData\Roaming\npm;C:\Users\nidis\AppData\Local\GitHubDesktop\bin;C:\Program Files\Azure Data Studio\bin
USERNAME=nidis
OS=Windows_NT
PROCESSOR_IDENTIFIER=AMD64 Family 23 Model 17 Stepping 0, AuthenticAMD



---------------  S Y S T E M  ---------------

OS: Windows 10 , 64 bit Build 19041 (10.0.19041.3155)
OS uptime: 12 days 7:27 hours

CPU:total 4 (initial active 4) (4 cores per cpu, 2 threads per core) family 23 model 17 stepping 0 microcode 0x0, cmov, cx8, fxsr, mmx, sse, sse2, sse3, ssse3, sse4.1, sse4.2, popcnt, avx, avx2, aes, clmul, mmxext, 3dnowpref, lzcnt, sse4a, ht, tsc, tscinvbit, tscinv, bmi1, bmi2, adx, sha, fma

Memory: 4k page, system-wide physical 3491M (204M free)
TotalPageFile size 14243M (AvailPageFile size 0M)
current process WorkingSet (physical memory assigned to process): 175M, peak: 200M
current process commit charge ("private bytes"): 448M, peak: 449M

vm_info: OpenJDK 64-Bit Server VM (11.0.15+0-b2043.56-8887301) for windows-amd64 JRE (11.0.15+0-b2043.56-8887301), built on Jul 29 2022 23:19:47 by "builduser" with unknown MS VC++:1929

END.
