#
# There is insufficient memory for the Java Runtime Environment to continue.
# Native memory allocation (malloc) failed to allocate 2226736 bytes for Chunk::new
# Possible reasons:
#   The system is out of physical RAM or swap space
#   The process is running with CompressedOops enabled, and the Java Heap may be blocking the growth of the native heap
# Possible solutions:
#   Reduce memory load on the system
#   Increase physical memory or swap space
#   Check if swap backing store is full
#   Decrease Java heap size (-Xmx/-Xms)
#   Decrease number of Java threads
#   Decrease Java thread stack sizes (-Xss)
#   Set larger code cache with -XX:ReservedCodeCacheSize=
#   JVM is running with Unscaled Compressed Oops mode in which the Java heap is
#     placed in the first 4GB address space. The Java Heap base address is the
#     maximum limit for the native heap growth. Please use -XX:HeapBaseMinAddress
#     to set the Java Heap base and to place the Java Heap above 4GB virtual address.
# This output file may be truncated or incomplete.
#
#  Out of Memory Error (src/hotspot/share/memory/arena.cpp:197), pid=5024, tid=10348
#
# JRE version: OpenJDK Runtime Environment (11.0.15) (build 11.0.15+0-b2043.56-8887301)
# Java VM: OpenJDK 64-Bit Server VM (11.0.15+0-b2043.56-8887301, mixed mode, tiered, compressed oops, g1 gc, windows-amd64)
# No core dump will be written. Minidumps are not enabled by default on client versions of Windows
#

---------------  S U M M A R Y ------------

Command Line: --add-opens=java.base/java.util=ALL-UNNAMED --add-opens=java.base/java.lang=ALL-UNNAMED --add-opens=java.base/java.lang.invoke=ALL-UNNAMED --add-opens=java.base/java.util=ALL-UNNAMED --add-opens=java.prefs/java.util.prefs=ALL-UNNAMED --add-opens=java.prefs/java.util.prefs=ALL-UNNAMED --add-opens=java.base/java.nio.charset=ALL-UNNAMED --add-opens=java.base/java.net=ALL-UNNAMED --add-opens=java.base/java.util.concurrent.atomic=ALL-UNNAMED -Xmx2048m -Dfile.encoding=UTF-8 -Duser.country=GR -Duser.language=el -Duser.variant org.gradle.launcher.daemon.bootstrap.GradleDaemon 7.5

Host: AMD Ryzen 3 2200U with Radeon Vega Mobile Gfx  , 4 cores, 3G,  Windows 10 , 64 bit Build 19041 (10.0.19041.3155)
Time: Tue Sep 12 20:34:26 2023  Windows 10 , 64 bit Build 19041 (10.0.19041.3155) elapsed time: 27.913279 seconds (0d 0h 0m 27s)

---------------  T H R E A D  ---------------

Current thread (0x0000018cb9ee7000):  JavaThread "C2 CompilerThread0" daemon [_thread_in_native, id=10348, stack(0x0000003194900000,0x0000003194a00000)]


Current CompileTask:
C2:  27913 7802       4       java.lang.Class::annotationData (44 bytes)

Stack: [0x0000003194900000,0x0000003194a00000]
Native frames: (J=compiled Java code, j=interpreted, Vv=VM code, C=native code)
V  [jvm.dll+0x64135a]
V  [jvm.dll+0x7d39f9]
V  [jvm.dll+0x7d51b9]
V  [jvm.dll+0x7d58a3]
V  [jvm.dll+0x2691c5]
V  [jvm.dll+0xc1a5c]
V  [jvm.dll+0xc200c]
V  [jvm.dll+0x377462]
V  [jvm.dll+0x342495]
V  [jvm.dll+0x34186a]
V  [jvm.dll+0x2214bd]
V  [jvm.dll+0x220498]
V  [jvm.dll+0x19e851]
V  [jvm.dll+0x230479]
V  [jvm.dll+0x22e5ef]
V  [jvm.dll+0x794de1]
V  [jvm.dll+0x78dc24]
V  [jvm.dll+0x6400f6]
C  [ucrtbase.dll+0x21bb2]
C  [KERNEL32.DLL+0x17614]
C  [ntdll.dll+0x526b1]


---------------  P R O C E S S  ---------------

Threads class SMR info:
_java_thread_list=0x0000018cc0dd8250, length=79, elements={
0x0000018ca02b3000, 0x0000018cb9ec3000, 0x0000018cb9ecc000, 0x0000018cb9ee2000,
0x0000018cb9ee3000, 0x0000018cb9ee4000, 0x0000018cb9ee7000, 0x0000018cb9eec000,
0x0000018cb9eed800, 0x0000018cba9dd800, 0x0000018cbb4f9800, 0x0000018cbb61c000,
0x0000018cbb801000, 0x0000018cbb802000, 0x0000018cbcc9a000, 0x0000018cbcc9b000,
0x0000018cbc3bb800, 0x0000018cbce34800, 0x0000018cbc3a3000, 0x0000018cbc3a3800,
0x0000018cbc863000, 0x0000018cbc862000, 0x0000018cbc860800, 0x0000018cbc861000,
0x0000018cbb9f8000, 0x0000018cbb9f5800, 0x0000018cbb9f2000, 0x0000018cbb9f6000,
0x0000018cbb9f8800, 0x0000018cbb9f4000, 0x0000018cbb9f4800, 0x0000018cbb9f7000,
0x0000018cbb9f3000, 0x0000018cbb9ff000, 0x0000018cbb9fd800, 0x0000018cbb9f9800,
0x0000018cbba00000, 0x0000018cbb9fa800, 0x0000018cbba01000, 0x0000018cbb9fb000,
0x0000018cbb9fc000, 0x0000018cbb724800, 0x0000018cbb727000, 0x0000018cbb721000,
0x0000018cbb727800, 0x0000018cbb725000, 0x0000018cbb722000, 0x0000018cbb726000,
0x0000018cbb728800, 0x0000018cbb722800, 0x0000018cbb729000, 0x0000018cbb723800,
0x0000018cbb72f000, 0x0000018cbb730000, 0x0000018cbb72c800, 0x0000018cbb72b000,
0x0000018cbb72e000, 0x0000018cbb72a000, 0x0000018cbb72b800, 0x0000018cbb72d800,
0x0000018cbe8d7000, 0x0000018cbe8dc000, 0x0000018cbe8d9800, 0x0000018cbe8d8800,
0x0000018cbe8da800, 0x0000018cbe8dd800, 0x0000018cbe8db000, 0x0000018cbe8dd000,
0x0000018cbe8d8000, 0x0000018cbe8de800, 0x0000018cbe8e1800, 0x0000018cbe8e0000,
0x0000018cbe8e2800, 0x0000018cbe8e3800, 0x0000018cbe8e5000, 0x0000018cbe8e1000,
0x0000018cbe8df800, 0x0000018cbe8e4000, 0x0000018cbe8e6000
}

Java Threads: ( => current thread )
  0x0000018ca02b3000 JavaThread "main" [_thread_blocked, id=5812, stack(0x0000003193d00000,0x0000003193e00000)]
  0x0000018cb9ec3000 JavaThread "Reference Handler" daemon [_thread_blocked, id=11260, stack(0x0000003194400000,0x0000003194500000)]
  0x0000018cb9ecc000 JavaThread "Finalizer" daemon [_thread_blocked, id=14328, stack(0x0000003194500000,0x0000003194600000)]
  0x0000018cb9ee2000 JavaThread "Signal Dispatcher" daemon [_thread_blocked, id=7612, stack(0x0000003194600000,0x0000003194700000)]
  0x0000018cb9ee3000 JavaThread "Attach Listener" daemon [_thread_blocked, id=1092, stack(0x0000003194700000,0x0000003194800000)]
  0x0000018cb9ee4000 JavaThread "Service Thread" daemon [_thread_blocked, id=9508, stack(0x0000003194800000,0x0000003194900000)]
=>0x0000018cb9ee7000 JavaThread "C2 CompilerThread0" daemon [_thread_in_native, id=10348, stack(0x0000003194900000,0x0000003194a00000)]
  0x0000018cb9eec000 JavaThread "C1 CompilerThread0" daemon [_thread_blocked, id=10572, stack(0x0000003194a00000,0x0000003194b00000)]
  0x0000018cb9eed800 JavaThread "Sweeper thread" daemon [_thread_blocked, id=11288, stack(0x0000003194b00000,0x0000003194c00000)]
  0x0000018cba9dd800 JavaThread "Common-Cleaner" daemon [_thread_blocked, id=5540, stack(0x0000003194c00000,0x0000003194d00000)]
  0x0000018cbb4f9800 JavaThread "Daemon health stats" [_thread_blocked, id=14076, stack(0x0000003194f00000,0x0000003195000000)]
  0x0000018cbb61c000 JavaThread "Incoming local TCP Connector on port 50814" [_thread_in_native, id=10220, stack(0x0000003195000000,0x0000003195100000)]
  0x0000018cbb801000 JavaThread "Daemon periodic checks" [_thread_blocked, id=6104, stack(0x0000003195100000,0x0000003195200000)]
  0x0000018cbb802000 JavaThread "Daemon" [_thread_blocked, id=4284, stack(0x0000003195200000,0x0000003195300000)]
  0x0000018cbcc9a000 JavaThread "Handler for socket connection from /127.0.0.1:50814 to /127.0.0.1:50815" [_thread_in_native, id=12644, stack(0x0000003195300000,0x0000003195400000)]
  0x0000018cbcc9b000 JavaThread "Cancel handler" [_thread_blocked, id=12616, stack(0x0000003195400000,0x0000003195500000)]
  0x0000018cbc3bb800 JavaThread "Daemon worker" [_thread_in_vm, id=7700, stack(0x0000003195500000,0x0000003195600000)]
  0x0000018cbce34800 JavaThread "Asynchronous log dispatcher for DefaultDaemonConnection: socket connection from /127.0.0.1:50814 to /127.0.0.1:50815" [_thread_blocked, id=5492, stack(0x0000003195600000,0x0000003195700000)]
  0x0000018cbc3a3000 JavaThread "Stdin handler" [_thread_blocked, id=3488, stack(0x0000003195700000,0x0000003195800000)]
  0x0000018cbc3a3800 JavaThread "Daemon client event forwarder" [_thread_blocked, id=8568, stack(0x0000003195800000,0x0000003195900000)]
  0x0000018cbc863000 JavaThread "Cache worker for journal cache (C:\Users\nidis\.gradle\caches\journal-1)" [_thread_blocked, id=13512, stack(0x0000003195900000,0x0000003195a00000)]
  0x0000018cbc862000 JavaThread "File lock request listener" [_thread_in_native, id=10268, stack(0x0000003195c00000,0x0000003195d00000)]
  0x0000018cbc860800 JavaThread "Cache worker for file hash cache (C:\Users\nidis\.gradle\caches\7.5\fileHashes)" [_thread_blocked, id=12132, stack(0x0000003195d00000,0x0000003195e00000)]
  0x0000018cbc861000 JavaThread "File watcher server" daemon [_thread_in_native, id=14128, stack(0x0000003195e00000,0x0000003195f00000)]
  0x0000018cbb9f8000 JavaThread "File watcher consumer" daemon [_thread_blocked, id=14244, stack(0x0000003195f00000,0x0000003196000000)]
  0x0000018cbb9f5800 JavaThread "Cache worker for checksums cache (C:\Users\nidis\AndroidStudioProjects\Dice\.gradle\7.5\checksums)" [_thread_blocked, id=14012, stack(0x0000003196000000,0x0000003196100000)]
  0x0000018cbb9f2000 JavaThread "Cache worker for cache directory md-rule (C:\Users\nidis\.gradle\caches\7.5\md-rule)" [_thread_blocked, id=3820, stack(0x0000003196100000,0x0000003196200000)]
  0x0000018cbb9f6000 JavaThread "Cache worker for file content cache (C:\Users\nidis\.gradle\caches\7.5\fileContent)" [_thread_blocked, id=8968, stack(0x0000003196200000,0x0000003196300000)]
  0x0000018cbb9f8800 JavaThread "Cache worker for file hash cache (C:\Users\nidis\AndroidStudioProjects\Dice\.gradle\7.5\fileHashes)" [_thread_blocked, id=10828, stack(0x0000003196300000,0x0000003196400000)]
  0x0000018cbb9f4000 JavaThread "Cache worker for cache directory md-supplier (C:\Users\nidis\.gradle\caches\7.5\md-supplier)" [_thread_blocked, id=5692, stack(0x0000003196400000,0x0000003196500000)]
  0x0000018cbb9f4800 JavaThread "Cache worker for execution history cache (C:\Users\nidis\.gradle\caches\7.5\executionHistory)" [_thread_blocked, id=11460, stack(0x0000003196500000,0x0000003196600000)]
  0x0000018cbb9f7000 JavaThread "jar transforms" [_thread_blocked, id=13680, stack(0x0000003196600000,0x0000003196700000)]
  0x0000018cbb9f3000 JavaThread "jar transforms Thread 2" [_thread_blocked, id=10052, stack(0x0000003196800000,0x0000003196900000)]
  0x0000018cbb9ff000 JavaThread "jar transforms Thread 3" [_thread_blocked, id=7400, stack(0x0000003196900000,0x0000003196a00000)]
  0x0000018cbb9fd800 JavaThread "jar transforms Thread 4" [_thread_blocked, id=10932, stack(0x0000003196a00000,0x0000003196b00000)]
  0x0000018cbb9f9800 JavaThread "Cache worker for dependencies-accessors (C:\Users\nidis\AndroidStudioProjects\Dice\.gradle\7.5\dependencies-accessors)" [_thread_blocked, id=1584, stack(0x0000003196b00000,0x0000003196c00000)]
  0x0000018cbba00000 JavaThread "Cache worker for Build Output Cleanup Cache (C:\Users\nidis\AndroidStudioProjects\Dice\.gradle\buildOutputCleanup)" [_thread_blocked, id=392, stack(0x0000003196700000,0x0000003196800000)]
  0x0000018cbb9fa800 JavaThread "Unconstrained build operations" [_thread_blocked, id=10132, stack(0x0000003196c00000,0x0000003196d00000)]
  0x0000018cbba01000 JavaThread "Unconstrained build operations Thread 2" [_thread_blocked, id=13508, stack(0x0000003196d00000,0x0000003196e00000)]
  0x0000018cbb9fb000 JavaThread "Unconstrained build operations Thread 3" [_thread_blocked, id=11116, stack(0x0000003196e00000,0x0000003196f00000)]
  0x0000018cbb9fc000 JavaThread "Unconstrained build operations Thread 4" [_thread_blocked, id=1144, stack(0x0000003196f00000,0x0000003197000000)]
  0x0000018cbb724800 JavaThread "Unconstrained build operations Thread 5" [_thread_blocked, id=11368, stack(0x0000003197000000,0x0000003197100000)]
  0x0000018cbb727000 JavaThread "Unconstrained build operations Thread 6" [_thread_blocked, id=1684, stack(0x0000003197100000,0x0000003197200000)]
  0x0000018cbb721000 JavaThread "Unconstrained build operations Thread 7" [_thread_blocked, id=11180, stack(0x0000003197200000,0x0000003197300000)]
  0x0000018cbb727800 JavaThread "Unconstrained build operations Thread 8" [_thread_blocked, id=14052, stack(0x0000003197300000,0x0000003197400000)]
  0x0000018cbb725000 JavaThread "Unconstrained build operations Thread 9" [_thread_blocked, id=10928, stack(0x0000003197400000,0x0000003197500000)]
  0x0000018cbb722000 JavaThread "Unconstrained build operations Thread 10" [_thread_blocked, id=11000, stack(0x0000003197500000,0x0000003197600000)]
  0x0000018cbb726000 JavaThread "Unconstrained build operations Thread 11" [_thread_blocked, id=4656, stack(0x0000003197600000,0x0000003197700000)]
  0x0000018cbb728800 JavaThread "Unconstrained build operations Thread 12" [_thread_blocked, id=11936, stack(0x0000003197700000,0x0000003197800000)]
  0x0000018cbb722800 JavaThread "Unconstrained build operations Thread 13" [_thread_blocked, id=4780, stack(0x0000003197800000,0x0000003197900000)]
  0x0000018cbb729000 JavaThread "Unconstrained build operations Thread 14" [_thread_blocked, id=11164, stack(0x0000003197900000,0x0000003197a00000)]
  0x0000018cbb723800 JavaThread "Unconstrained build operations Thread 15" [_thread_blocked, id=14240, stack(0x0000003197a00000,0x0000003197b00000)]
  0x0000018cbb72f000 JavaThread "Unconstrained build operations Thread 16" [_thread_blocked, id=1472, stack(0x0000003197b00000,0x0000003197c00000)]
  0x0000018cbb730000 JavaThread "Unconstrained build operations Thread 17" [_thread_blocked, id=6524, stack(0x0000003197c00000,0x0000003197d00000)]
  0x0000018cbb72c800 JavaThread "Unconstrained build operations Thread 18" [_thread_blocked, id=11588, stack(0x0000003197d00000,0x0000003197e00000)]
  0x0000018cbb72b000 JavaThread "Unconstrained build operations Thread 19" [_thread_blocked, id=9072, stack(0x0000003197e00000,0x0000003197f00000)]
  0x0000018cbb72e000 JavaThread "Unconstrained build operations Thread 20" [_thread_blocked, id=6356, stack(0x0000003197f00000,0x0000003198000000)]
  0x0000018cbb72a000 JavaThread "Unconstrained build operations Thread 21" [_thread_blocked, id=5824, stack(0x0000003198000000,0x0000003198100000)]
  0x0000018cbb72b800 JavaThread "Unconstrained build operations Thread 22" [_thread_blocked, id=2300, stack(0x0000003198100000,0x0000003198200000)]
  0x0000018cbb72d800 JavaThread "Unconstrained build operations Thread 23" [_thread_blocked, id=11308, stack(0x0000003198200000,0x0000003198300000)]
  0x0000018cbe8d7000 JavaThread "Unconstrained build operations Thread 24" [_thread_blocked, id=5348, stack(0x0000003198300000,0x0000003198400000)]
  0x0000018cbe8dc000 JavaThread "Unconstrained build operations Thread 25" [_thread_blocked, id=10596, stack(0x0000003198400000,0x0000003198500000)]
  0x0000018cbe8d9800 JavaThread "Unconstrained build operations Thread 26" [_thread_blocked, id=10148, stack(0x0000003198500000,0x0000003198600000)]
  0x0000018cbe8d8800 JavaThread "Unconstrained build operations Thread 27" [_thread_blocked, id=8320, stack(0x0000003198600000,0x0000003198700000)]
  0x0000018cbe8da800 JavaThread "Unconstrained build operations Thread 28" [_thread_blocked, id=14212, stack(0x0000003198700000,0x0000003198800000)]
  0x0000018cbe8dd800 JavaThread "Unconstrained build operations Thread 29" [_thread_blocked, id=9404, stack(0x0000003198800000,0x0000003198900000)]
  0x0000018cbe8db000 JavaThread "Unconstrained build operations Thread 30" [_thread_blocked, id=6316, stack(0x0000003198900000,0x0000003198a00000)]
  0x0000018cbe8dd000 JavaThread "Unconstrained build operations Thread 31" [_thread_blocked, id=14132, stack(0x0000003198a00000,0x0000003198b00000)]
  0x0000018cbe8d8000 JavaThread "Unconstrained build operations Thread 32" [_thread_blocked, id=5188, stack(0x0000003198b00000,0x0000003198c00000)]
  0x0000018cbe8de800 JavaThread "Unconstrained build operations Thread 33" [_thread_blocked, id=11228, stack(0x0000003198c00000,0x0000003198d00000)]
  0x0000018cbe8e1800 JavaThread "Unconstrained build operations Thread 34" [_thread_blocked, id=6100, stack(0x0000003198d00000,0x0000003198e00000)]
  0x0000018cbe8e0000 JavaThread "Unconstrained build operations Thread 35" [_thread_blocked, id=12524, stack(0x0000003198e00000,0x0000003198f00000)]
  0x0000018cbe8e2800 JavaThread "Unconstrained build operations Thread 36" [_thread_blocked, id=6580, stack(0x0000003198f00000,0x0000003199000000)]
  0x0000018cbe8e3800 JavaThread "Unconstrained build operations Thread 37" [_thread_blocked, id=11268, stack(0x0000003199000000,0x0000003199100000)]
  0x0000018cbe8e5000 JavaThread "Unconstrained build operations Thread 38" [_thread_blocked, id=8236, stack(0x0000003199100000,0x0000003199200000)]
  0x0000018cbe8e1000 JavaThread "Unconstrained build operations Thread 39" [_thread_blocked, id=2116, stack(0x0000003199200000,0x0000003199300000)]
  0x0000018cbe8df800 JavaThread "Unconstrained build operations Thread 40" [_thread_blocked, id=11568, stack(0x0000003199300000,0x0000003199400000)]
  0x0000018cbe8e4000 JavaThread "build event listener" [_thread_blocked, id=14036, stack(0x0000003199400000,0x0000003199500000)]
  0x0000018cbe8e6000 JavaThread "Memory manager" [_thread_blocked, id=1920, stack(0x0000003199500000,0x0000003199600000)]

Other Threads:
  0x0000018cb9ec0800 VMThread "VM Thread" [stack: 0x0000003194300000,0x0000003194400000] [id=10984]
  0x0000018cba9f3000 WatcherThread [stack: 0x0000003194d00000,0x0000003194e00000] [id=14156]
  0x0000018ca02cd800 GCTaskThread "GC Thread#0" [stack: 0x0000003193e00000,0x0000003193f00000] [id=5504]
  0x0000018cbac29800 GCTaskThread "GC Thread#1" [stack: 0x0000003194e00000,0x0000003194f00000] [id=10236]
  0x0000018cbb16c000 GCTaskThread "GC Thread#2" [stack: 0x0000003195a00000,0x0000003195b00000] [id=5816]
  0x0000018cbb16c800 GCTaskThread "GC Thread#3" [stack: 0x0000003195b00000,0x0000003195c00000] [id=4660]
  0x0000018ca02fe800 ConcurrentGCThread "G1 Main Marker" [stack: 0x0000003193f00000,0x0000003194000000] [id=12440]
  0x0000018ca02ff800 ConcurrentGCThread "G1 Conc#0" [stack: 0x0000003194000000,0x0000003194100000] [id=10604]
  0x0000018ca037b000 ConcurrentGCThread "G1 Refine#0" [stack: 0x0000003194100000,0x0000003194200000] [id=12836]
  0x0000018ca037c000 ConcurrentGCThread "G1 Young RemSet Sampling" [stack: 0x0000003194200000,0x0000003194300000] [id=7732]

Threads with active compile tasks:
C2 CompilerThread0    28000 7802       4       java.lang.Class::annotationData (44 bytes)

VM state:not at safepoint (normal execution)

VM Mutex/Monitor currently owned by a thread: None

Heap address: 0x0000000080000000, size: 2048 MB, Compressed Oops mode: 32-bit
Narrow klass base: 0x0000000000000000, Narrow klass shift: 3
Compressed class space size: 1073741824 Address: 0x0000000100000000

Heap:
 garbage-first heap   total 146432K, used 87735K [0x0000000080000000, 0x0000000100000000)
  region size 1024K, 21 young (21504K), 3 survivors (3072K)
 Metaspace       used 81840K, capacity 83725K, committed 83888K, reserved 1122304K
  class space    used 10667K, capacity 11419K, committed 11520K, reserved 1048576K
Heap Regions: E=young(eden), S=young(survivor), O=old, HS=humongous(starts), HC=humongous(continues), CS=collection set, F=free, A=archive, TAMS=top-at-mark-start (previous, next)
|   0|0x0000000080000000, 0x0000000080100000, 0x0000000080100000|100%|HS|  |TAMS 0x0000000080100000, 0x0000000080000000| Complete 
|   1|0x0000000080100000, 0x0000000080200000, 0x0000000080200000|100%|HC|  |TAMS 0x0000000080200000, 0x0000000080100000| Complete 
|   2|0x0000000080200000, 0x0000000080300000, 0x0000000080300000|100%|HC|  |TAMS 0x0000000080300000, 0x0000000080200000| Complete 
|   3|0x0000000080300000, 0x0000000080400000, 0x0000000080400000|100%| O|  |TAMS 0x0000000080400000, 0x0000000080300000| Untracked 
|   4|0x0000000080400000, 0x0000000080500000, 0x0000000080500000|100%| O|  |TAMS 0x0000000080500000, 0x0000000080400000| Untracked 
|   5|0x0000000080500000, 0x0000000080600000, 0x0000000080600000|100%| O|  |TAMS 0x0000000080600000, 0x0000000080500000| Untracked 
|   6|0x0000000080600000, 0x0000000080700000, 0x0000000080700000|100%| O|  |TAMS 0x0000000080700000, 0x0000000080600000| Untracked 
|   7|0x0000000080700000, 0x0000000080800000, 0x0000000080800000|100%| O|  |TAMS 0x0000000080800000, 0x0000000080700000| Untracked 
|   8|0x0000000080800000, 0x0000000080900000, 0x0000000080900000|100%| O|  |TAMS 0x0000000080900000, 0x0000000080800000| Untracked 
|   9|0x0000000080900000, 0x0000000080a00000, 0x0000000080a00000|100%| O|  |TAMS 0x0000000080a00000, 0x0000000080900000| Untracked 
|  10|0x0000000080a00000, 0x0000000080b00000, 0x0000000080b00000|100%| O|  |TAMS 0x0000000080b00000, 0x0000000080a00000| Untracked 
|  11|0x0000000080b00000, 0x0000000080c00000, 0x0000000080c00000|100%| O|  |TAMS 0x0000000080c00000, 0x0000000080b00000| Untracked 
|  12|0x0000000080c00000, 0x0000000080d00000, 0x0000000080d00000|100%| O|  |TAMS 0x0000000080d00000, 0x0000000080c00000| Untracked 
|  13|0x0000000080d00000, 0x0000000080e00000, 0x0000000080e00000|100%| O|  |TAMS 0x0000000080e00000, 0x0000000080d00000| Untracked 
|  14|0x0000000080e00000, 0x0000000080f00000, 0x0000000080f00000|100%| O|  |TAMS 0x0000000080f00000, 0x0000000080e00000| Untracked 
|  15|0x0000000080f00000, 0x0000000081000000, 0x0000000081000000|100%| O|  |TAMS 0x0000000081000000, 0x0000000080f00000| Untracked 
|  16|0x0000000081000000, 0x0000000081100000, 0x0000000081100000|100%| O|  |TAMS 0x0000000081100000, 0x0000000081000000| Untracked 
|  17|0x0000000081100000, 0x0000000081200000, 0x0000000081200000|100%| O|  |TAMS 0x0000000081200000, 0x0000000081100000| Untracked 
|  18|0x0000000081200000, 0x0000000081300000, 0x0000000081300000|100%| O|  |TAMS 0x0000000081300000, 0x0000000081200000| Untracked 
|  19|0x0000000081300000, 0x0000000081400000, 0x0000000081400000|100%| O|  |TAMS 0x0000000081400000, 0x0000000081300000| Untracked 
|  20|0x0000000081400000, 0x0000000081500000, 0x0000000081500000|100%| O|  |TAMS 0x0000000081500000, 0x0000000081400000| Untracked 
|  21|0x0000000081500000, 0x0000000081600000, 0x0000000081600000|100%| O|  |TAMS 0x0000000081600000, 0x0000000081500000| Untracked 
|  22|0x0000000081600000, 0x0000000081700000, 0x0000000081700000|100%| O|  |TAMS 0x0000000081700000, 0x0000000081600000| Untracked 
|  23|0x0000000081700000, 0x0000000081800000, 0x0000000081800000|100%| O|  |TAMS 0x0000000081800000, 0x0000000081700000| Untracked 
|  24|0x0000000081800000, 0x0000000081900000, 0x0000000081900000|100%| O|  |TAMS 0x0000000081900000, 0x0000000081800000| Untracked 
|  25|0x0000000081900000, 0x0000000081a00000, 0x0000000081a00000|100%| O|  |TAMS 0x0000000081a00000, 0x0000000081900000| Untracked 
|  26|0x0000000081a00000, 0x0000000081b00000, 0x0000000081b00000|100%| O|  |TAMS 0x0000000081b00000, 0x0000000081a00000| Untracked 
|  27|0x0000000081b00000, 0x0000000081c00000, 0x0000000081c00000|100%| O|  |TAMS 0x0000000081c00000, 0x0000000081b00000| Untracked 
|  28|0x0000000081c00000, 0x0000000081d00000, 0x0000000081d00000|100%| O|  |TAMS 0x0000000081d00000, 0x0000000081c00000| Untracked 
|  29|0x0000000081d00000, 0x0000000081e00000, 0x0000000081e00000|100%| O|  |TAMS 0x0000000081e00000, 0x0000000081d00000| Untracked 
|  30|0x0000000081e00000, 0x0000000081f00000, 0x0000000081f00000|100%|HS|  |TAMS 0x0000000081f00000, 0x0000000081e00000| Complete 
|  31|0x0000000081f00000, 0x0000000082000000, 0x0000000082000000|100%|HS|  |TAMS 0x0000000082000000, 0x0000000081f00000| Complete 
|  32|0x0000000082000000, 0x0000000082100000, 0x0000000082100000|100%|HC|  |TAMS 0x0000000082100000, 0x0000000082000000| Complete 
|  33|0x0000000082100000, 0x0000000082200000, 0x0000000082200000|100%|HS|  |TAMS 0x0000000082200000, 0x0000000082100000| Complete 
|  34|0x0000000082200000, 0x0000000082300000, 0x0000000082300000|100%| O|  |TAMS 0x0000000082300000, 0x0000000082200000| Untracked 
|  35|0x0000000082300000, 0x0000000082400000, 0x0000000082400000|100%| O|  |TAMS 0x0000000082400000, 0x0000000082300000| Untracked 
|  36|0x0000000082400000, 0x0000000082500000, 0x0000000082500000|100%|HS|  |TAMS 0x0000000082500000, 0x0000000082400000| Complete 
|  37|0x0000000082500000, 0x0000000082600000, 0x0000000082600000|100%|HC|  |TAMS 0x0000000082600000, 0x0000000082500000| Complete 
|  38|0x0000000082600000, 0x0000000082700000, 0x0000000082700000|100%|HC|  |TAMS 0x0000000082700000, 0x0000000082600000| Complete 
|  39|0x0000000082700000, 0x0000000082800000, 0x0000000082800000|100%|HC|  |TAMS 0x0000000082800000, 0x0000000082700000| Complete 
|  40|0x0000000082800000, 0x0000000082900000, 0x0000000082900000|100%| O|  |TAMS 0x0000000082900000, 0x0000000082800000| Untracked 
|  41|0x0000000082900000, 0x0000000082a00000, 0x0000000082a00000|100%| O|  |TAMS 0x0000000082a00000, 0x0000000082900000| Untracked 
|  42|0x0000000082a00000, 0x0000000082b00000, 0x0000000082b00000|100%| O|  |TAMS 0x0000000082b00000, 0x0000000082a00000| Untracked 
|  43|0x0000000082b00000, 0x0000000082c00000, 0x0000000082c00000|100%| O|  |TAMS 0x0000000082c00000, 0x0000000082b00000| Untracked 
|  44|0x0000000082c00000, 0x0000000082d00000, 0x0000000082d00000|100%| O|  |TAMS 0x0000000082d00000, 0x0000000082c00000| Untracked 
|  45|0x0000000082d00000, 0x0000000082e00000, 0x0000000082e00000|100%| O|  |TAMS 0x0000000082e00000, 0x0000000082d00000| Untracked 
|  46|0x0000000082e00000, 0x0000000082f00000, 0x0000000082f00000|100%| O|  |TAMS 0x0000000082f00000, 0x0000000082e00000| Untracked 
|  47|0x0000000082f00000, 0x0000000083000000, 0x0000000083000000|100%| O|  |TAMS 0x0000000083000000, 0x0000000082f00000| Untracked 
|  48|0x0000000083000000, 0x0000000083100000, 0x0000000083100000|100%| O|  |TAMS 0x0000000083100000, 0x0000000083000000| Untracked 
|  49|0x0000000083100000, 0x0000000083200000, 0x0000000083200000|100%| O|  |TAMS 0x0000000083200000, 0x0000000083100000| Untracked 
|  50|0x0000000083200000, 0x0000000083300000, 0x0000000083300000|100%| O|  |TAMS 0x0000000083300000, 0x0000000083200000| Untracked 
|  51|0x0000000083300000, 0x0000000083400000, 0x0000000083400000|100%| O|  |TAMS 0x0000000083400000, 0x0000000083300000| Untracked 
|  52|0x0000000083400000, 0x0000000083500000, 0x0000000083500000|100%| O|  |TAMS 0x0000000083500000, 0x0000000083400000| Untracked 
|  53|0x0000000083500000, 0x0000000083600000, 0x0000000083600000|100%| O|  |TAMS 0x0000000083600000, 0x0000000083500000| Untracked 
|  54|0x0000000083600000, 0x0000000083700000, 0x0000000083700000|100%| O|  |TAMS 0x0000000083700000, 0x0000000083600000| Untracked 
|  55|0x0000000083700000, 0x0000000083800000, 0x0000000083800000|100%| O|  |TAMS 0x0000000083800000, 0x0000000083700000| Untracked 
|  56|0x0000000083800000, 0x0000000083900000, 0x0000000083900000|100%| O|  |TAMS 0x0000000083900000, 0x0000000083800000| Untracked 
|  57|0x0000000083900000, 0x0000000083a00000, 0x0000000083a00000|100%| O|  |TAMS 0x0000000083a00000, 0x0000000083900000| Untracked 
|  58|0x0000000083a00000, 0x0000000083b00000, 0x0000000083b00000|100%| O|  |TAMS 0x0000000083b00000, 0x0000000083a00000| Untracked 
|  59|0x0000000083b00000, 0x0000000083c00000, 0x0000000083c00000|100%| O|  |TAMS 0x0000000083c00000, 0x0000000083b00000| Untracked 
|  60|0x0000000083c00000, 0x0000000083d00000, 0x0000000083d00000|100%| O|  |TAMS 0x0000000083d00000, 0x0000000083c00000| Untracked 
|  61|0x0000000083d00000, 0x0000000083e00000, 0x0000000083e00000|100%| O|  |TAMS 0x0000000083e00000, 0x0000000083d00000| Untracked 
|  62|0x0000000083e00000, 0x0000000083f00000, 0x0000000083f00000|100%| O|  |TAMS 0x0000000083f00000, 0x0000000083e00000| Untracked 
|  63|0x0000000083f00000, 0x0000000084000000, 0x0000000084000000|100%| O|  |TAMS 0x0000000084000000, 0x0000000083f00000| Untracked 
|  64|0x0000000084000000, 0x0000000084100000, 0x0000000084100000|100%| O|  |TAMS 0x0000000084100000, 0x0000000084000000| Untracked 
|  65|0x0000000084100000, 0x00000000841b0800, 0x0000000084200000| 68%| O|  |TAMS 0x00000000841b0800, 0x0000000084100000| Untracked 
|  66|0x0000000084200000, 0x0000000084200000, 0x0000000084300000|  0%| F|  |TAMS 0x0000000084200000, 0x0000000084200000| Untracked 
|  67|0x0000000084300000, 0x0000000084300000, 0x0000000084400000|  0%| F|  |TAMS 0x0000000084300000, 0x0000000084300000| Untracked 
|  68|0x0000000084400000, 0x0000000084400000, 0x0000000084500000|  0%| F|  |TAMS 0x0000000084400000, 0x0000000084400000| Untracked 
|  69|0x0000000084500000, 0x0000000084500000, 0x0000000084600000|  0%| F|  |TAMS 0x0000000084500000, 0x0000000084500000| Untracked 
|  70|0x0000000084600000, 0x0000000084600000, 0x0000000084700000|  0%| F|  |TAMS 0x0000000084600000, 0x0000000084600000| Untracked 
|  71|0x0000000084700000, 0x0000000084700000, 0x0000000084800000|  0%| F|  |TAMS 0x0000000084700000, 0x0000000084700000| Untracked 
|  72|0x0000000084800000, 0x0000000084800000, 0x0000000084900000|  0%| F|  |TAMS 0x0000000084800000, 0x0000000084800000| Untracked 
|  73|0x0000000084900000, 0x0000000084900000, 0x0000000084a00000|  0%| F|  |TAMS 0x0000000084900000, 0x0000000084900000| Untracked 
|  74|0x0000000084a00000, 0x0000000084a00000, 0x0000000084b00000|  0%| F|  |TAMS 0x0000000084a00000, 0x0000000084a00000| Untracked 
|  75|0x0000000084b00000, 0x0000000084b00000, 0x0000000084c00000|  0%| F|  |TAMS 0x0000000084b00000, 0x0000000084b00000| Untracked 
|  76|0x0000000084c00000, 0x0000000084c00000, 0x0000000084d00000|  0%| F|  |TAMS 0x0000000084c00000, 0x0000000084c00000| Untracked 
|  77|0x0000000084d00000, 0x0000000084d00000, 0x0000000084e00000|  0%| F|  |TAMS 0x0000000084d00000, 0x0000000084d00000| Untracked 
|  78|0x0000000084e00000, 0x0000000084e00000, 0x0000000084f00000|  0%| F|  |TAMS 0x0000000084e00000, 0x0000000084e00000| Untracked 
|  79|0x0000000084f00000, 0x0000000084f00000, 0x0000000085000000|  0%| F|  |TAMS 0x0000000084f00000, 0x0000000084f00000| Untracked 
|  80|0x0000000085000000, 0x0000000085000000, 0x0000000085100000|  0%| F|  |TAMS 0x0000000085000000, 0x0000000085000000| Untracked 
|  81|0x0000000085100000, 0x0000000085100000, 0x0000000085200000|  0%| F|  |TAMS 0x0000000085100000, 0x0000000085100000| Untracked 
|  82|0x0000000085200000, 0x0000000085200000, 0x0000000085300000|  0%| F|  |TAMS 0x0000000085200000, 0x0000000085200000| Untracked 
|  83|0x0000000085300000, 0x0000000085300000, 0x0000000085400000|  0%| F|  |TAMS 0x0000000085300000, 0x0000000085300000| Untracked 
|  84|0x0000000085400000, 0x0000000085400000, 0x0000000085500000|  0%| F|  |TAMS 0x0000000085400000, 0x0000000085400000| Untracked 
|  85|0x0000000085500000, 0x0000000085500000, 0x0000000085600000|  0%| F|  |TAMS 0x0000000085500000, 0x0000000085500000| Untracked 
|  86|0x0000000085600000, 0x00000000856fd500, 0x0000000085700000| 98%| S|CS|TAMS 0x0000000085600000, 0x0000000085600000| Complete 
|  87|0x0000000085700000, 0x0000000085800000, 0x0000000085800000|100%| S|CS|TAMS 0x0000000085700000, 0x0000000085700000| Complete 
|  88|0x0000000085800000, 0x0000000085900000, 0x0000000085900000|100%| S|CS|TAMS 0x0000000085800000, 0x0000000085800000| Complete 
|  89|0x0000000085900000, 0x0000000085900000, 0x0000000085a00000|  0%| F|  |TAMS 0x0000000085900000, 0x0000000085900000| Untracked 
|  90|0x0000000085a00000, 0x0000000085a00000, 0x0000000085b00000|  0%| F|  |TAMS 0x0000000085a00000, 0x0000000085a00000| Untracked 
|  91|0x0000000085b00000, 0x0000000085b00000, 0x0000000085c00000|  0%| F|  |TAMS 0x0000000085b00000, 0x0000000085b00000| Untracked 
|  92|0x0000000085c00000, 0x0000000085c00000, 0x0000000085d00000|  0%| F|  |TAMS 0x0000000085c00000, 0x0000000085c00000| Untracked 
|  93|0x0000000085d00000, 0x0000000085d00000, 0x0000000085e00000|  0%| F|  |TAMS 0x0000000085d00000, 0x0000000085d00000| Untracked 
|  94|0x0000000085e00000, 0x0000000085e00000, 0x0000000085f00000|  0%| F|  |TAMS 0x0000000085e00000, 0x0000000085e00000| Untracked 
|  95|0x0000000085f00000, 0x0000000085f00000, 0x0000000086000000|  0%| F|  |TAMS 0x0000000085f00000, 0x0000000085f00000| Untracked 
|  96|0x0000000086000000, 0x0000000086000000, 0x0000000086100000|  0%| F|  |TAMS 0x0000000086000000, 0x0000000086000000| Untracked 
|  97|0x0000000086100000, 0x0000000086100000, 0x0000000086200000|  0%| F|  |TAMS 0x0000000086100000, 0x0000000086100000| Untracked 
|  98|0x0000000086200000, 0x0000000086200000, 0x0000000086300000|  0%| F|  |TAMS 0x0000000086200000, 0x0000000086200000| Untracked 
|  99|0x0000000086300000, 0x0000000086300000, 0x0000000086400000|  0%| F|  |TAMS 0x0000000086300000, 0x0000000086300000| Untracked 
| 100|0x0000000086400000, 0x0000000086400000, 0x0000000086500000|  0%| F|  |TAMS 0x0000000086400000, 0x0000000086400000| Untracked 
| 101|0x0000000086500000, 0x0000000086500000, 0x0000000086600000|  0%| F|  |TAMS 0x0000000086500000, 0x0000000086500000| Untracked 
| 102|0x0000000086600000, 0x0000000086600000, 0x0000000086700000|  0%| F|  |TAMS 0x0000000086600000, 0x0000000086600000| Untracked 
| 103|0x0000000086700000, 0x0000000086700000, 0x0000000086800000|  0%| F|  |TAMS 0x0000000086700000, 0x0000000086700000| Untracked 
| 104|0x0000000086800000, 0x0000000086800000, 0x0000000086900000|  0%| F|  |TAMS 0x0000000086800000, 0x0000000086800000| Untracked 
| 105|0x0000000086900000, 0x0000000086900000, 0x0000000086a00000|  0%| F|  |TAMS 0x0000000086900000, 0x0000000086900000| Untracked 
| 106|0x0000000086a00000, 0x0000000086a00000, 0x0000000086b00000|  0%| F|  |TAMS 0x0000000086a00000, 0x0000000086a00000| Untracked 
| 107|0x0000000086b00000, 0x0000000086b00000, 0x0000000086c00000|  0%| F|  |TAMS 0x0000000086b00000, 0x0000000086b00000| Untracked 
| 108|0x0000000086c00000, 0x0000000086c00000, 0x0000000086d00000|  0%| F|  |TAMS 0x0000000086c00000, 0x0000000086c00000| Untracked 
| 109|0x0000000086d00000, 0x0000000086d00000, 0x0000000086e00000|  0%| F|  |TAMS 0x0000000086d00000, 0x0000000086d00000| Untracked 
| 110|0x0000000086e00000, 0x0000000086e00000, 0x0000000086f00000|  0%| F|  |TAMS 0x0000000086e00000, 0x0000000086e00000| Untracked 
| 111|0x0000000086f00000, 0x0000000086f00000, 0x0000000087000000|  0%| F|  |TAMS 0x0000000086f00000, 0x0000000086f00000| Untracked 
| 112|0x0000000087000000, 0x0000000087000000, 0x0000000087100000|  0%| F|  |TAMS 0x0000000087000000, 0x0000000087000000| Untracked 
| 113|0x0000000087100000, 0x0000000087100000, 0x0000000087200000|  0%| F|  |TAMS 0x0000000087100000, 0x0000000087100000| Untracked 
| 114|0x0000000087200000, 0x0000000087200000, 0x0000000087300000|  0%| F|  |TAMS 0x0000000087200000, 0x0000000087200000| Untracked 
| 115|0x0000000087300000, 0x0000000087300000, 0x0000000087400000|  0%| F|  |TAMS 0x0000000087300000, 0x0000000087300000| Untracked 
| 116|0x0000000087400000, 0x0000000087400000, 0x0000000087500000|  0%| F|  |TAMS 0x0000000087400000, 0x0000000087400000| Untracked 
| 117|0x0000000087500000, 0x0000000087500000, 0x0000000087600000|  0%| F|  |TAMS 0x0000000087500000, 0x0000000087500000| Untracked 
| 118|0x0000000087600000, 0x0000000087600000, 0x0000000087700000|  0%| F|  |TAMS 0x0000000087600000, 0x0000000087600000| Untracked 
| 119|0x0000000087700000, 0x0000000087700000, 0x0000000087800000|  0%| F|  |TAMS 0x0000000087700000, 0x0000000087700000| Untracked 
| 120|0x0000000087800000, 0x0000000087800000, 0x0000000087900000|  0%| F|  |TAMS 0x0000000087800000, 0x0000000087800000| Untracked 
| 121|0x0000000087900000, 0x0000000087900000, 0x0000000087a00000|  0%| F|  |TAMS 0x0000000087900000, 0x0000000087900000| Untracked 
| 122|0x0000000087a00000, 0x0000000087a00000, 0x0000000087b00000|  0%| F|  |TAMS 0x0000000087a00000, 0x0000000087a00000| Untracked 
| 123|0x0000000087b00000, 0x0000000087b00000, 0x0000000087c00000|  0%| F|  |TAMS 0x0000000087b00000, 0x0000000087b00000| Untracked 
| 124|0x0000000087c00000, 0x0000000087c00000, 0x0000000087d00000|  0%| F|  |TAMS 0x0000000087c00000, 0x0000000087c00000| Untracked 
| 125|0x0000000087d00000, 0x0000000087d80800, 0x0000000087e00000| 50%| E|  |TAMS 0x0000000087d00000, 0x0000000087d00000| Complete 
| 126|0x0000000087e00000, 0x0000000087f00000, 0x0000000087f00000|100%| E|CS|TAMS 0x0000000087e00000, 0x0000000087e00000| Complete 
| 127|0x0000000087f00000, 0x0000000088000000, 0x0000000088000000|100%| E|CS|TAMS 0x0000000087f00000, 0x0000000087f00000| Complete 
| 128|0x0000000088000000, 0x0000000088100000, 0x0000000088100000|100%| E|CS|TAMS 0x0000000088000000, 0x0000000088000000| Complete 
| 129|0x0000000088100000, 0x0000000088200000, 0x0000000088200000|100%| E|CS|TAMS 0x0000000088100000, 0x0000000088100000| Complete 
| 130|0x0000000088200000, 0x0000000088300000, 0x0000000088300000|100%| E|CS|TAMS 0x0000000088200000, 0x0000000088200000| Complete 
| 131|0x0000000088300000, 0x0000000088400000, 0x0000000088400000|100%| E|CS|TAMS 0x0000000088300000, 0x0000000088300000| Complete 
| 132|0x0000000088400000, 0x0000000088500000, 0x0000000088500000|100%| E|CS|TAMS 0x0000000088400000, 0x0000000088400000| Complete 
| 133|0x0000000088500000, 0x0000000088600000, 0x0000000088600000|100%| E|CS|TAMS 0x0000000088500000, 0x0000000088500000| Complete 
| 134|0x0000000088600000, 0x0000000088700000, 0x0000000088700000|100%| E|CS|TAMS 0x0000000088600000, 0x0000000088600000| Complete 
| 135|0x0000000088700000, 0x0000000088800000, 0x0000000088800000|100%| E|CS|TAMS 0x0000000088700000, 0x0000000088700000| Complete 
| 136|0x0000000088800000, 0x0000000088900000, 0x0000000088900000|100%| E|CS|TAMS 0x0000000088800000, 0x0000000088800000| Complete 
| 137|0x0000000088900000, 0x0000000088a00000, 0x0000000088a00000|100%| E|CS|TAMS 0x0000000088900000, 0x0000000088900000| Complete 
| 138|0x0000000088a00000, 0x0000000088b00000, 0x0000000088b00000|100%| E|CS|TAMS 0x0000000088a00000, 0x0000000088a00000| Complete 
| 139|0x0000000088b00000, 0x0000000088c00000, 0x0000000088c00000|100%| E|CS|TAMS 0x0000000088b00000, 0x0000000088b00000| Complete 
| 140|0x0000000088c00000, 0x0000000088d00000, 0x0000000088d00000|100%| E|CS|TAMS 0x0000000088c00000, 0x0000000088c00000| Complete 
| 141|0x0000000088d00000, 0x0000000088e00000, 0x0000000088e00000|100%| E|CS|TAMS 0x0000000088d00000, 0x0000000088d00000| Complete 
| 142|0x0000000088e00000, 0x0000000088f00000, 0x0000000088f00000|100%| E|CS|TAMS 0x0000000088e00000, 0x0000000088e00000| Complete 

Card table byte_map: [0x0000018cb31e0000,0x0000018cb35e0000] _byte_map_base: 0x0000018cb2de0000

Marking Bits (Prev, Next): (CMBitMap*) 0x0000018ca02f58f8, (CMBitMap*) 0x0000018ca02f5930
 Prev Bits: [0x0000018cb39e0000, 0x0000018cb59e0000)
 Next Bits: [0x0000018cb59e0000, 0x0000018cb79e0000)

Polling page: 0x0000018c9e460000

Metaspace:

Usage:
  Non-class:     70.61 MB capacity,    69.53 MB ( 98%) used,   888.44 KB (  1%) free+waste,   222.38 KB ( <1%) overhead. 
      Class:     11.15 MB capacity,    10.42 MB ( 93%) used,   646.42 KB (  6%) free+waste,   103.44 KB ( <1%) overhead. 
       Both:     81.76 MB capacity,    79.95 MB ( 98%) used,     1.50 MB (  2%) free+waste,   325.81 KB ( <1%) overhead. 

Virtual space:
  Non-class space:       72.00 MB reserved,      70.67 MB ( 98%) committed 
      Class space:        1.00 GB reserved,      11.25 MB (  1%) committed 
             Both:        1.07 GB reserved,      81.92 MB (  7%) committed 

Chunk freelists:
   Non-Class:  62.00 KB
       Class:  5.00 KB
        Both:  67.00 KB

MaxMetaspaceSize: 17179869184.00 GB
CompressedClassSpaceSize: 1.00 GB
Initial GC threshold: 20.80 MB
Current GC threshold: 132.79 MB
CDS: off

CodeHeap 'non-profiled nmethods': size=120064Kb used=3935Kb max_used=3935Kb free=116129Kb
 bounds [0x0000018cab8a0000, 0x0000018cabc80000, 0x0000018cb2de0000]
CodeHeap 'profiled nmethods': size=120000Kb used=16782Kb max_used=16782Kb free=103217Kb
 bounds [0x0000018ca4370000, 0x0000018ca53e0000, 0x0000018cab8a0000]
CodeHeap 'non-nmethods': size=5696Kb used=2372Kb max_used=2411Kb free=3323Kb
 bounds [0x0000018ca3de0000, 0x0000018ca4050000, 0x0000018ca4370000]
 total_blobs=8913 nmethods=8016 adapters=809
 compilation: enabled
              stopped_count=0, restarted_count=0
 full_count=0

Compilation events (20 events):
Event: 27.869 Thread 0x0000018cb9eec000 nmethod 8105 0x0000018ca53c3010 code [0x0000018ca53c3740, 0x0000018ca53c6c98]
Event: 27.870 Thread 0x0000018cb9eec000 8103       2       java.util.ArrayList::addAll (76 bytes)
Event: 27.870 Thread 0x0000018cb9eec000 nmethod 8103 0x0000018ca53c9410 code [0x0000018ca53c9600, 0x0000018ca53c99f8]
Event: 27.870 Thread 0x0000018cb9eec000 8104       2       org.gradle.internal.instantiation.generator.AbstractClassGenerator$$Lambda$98/0x000000010021cc40::apply (12 bytes)
Event: 27.871 Thread 0x0000018cb9eec000 nmethod 8104 0x0000018ca53c9b90 code [0x0000018ca53c9d40, 0x0000018ca53c9e88]
Event: 27.896 Thread 0x0000018cb9eec000 8106       2       org.gradle.internal.instantiation.generator.AbstractClassGenerator$ExtensibleTypePropertyHandler::startType (91 bytes)
Event: 27.897 Thread 0x0000018cb9eec000 nmethod 8106 0x0000018ca53c9f90 code [0x0000018ca53ca1a0, 0x0000018ca53ca5b8]
Event: 27.897 Thread 0x0000018cb9eec000 8108       2       org.gradle.internal.instantiation.generator.AbstractClassGenerator$DslMixInPropertyType::startType (37 bytes)
Event: 27.897 Thread 0x0000018cb9eec000 nmethod 8108 0x0000018ca53ca790 code [0x0000018ca53ca960, 0x0000018ca53caaf8]
Event: 27.900 Thread 0x0000018cb9eec000 8109       2       org.gradle.internal.instantiation.generator.AbstractClassGenerator::hasRelevantFields (49 bytes)
Event: 27.901 Thread 0x0000018cb9eec000 nmethod 8109 0x0000018ca53cac10 code [0x0000018ca53cae00, 0x0000018ca53cb0a8]
Event: 27.901 Thread 0x0000018cb9eec000 8110       2       org.gradle.internal.instantiation.generator.AbstractClassGenerator$ExtensibleTypePropertyHandler::applyTo (95 bytes)
Event: 27.902 Thread 0x0000018cb9eec000 nmethod 8110 0x0000018ca53cb210 code [0x0000018ca53cb420, 0x0000018ca53cb7a8]
Event: 27.902 Thread 0x0000018cb9eec000 8111       2       org.gradle.internal.instantiation.generator.AbstractClassGenerator$DslMixInPropertyType::applyTo (27 bytes)
Event: 27.902 Thread 0x0000018cb9eec000 nmethod 8111 0x0000018ca53cba90 code [0x0000018ca53cbc40, 0x0000018ca53cbdd8]
Event: 27.902 Thread 0x0000018cb9eec000 8112       2       org.gradle.internal.instantiation.generator.AbstractClassGenerator$DslMixInPropertyType::applyTo (43 bytes)
Event: 27.902 Thread 0x0000018cb9eec000 nmethod 8112 0x0000018ca53cbf10 code [0x0000018ca53cc100, 0x0000018ca53cc2e8]
Event: 27.902 Thread 0x0000018cb9eec000 8114       2       org.gradle.internal.instantiation.generator.AbstractClassGenerator$PropertyTypePropertyHandler::applyTo (44 bytes)
Event: 27.903 Thread 0x0000018cb9eec000 nmethod 8114 0x0000018ca53cc410 code [0x0000018ca53cc600, 0x0000018ca53cc838]
Event: 27.903 Thread 0x0000018cb9eec000 8113       2       org.gradle.internal.reflect.MethodSet::iterator (10 bytes)

GC Heap History (20 events):
Event: 21.621 GC heap before
{Heap before GC invocations=36 (full 0):
 garbage-first heap   total 101376K, used 76908K [0x0000000080000000, 0x0000000100000000)
  region size 1024K, 20 young (20480K), 1 survivors (1024K)
 Metaspace       used 63211K, capacity 64819K, committed 64944K, reserved 1105920K
  class space    used 7984K, capacity 8628K, committed 8704K, reserved 1048576K
}
Event: 21.627 GC heap after
{Heap after GC invocations=37 (full 0):
 garbage-first heap   total 101376K, used 58875K [0x0000000080000000, 0x0000000100000000)
  region size 1024K, 3 young (3072K), 3 survivors (3072K)
 Metaspace       used 63211K, capacity 64819K, committed 64944K, reserved 1105920K
  class space    used 7984K, capacity 8628K, committed 8704K, reserved 1048576K
}
Event: 21.925 GC heap before
{Heap before GC invocations=38 (full 0):
 garbage-first heap   total 101376K, used 71163K [0x0000000080000000, 0x0000000100000000)
  region size 1024K, 18 young (18432K), 3 survivors (3072K)
 Metaspace       used 64426K, capacity 66032K, committed 66096K, reserved 1105920K
  class space    used 8154K, capacity 8795K, committed 8832K, reserved 1048576K
}
Event: 21.932 GC heap after
{Heap after GC invocations=39 (full 0):
 garbage-first heap   total 101376K, used 58965K [0x0000000080000000, 0x0000000100000000)
  region size 1024K, 2 young (2048K), 2 survivors (2048K)
 Metaspace       used 64426K, capacity 66032K, committed 66096K, reserved 1105920K
  class space    used 8154K, capacity 8795K, committed 8832K, reserved 1048576K
}
Event: 22.543 GC heap before
{Heap before GC invocations=40 (full 0):
 garbage-first heap   total 101376K, used 80469K [0x0000000080000000, 0x0000000100000000)
  region size 1024K, 22 young (22528K), 2 survivors (2048K)
 Metaspace       used 66418K, capacity 67967K, committed 68144K, reserved 1107968K
  class space    used 8413K, capacity 9050K, committed 9088K, reserved 1048576K
}
Event: 22.549 GC heap after
{Heap after GC invocations=41 (full 0):
 garbage-first heap   total 101376K, used 59316K [0x0000000080000000, 0x0000000100000000)
  region size 1024K, 2 young (2048K), 2 survivors (2048K)
 Metaspace       used 66418K, capacity 67967K, committed 68144K, reserved 1107968K
  class space    used 8413K, capacity 9050K, committed 9088K, reserved 1048576K
}
Event: 23.026 GC heap before
{Heap before GC invocations=41 (full 0):
 garbage-first heap   total 101376K, used 80820K [0x0000000080000000, 0x0000000100000000)
  region size 1024K, 23 young (23552K), 2 survivors (2048K)
 Metaspace       used 67768K, capacity 69403K, committed 69680K, reserved 1110016K
  class space    used 8591K, capacity 9248K, committed 9344K, reserved 1048576K
}
Event: 23.033 GC heap after
{Heap after GC invocations=42 (full 0):
 garbage-first heap   total 101376K, used 60924K [0x0000000080000000, 0x0000000100000000)
  region size 1024K, 3 young (3072K), 3 survivors (3072K)
 Metaspace       used 67768K, capacity 69403K, committed 69680K, reserved 1110016K
  class space    used 8591K, capacity 9248K, committed 9344K, reserved 1048576K
}
Event: 23.355 GC heap before
{Heap before GC invocations=43 (full 0):
 garbage-first heap   total 101376K, used 82428K [0x0000000080000000, 0x0000000100000000)
  region size 1024K, 24 young (24576K), 3 survivors (3072K)
 Metaspace       used 67810K, capacity 69507K, committed 69680K, reserved 1110016K
  class space    used 8598K, capacity 9284K, committed 9344K, reserved 1048576K
}
Event: 23.367 GC heap after
{Heap after GC invocations=44 (full 0):
 garbage-first heap   total 101376K, used 62459K [0x0000000080000000, 0x0000000100000000)
  region size 1024K, 3 young (3072K), 3 survivors (3072K)
 Metaspace       used 67810K, capacity 69507K, committed 69680K, reserved 1110016K
  class space    used 8598K, capacity 9284K, committed 9344K, reserved 1048576K
}
Event: 23.617 GC heap before
{Heap before GC invocations=44 (full 0):
 garbage-first heap   total 101376K, used 82939K [0x0000000080000000, 0x0000000100000000)
  region size 1024K, 23 young (23552K), 3 survivors (3072K)
 Metaspace       used 68449K, capacity 70117K, committed 70192K, reserved 1110016K
  class space    used 8657K, capacity 9317K, committed 9344K, reserved 1048576K
}
Event: 23.626 GC heap after
{Heap after GC invocations=45 (full 0):
 garbage-first heap   total 121856K, used 63879K [0x0000000080000000, 0x0000000100000000)
  region size 1024K, 3 young (3072K), 3 survivors (3072K)
 Metaspace       used 68449K, capacity 70117K, committed 70192K, reserved 1110016K
  class space    used 8657K, capacity 9317K, committed 9344K, reserved 1048576K
}
Event: 24.340 GC heap before
{Heap before GC invocations=46 (full 0):
 garbage-first heap   total 121856K, used 90503K [0x0000000080000000, 0x0000000100000000)
  region size 1024K, 29 young (29696K), 3 survivors (3072K)
 Metaspace       used 71655K, capacity 73324K, committed 73648K, reserved 1114112K
  class space    used 9206K, capacity 9895K, committed 9984K, reserved 1048576K
}
Event: 24.346 GC heap after
{Heap after GC invocations=47 (full 0):
 garbage-first heap   total 121856K, used 65319K [0x0000000080000000, 0x0000000100000000)
  region size 1024K, 3 young (3072K), 3 survivors (3072K)
 Metaspace       used 71655K, capacity 73324K, committed 73648K, reserved 1114112K
  class space    used 9206K, capacity 9895K, committed 9984K, reserved 1048576K
}
Event: 25.088 GC heap before
{Heap before GC invocations=47 (full 0):
 garbage-first heap   total 121856K, used 92967K [0x0000000080000000, 0x0000000100000000)
  region size 1024K, 30 young (30720K), 3 survivors (3072K)
 Metaspace       used 74377K, capacity 76066K, committed 76336K, reserved 1116160K
  class space    used 9622K, capacity 10309K, committed 10368K, reserved 1048576K
}
Event: 25.102 GC heap after
{Heap after GC invocations=48 (full 0):
 garbage-first heap   total 121856K, used 66964K [0x0000000080000000, 0x0000000100000000)
  region size 1024K, 3 young (3072K), 3 survivors (3072K)
 Metaspace       used 74377K, capacity 76066K, committed 76336K, reserved 1116160K
  class space    used 9622K, capacity 10309K, committed 10368K, reserved 1048576K
}
Event: 26.060 GC heap before
{Heap before GC invocations=49 (full 0):
 garbage-first heap   total 121856K, used 94612K [0x0000000080000000, 0x0000000100000000)
  region size 1024K, 30 young (30720K), 3 survivors (3072K)
 Metaspace       used 76910K, capacity 78785K, committed 79024K, reserved 1118208K
  class space    used 9989K, capacity 10734K, committed 10752K, reserved 1048576K
}
Event: 26.070 GC heap after
{Heap after GC invocations=50 (full 0):
 garbage-first heap   total 121856K, used 69217K [0x0000000080000000, 0x0000000100000000)
  region size 1024K, 4 young (4096K), 4 survivors (4096K)
 Metaspace       used 76910K, capacity 78785K, committed 79024K, reserved 1118208K
  class space    used 9989K, capacity 10734K, committed 10752K, reserved 1048576K
}
Event: 26.826 GC heap before
{Heap before GC invocations=50 (full 0):
 garbage-first heap   total 121856K, used 96865K [0x0000000080000000, 0x0000000100000000)
  region size 1024K, 31 young (31744K), 4 survivors (4096K)
 Metaspace       used 79342K, capacity 81198K, committed 81456K, reserved 1120256K
  class space    used 10380K, capacity 11105K, committed 11136K, reserved 1048576K
}
Event: 26.842 GC heap after
{Heap after GC invocations=51 (full 0):
 garbage-first heap   total 146432K, used 70327K [0x0000000080000000, 0x0000000100000000)
  region size 1024K, 3 young (3072K), 3 survivors (3072K)
 Metaspace       used 79342K, capacity 81198K, committed 81456K, reserved 1120256K
  class space    used 10380K, capacity 11105K, committed 11136K, reserved 1048576K
}

Deoptimization events (20 events):
Event: 26.010 Thread 0x0000018cbc3bb800 Uncommon trap: trap_request=0xffffff4d fr.pc=0x0000018cabb0b36c relative=0x00000000000001ac
Event: 26.010 Thread 0x0000018cbc3bb800 Uncommon trap: reason=unstable_if action=reinterpret pc=0x0000018cabb0b36c method=java.util.HashMap.getNode(ILjava/lang/Object;)Ljava/util/HashMap$Node; @ 84 c2
Event: 26.010 Thread 0x0000018cbc3bb800 DEOPT PACKING pc=0x0000018cabb0b36c sp=0x00000031955f8930
Event: 26.010 Thread 0x0000018cbc3bb800 DEOPT UNPACKING pc=0x0000018ca3e2a1af sp=0x00000031955f88b8 mode 2
Event: 26.058 Thread 0x0000018cbc3bb800 Uncommon trap: trap_request=0xffffff7e fr.pc=0x0000018cabc58fe8 relative=0x00000000000003a8
Event: 26.058 Thread 0x0000018cbc3bb800 Uncommon trap: reason=predicate action=maybe_recompile pc=0x0000018cabc58fe8 method=java.util.AbstractCollection.toArray([Ljava/lang/Object;)[Ljava/lang/Object; @ 43 c2
Event: 26.058 Thread 0x0000018cbc3bb800 DEOPT PACKING pc=0x0000018cabc58fe8 sp=0x00000031955f7610
Event: 26.058 Thread 0x0000018cbc3bb800 DEOPT UNPACKING pc=0x0000018ca3e2a1af sp=0x00000031955f75b8 mode 2
Event: 26.442 Thread 0x0000018cbc3bb800 Uncommon trap: trap_request=0xffffff4d fr.pc=0x0000018cabb41b80 relative=0x0000000000000c40
Event: 26.442 Thread 0x0000018cbc3bb800 Uncommon trap: reason=unstable_if action=reinterpret pc=0x0000018cabb41b80 method=sun.nio.fs.WindowsPathParser.normalize(Ljava/lang/StringBuilder;Ljava/lang/String;I)Ljava/lang/String; @ 172 c2
Event: 26.442 Thread 0x0000018cbc3bb800 DEOPT PACKING pc=0x0000018cabb41b80 sp=0x00000031955f8730
Event: 26.442 Thread 0x0000018cbc3bb800 DEOPT UNPACKING pc=0x0000018ca3e2a1af sp=0x00000031955f8700 mode 2
Event: 27.676 Thread 0x0000018cbc3bb800 Uncommon trap: trap_request=0xffffff4d fr.pc=0x0000018cabb9c808 relative=0x0000000000000508
Event: 27.676 Thread 0x0000018cbc3bb800 Uncommon trap: reason=unstable_if action=reinterpret pc=0x0000018cabb9c808 method=java.util.regex.Matcher.find()Z @ 10 c2
Event: 27.676 Thread 0x0000018cbc3bb800 DEOPT PACKING pc=0x0000018cabb9c808 sp=0x00000031955f8830
Event: 27.676 Thread 0x0000018cbc3bb800 DEOPT UNPACKING pc=0x0000018ca3e2a1af sp=0x00000031955f8800 mode 2
Event: 27.811 Thread 0x0000018cbc3bb800 DEOPT PACKING pc=0x0000018ca4f9057c sp=0x00000031955f8c80
Event: 27.811 Thread 0x0000018cbc3bb800 DEOPT UNPACKING pc=0x0000018ca3e2a95e sp=0x00000031955f8248 mode 0
Event: 27.898 Thread 0x0000018cbc3bb800 DEOPT PACKING pc=0x0000018ca4f90556 sp=0x00000031955f8c30
Event: 27.898 Thread 0x0000018cbc3bb800 DEOPT UNPACKING pc=0x0000018ca3e2a95e sp=0x00000031955f81f8 mode 0

Classes redefined (0 events):
No events

Internal exceptions (20 events):
Event: 24.946 Thread 0x0000018cbc3bb800 Exception <a 'java/lang/ClassNotFoundException'{0x000000008614b200}: com/android/build/gradle/internal/api/ApkVariantOutputImpl_DecoratedBeanInfo> (0x000000008614b200) thrown at [src/hotspot/share/classfile/systemDictionary.cpp, line 230]
Event: 24.947 Thread 0x0000018cbc3bb800 Exception <a 'java/lang/ClassNotFoundException'{0x0000000086168f98}: com/android/build/gradle/internal/api/ApkVariantOutputImplBeanInfo> (0x0000000086168f98) thrown at [src/hotspot/share/classfile/systemDictionary.cpp, line 230]
Event: 24.948 Thread 0x0000018cbc3bb800 Exception <a 'java/lang/ClassNotFoundException'{0x0000000086188578}: com/android/build/gradle/internal/api/BaseVariantOutputImplBeanInfo> (0x0000000086188578) thrown at [src/hotspot/share/classfile/systemDictionary.cpp, line 230]
Event: 24.949 Thread 0x0000018cbc3bb800 Exception <a 'java/lang/ClassNotFoundException'{0x00000000861a6c58}: com/android/build/gradle/internal/api/BaseVariantOutputImplCustomizer> (0x00000000861a6c58) thrown at [src/hotspot/share/classfile/systemDictionary.cpp, line 230]
Event: 24.950 Thread 0x0000018cbc3bb800 Exception <a 'java/lang/ClassNotFoundException'{0x00000000861d7708}: com/android/build/gradle/internal/api/ApkVariantOutputImplCustomizer> (0x00000000861d7708) thrown at [src/hotspot/share/classfile/systemDictionary.cpp, line 230]
Event: 24.951 Thread 0x0000018cbc3bb800 Exception <a 'java/lang/ClassNotFoundException'{0x0000000086004f70}: com/android/build/gradle/internal/api/ApkVariantOutputImpl_DecoratedCustomizer> (0x0000000086004f70) thrown at [src/hotspot/share/classfile/systemDictionary.cpp, line 230]
Event: 25.069 Thread 0x0000018cbc3bb800 Exception <a 'java/lang/ClassNotFoundException'{0x0000000085de0e78}: com/android/build/gradle/internal/api/ReadOnlyBuildTypeBeanInfo> (0x0000000085de0e78) thrown at [src/hotspot/share/classfile/systemDictionary.cpp, line 230]
Event: 25.070 Thread 0x0000018cbc3bb800 Exception <a 'java/lang/ClassNotFoundException'{0x0000000085dff570}: com/android/build/gradle/internal/api/ReadOnlyBaseConfigBeanInfo> (0x0000000085dff570) thrown at [src/hotspot/share/classfile/systemDictionary.cpp, line 230]
Event: 25.071 Thread 0x0000018cbc3bb800 Exception <a 'java/lang/ClassNotFoundException'{0x000000008591ea10}: com/android/build/gradle/internal/api/ReadOnlyBaseConfigCustomizer> (0x000000008591ea10) thrown at [src/hotspot/share/classfile/systemDictionary.cpp, line 230]
Event: 25.072 Thread 0x0000018cbc3bb800 Exception <a 'java/lang/ClassNotFoundException'{0x000000008594d848}: com/android/build/gradle/internal/api/ReadOnlyBuildTypeCustomizer> (0x000000008594d848) thrown at [src/hotspot/share/classfile/systemDictionary.cpp, line 230]
Event: 25.726 Thread 0x0000018cbc3bb800 Implicit null exception at 0x0000018cabafc6b1 to 0x0000018cabafcd94
Event: 26.058 Thread 0x0000018cbc3bb800 Exception <a 'java/lang/NoSuchMethodError'{0x0000000085ce0e10}: 'java.lang.Object java.lang.invoke.DirectMethodHandle$Holder.invokeStatic(java.lang.Object, java.lang.Object, java.lang.Object, java.lang.Object, java.lang.Object, java.lang.Object, int)'> (0x0000000085ce0e10) thrown at [src/hotspot/share/interpreter/linkResolver.cpp, line 773]
Event: 26.059 Thread 0x0000018cbc3bb800 Exception <a 'java/lang/NoSuchMethodError'{0x0000000085cf8760}: 'java.lang.Object java.lang.invoke.DirectMethodHandle$Holder.invokeStatic(java.lang.Object, java.lang.Object, java.lang.Object, java.lang.Object, java.lang.Object, java.lang.Object, int, int)'> (0x0000000085cf8760) thrown at [src/hotspot/share/interpreter/linkResolver.cpp, line 773]
Event: 26.072 Thread 0x0000018cbc3bb800 Exception <a 'java/lang/NoSuchMethodError'{0x0000000087611f80}: 'java.lang.Object java.lang.invoke.DirectMethodHandle$Holder.invokeStatic(java.lang.Object, java.lang.Object, java.lang.Object, java.lang.Object, java.lang.Object, java.lang.Object, int, int, java.lang.Object)'> (0x0000000087611f80) thrown at [src/hotspot/share/interpreter/linkResolver.cpp, line 773]
Event: 26.327 Thread 0x0000018cbc3bb800 Exception <a 'sun/nio/fs/WindowsException'{0x0000000086eb3f18}> (0x0000000086eb3f18) thrown at [src/hotspot/share/prims/jni.cpp, line 617]
Event: 26.645 Thread 0x0000018cbc3bb800 Exception <a 'java/lang/NullPointerException'{0x0000000086350018}> (0x0000000086350018) thrown at [src/hotspot/share/interpreter/linkResolver.cpp, line 1440]
Event: 27.727 Thread 0x0000018cbc3bb800 Exception <a 'sun/nio/fs/WindowsException'{0x00000000884afd78}> (0x00000000884afd78) thrown at [src/hotspot/share/prims/jni.cpp, line 617]
Event: 27.727 Thread 0x0000018cbc3bb800 Exception <a 'sun/nio/fs/WindowsException'{0x00000000884b1108}> (0x00000000884b1108) thrown at [src/hotspot/share/prims/jni.cpp, line 617]
Event: 27.727 Thread 0x0000018cbc3bb800 Exception <a 'sun/nio/fs/WindowsException'{0x00000000884b24d0}> (0x00000000884b24d0) thrown at [src/hotspot/share/prims/jni.cpp, line 617]
Event: 27.728 Thread 0x0000018cbc3bb800 Exception <a 'sun/nio/fs/WindowsException'{0x00000000884b3898}> (0x00000000884b3898) thrown at [src/hotspot/share/prims/jni.cpp, line 617]

Events (20 events):
Event: 27.878 loading class org/jetbrains/kotlin/incremental/ChangedFiles
Event: 27.878 loading class org/jetbrains/kotlin/incremental/ChangedFiles done
Event: 27.879 loading class org/gradle/api/file/FileSystemOperations
Event: 27.879 loading class org/gradle/api/file/FileSystemOperations done
Event: 27.882 loading class org/jetbrains/kotlin/gradle/tasks/KotlinCompilerExecutionStrategy
Event: 27.882 loading class org/jetbrains/kotlin/gradle/tasks/KotlinCompilerExecutionStrategy done
Event: 27.883 loading class org/jetbrains/kotlin/compilerRunner/GradleCompilerRunner
Event: 27.883 loading class org/jetbrains/kotlin/compilerRunner/GradleCompilerRunner done
Event: 27.886 loading class org/jetbrains/kotlin/gradle/tasks/DefaultKotlinJavaToolchain
Event: 27.886 loading class org/jetbrains/kotlin/gradle/tasks/DefaultKotlinJavaToolchain done
Event: 27.888 loading class org/jetbrains/kotlin/gradle/tasks/GradleCompileTaskProvider
Event: 27.888 loading class org/jetbrains/kotlin/gradle/tasks/GradleCompileTaskProvider done
Event: 27.890 loading class org/jetbrains/kotlin/gradle/plugin/PropertiesProvider$JvmTargetValidationMode
Event: 27.890 loading class org/jetbrains/kotlin/gradle/plugin/PropertiesProvider$JvmTargetValidationMode done
Event: 27.891 loading class org/jetbrains/kotlin/gradle/tasks/KotlinCompilerPluginData
Event: 27.891 loading class org/jetbrains/kotlin/gradle/tasks/KotlinCompilerPluginData done
Event: 27.892 loading class org/jetbrains/kotlin/build/report/metrics/BuildMetricsReporter
Event: 27.892 loading class org/jetbrains/kotlin/build/report/metrics/BuildMetricsReporter done
Event: 27.894 loading class org/jetbrains/kotlin/gradle/plugin/CompilerPluginConfig
Event: 27.894 loading class org/jetbrains/kotlin/gradle/plugin/CompilerPluginConfig done


Dynamic libraries:
0x00007ff768160000 - 0x00007ff76816a000 	C:\Program Files\Android\Android Studio\jbr\bin\java.exe
0x00007ffbea8f0000 - 0x00007ffbeaae8000 	C:\WINDOWS\SYSTEM32\ntdll.dll
0x00007ffbea170000 - 0x00007ffbea22f000 	C:\WINDOWS\System32\KERNEL32.DLL
0x00007ffbe8200000 - 0x00007ffbe84f6000 	C:\WINDOWS\System32\KERNELBASE.dll
0x00007ffbe8730000 - 0x00007ffbe8830000 	C:\WINDOWS\System32\ucrtbase.dll
0x00007ffbd66e0000 - 0x00007ffbd66fb000 	C:\Program Files\Android\Android Studio\jbr\bin\VCRUNTIME140.dll
0x00007ffbd4290000 - 0x00007ffbd42a7000 	C:\Program Files\Android\Android Studio\jbr\bin\jli.dll
0x00007ffbe8d90000 - 0x00007ffbe8f2d000 	C:\WINDOWS\System32\USER32.dll
0x00007ffbd2760000 - 0x00007ffbd29fa000 	C:\WINDOWS\WinSxS\amd64_microsoft.windows.common-controls_6595b64144ccf1df_6.0.19041.1110_none_60b5254171f9507e\COMCTL32.dll
0x00007ffbe97c0000 - 0x00007ffbe985e000 	C:\WINDOWS\System32\msvcrt.dll
0x00007ffbe8500000 - 0x00007ffbe8522000 	C:\WINDOWS\System32\win32u.dll
0x00007ffbe9790000 - 0x00007ffbe97bc000 	C:\WINDOWS\System32\GDI32.dll
0x00007ffbe8830000 - 0x00007ffbe8945000 	C:\WINDOWS\System32\gdi32full.dll
0x00007ffbe80b0000 - 0x00007ffbe814d000 	C:\WINDOWS\System32\msvcp_win.dll
0x00007ffbe96e0000 - 0x00007ffbe9710000 	C:\WINDOWS\System32\IMM32.DLL
0x00007ffbca1e0000 - 0x00007ffbca26d000 	C:\Program Files\Android\Android Studio\jbr\bin\msvcp140.dll
0x00007ffbccf70000 - 0x00007ffbccf7c000 	C:\WINDOWS\SYSTEM32\VCRUNTIME140_1.dll
0x00007ffb7f630000 - 0x00007ffb801ec000 	C:\Program Files\Android\Android Studio\jbr\bin\server\jvm.dll
0x00007ffbe8960000 - 0x00007ffbe8a0f000 	C:\WINDOWS\System32\ADVAPI32.dll
0x00007ffbea310000 - 0x00007ffbea3ac000 	C:\WINDOWS\System32\sechost.dll
0x00007ffbe9f90000 - 0x00007ffbea0b6000 	C:\WINDOWS\System32\RPCRT4.dll
0x00007ffbe8c70000 - 0x00007ffbe8c78000 	C:\WINDOWS\System32\PSAPI.DLL
0x00007ffbdeb40000 - 0x00007ffbdeb67000 	C:\WINDOWS\SYSTEM32\WINMM.dll
0x00007ffbdeb70000 - 0x00007ffbdeb7a000 	C:\WINDOWS\SYSTEM32\VERSION.dll
0x00007ffbe0950000 - 0x00007ffbe0959000 	C:\WINDOWS\SYSTEM32\WSOCK32.dll
0x00007ffbe9860000 - 0x00007ffbe98cb000 	C:\WINDOWS\System32\ws2_32.DLL
0x00007ffbe6800000 - 0x00007ffbe6812000 	C:\WINDOWS\SYSTEM32\kernel.appcore.dll
0x00007ffbe2ad0000 - 0x00007ffbe2ae0000 	C:\Program Files\Android\Android Studio\jbr\bin\verify.dll
0x00007ffbe65e0000 - 0x00007ffbe67c4000 	C:\WINDOWS\SYSTEM32\DBGHELP.DLL
0x00007ffbcd1a0000 - 0x00007ffbcd1d4000 	C:\WINDOWS\SYSTEM32\dbgcore.DLL
0x00007ffbe7fd0000 - 0x00007ffbe8052000 	C:\WINDOWS\System32\bcryptPrimitives.dll
0x00007ffbcd060000 - 0x00007ffbcd088000 	C:\Program Files\Android\Android Studio\jbr\bin\java.dll
0x00007ffbd2a80000 - 0x00007ffbd2a8a000 	C:\Program Files\Android\Android Studio\jbr\bin\jimage.dll
0x00007ffbd2170000 - 0x00007ffbd2188000 	C:\Program Files\Android\Android Studio\jbr\bin\zip.dll
0x00007ffbe8f90000 - 0x00007ffbe96d4000 	C:\WINDOWS\System32\SHELL32.dll
0x00007ffbe5d80000 - 0x00007ffbe6513000 	C:\WINDOWS\SYSTEM32\windows.storage.dll
0x00007ffbe9a70000 - 0x00007ffbe9dc4000 	C:\WINDOWS\System32\combase.dll
0x00007ffbe7940000 - 0x00007ffbe796e000 	C:\WINDOWS\SYSTEM32\Wldp.dll
0x00007ffbe8ce0000 - 0x00007ffbe8d8d000 	C:\WINDOWS\System32\SHCORE.dll
0x00007ffbe8f30000 - 0x00007ffbe8f85000 	C:\WINDOWS\System32\shlwapi.dll
0x00007ffbe7f00000 - 0x00007ffbe7f25000 	C:\WINDOWS\SYSTEM32\profapi.dll
0x00007ffbcd040000 - 0x00007ffbcd059000 	C:\Program Files\Android\Android Studio\jbr\bin\net.dll
0x00007ffbdbde0000 - 0x00007ffbdbeea000 	C:\WINDOWS\SYSTEM32\WINHTTP.dll
0x00007ffbe76a0000 - 0x00007ffbe770a000 	C:\WINDOWS\system32\mswsock.dll
0x00007ffbc2a20000 - 0x00007ffbc2a33000 	C:\Program Files\Android\Android Studio\jbr\bin\nio.dll
0x00007ffbc2b90000 - 0x00007ffbc2bb7000 	C:\Users\nidis\.gradle\native\e1d6ef7f7dcc3fd88c89a11ec53ec762bb8ba0a96d01ffa2cd45eb1d1d8dd5c5\windows-amd64\native-platform.dll
0x00007ffbc19c0000 - 0x00007ffbc1b04000 	C:\Users\nidis\.gradle\native\0d407fdbe67a94daf76414ababcb853783967236a71b16ec16e742cd7a986fd3\windows-amd64\native-platform-file-events.dll
0x00007ffbd2a70000 - 0x00007ffbd2a7a000 	C:\Program Files\Android\Android Studio\jbr\bin\management.dll
0x00007ffbccd90000 - 0x00007ffbccd9b000 	C:\Program Files\Android\Android Studio\jbr\bin\management_ext.dll
0x00007ffbe78a0000 - 0x00007ffbe78b8000 	C:\WINDOWS\SYSTEM32\CRYPTSP.dll
0x00007ffbe6fb0000 - 0x00007ffbe6fe4000 	C:\WINDOWS\system32\rsaenh.dll
0x00007ffbe8530000 - 0x00007ffbe8557000 	C:\WINDOWS\System32\bcrypt.dll
0x00007ffbe7ec0000 - 0x00007ffbe7eee000 	C:\WINDOWS\SYSTEM32\USERENV.dll
0x00007ffbe7890000 - 0x00007ffbe789c000 	C:\WINDOWS\SYSTEM32\CRYPTBASE.dll
0x00007ffbe7390000 - 0x00007ffbe73cb000 	C:\WINDOWS\SYSTEM32\IPHLPAPI.DLL
0x00007ffbe9dd0000 - 0x00007ffbe9dd8000 	C:\WINDOWS\System32\NSI.dll
0x00007ffbdc4c0000 - 0x00007ffbdc4d7000 	C:\WINDOWS\SYSTEM32\dhcpcsvc6.DLL
0x00007ffbdee30000 - 0x00007ffbdee4d000 	C:\WINDOWS\SYSTEM32\dhcpcsvc.DLL
0x00007ffbe73d0000 - 0x00007ffbe749a000 	C:\WINDOWS\SYSTEM32\DNSAPI.dll

dbghelp: loaded successfully - version: 4.0.5 - missing functions: none
symbol engine: initialized successfully - sym options: 0x614 - pdb path: .;C:\Program Files\Android\Android Studio\jbr\bin;C:\WINDOWS\SYSTEM32;C:\WINDOWS\WinSxS\amd64_microsoft.windows.common-controls_6595b64144ccf1df_6.0.19041.1110_none_60b5254171f9507e;C:\Program Files\Android\Android Studio\jbr\bin\server;C:\Users\nidis\.gradle\native\e1d6ef7f7dcc3fd88c89a11ec53ec762bb8ba0a96d01ffa2cd45eb1d1d8dd5c5\windows-amd64;C:\Users\nidis\.gradle\native\0d407fdbe67a94daf76414ababcb853783967236a71b16ec16e742cd7a986fd3\windows-amd64

VM Arguments:
jvm_args: --add-opens=java.base/java.util=ALL-UNNAMED --add-opens=java.base/java.lang=ALL-UNNAMED --add-opens=java.base/java.lang.invoke=ALL-UNNAMED --add-opens=java.base/java.util=ALL-UNNAMED --add-opens=java.prefs/java.util.prefs=ALL-UNNAMED --add-opens=java.prefs/java.util.prefs=ALL-UNNAMED --add-opens=java.base/java.nio.charset=ALL-UNNAMED --add-opens=java.base/java.net=ALL-UNNAMED --add-opens=java.base/java.util.concurrent.atomic=ALL-UNNAMED -Xmx2048m -Dfile.encoding=UTF-8 -Duser.country=GR -Duser.language=el -Duser.variant 
java_command: org.gradle.launcher.daemon.bootstrap.GradleDaemon 7.5
java_class_path (initial): C:\Users\nidis\.gradle\wrapper\dists\gradle-7.5-bin\f1w0cc9nuo0eivz97x2xlu9sv\gradle-7.5\lib\gradle-launcher-7.5.jar
Launcher Type: SUN_STANDARD

[Global flags]
     intx CICompilerCount                          = 3                                         {product} {ergonomic}
     uint ConcGCThreads                            = 1                                         {product} {ergonomic}
     uint G1ConcRefinementThreads                  = 4                                         {product} {ergonomic}
   size_t G1HeapRegionSize                         = 1048576                                   {product} {ergonomic}
    uintx GCDrainStackTargetSize                   = 64                                        {product} {ergonomic}
   size_t InitialHeapSize                          = 58720256                                  {product} {ergonomic}
   size_t MarkStackSize                            = 4194304                                   {product} {ergonomic}
   size_t MaxHeapSize                              = 2147483648                                {product} {command line}
   size_t MaxNewSize                               = 1287651328                                {product} {ergonomic}
   size_t MinHeapDeltaBytes                        = 1048576                                   {product} {ergonomic}
    uintx NonNMethodCodeHeapSize                   = 5830732                                {pd product} {ergonomic}
    uintx NonProfiledCodeHeapSize                  = 122913754                              {pd product} {ergonomic}
    uintx ProfiledCodeHeapSize                     = 122913754                              {pd product} {ergonomic}
    uintx ReservedCodeCacheSize                    = 251658240                              {pd product} {ergonomic}
     bool SegmentedCodeCache                       = true                                      {product} {ergonomic}
     bool UseCompressedClassPointers               = true                                 {lp64_product} {ergonomic}
     bool UseCompressedOops                        = true                                 {lp64_product} {ergonomic}
     bool UseG1GC                                  = true                                      {product} {ergonomic}
     bool UseLargePagesIndividualAllocation        = false                                  {pd product} {ergonomic}

Logging:
Log output configuration:
 #0: stdout all=warning uptime,level,tags
 #1: stderr all=off uptime,level,tags

Environment Variables:
PATH=C:\app\nidis\product\21c\dbhomeXE\bin;C:\Program Files\Eclipse Adoptium\jdk-11.0.17.8-hotspot\bin;C:\WINDOWS\system32;C:\WINDOWS;C:\WINDOWS\System32\Wbem;C:\WINDOWS\System32\WindowsPowerShell\v1.0\;C:\WINDOWS\System32\OpenSSH\;C:\Program Files\nodejs\;C:\Program Files (x86)\Google\Cloud SDK\google-cloud-sdk\bin;C:\Program Files\Git\cmd;C:\Program Files (x86)\Microsoft SQL Server\160\Tools\Binn\;C:\Program Files\Microsoft SQL Server\160\Tools\Binn\;C:\Program Files\Microsoft SQL Server\Client SDK\ODBC\170\Tools\Binn\;C:\Program Files\Microsoft SQL Server\160\DTS\Binn\;C:\Program Files (x86)\Microsoft SQL Server\160\DTS\Binn\;C:\Program Files\Azure Data Studio\bin;C:\Users\nidis\AppData\Local\Programs\Python\Python311\Scripts\;C:\Users\nidis\AppData\Local\Programs\Python\Python311\;C:\Users\nidis\AppData\Local\Microsoft\WindowsApps;C:\Users\nidis\AppData\Roaming\npm;C:\Users\nidis\AppData\Local\GitHubDesktop\bin;C:\Program Files\Azure Data Studio\bin
USERNAME=nidis
OS=Windows_NT
PROCESSOR_IDENTIFIER=AMD64 Family 23 Model 17 Stepping 0, AuthenticAMD



---------------  S Y S T E M  ---------------

OS: Windows 10 , 64 bit Build 19041 (10.0.19041.3155)
OS uptime: 12 days 7:30 hours

CPU:total 4 (initial active 4) (4 cores per cpu, 2 threads per core) family 23 model 17 stepping 0 microcode 0x0, cmov, cx8, fxsr, mmx, sse, sse2, sse3, ssse3, sse4.1, sse4.2, popcnt, avx, avx2, aes, clmul, mmxext, 3dnowpref, lzcnt, sse4a, ht, tsc, tscinvbit, tscinv, bmi1, bmi2, adx, sha, fma

Memory: 4k page, system-wide physical 3491M (180M free)
TotalPageFile size 14243M (AvailPageFile size 2M)
current process WorkingSet (physical memory assigned to process): 274M, peak: 290M
current process commit charge ("private bytes"): 391M, peak: 393M

vm_info: OpenJDK 64-Bit Server VM (11.0.15+0-b2043.56-8887301) for windows-amd64 JRE (11.0.15+0-b2043.56-8887301), built on Jul 29 2022 23:19:47 by "builduser" with unknown MS VC++:1929

END.
