#
# There is insufficient memory for the Java Runtime Environment to continue.
# Native memory allocation (malloc) failed to allocate 1047696 bytes for Chunk::new
# Possible reasons:
#   The system is out of physical RAM or swap space
#   The process is running with CompressedOops enabled, and the Java Heap may be blocking the growth of the native heap
# Possible solutions:
#   Reduce memory load on the system
#   Increase physical memory or swap space
#   Check if swap backing store is full
#   Decrease Java heap size (-Xmx/-Xms)
#   Decrease number of Java threads
#   Decrease Java thread stack sizes (-Xss)
#   Set larger code cache with -XX:ReservedCodeCacheSize=
#   JVM is running with Unscaled Compressed Oops mode in which the Java heap is
#     placed in the first 4GB address space. The Java Heap base address is the
#     maximum limit for the native heap growth. Please use -XX:HeapBaseMinAddress
#     to set the Java Heap base and to place the Java Heap above 4GB virtual address.
# This output file may be truncated or incomplete.
#
#  Out of Memory Error (src/hotspot/share/memory/arena.cpp:197), pid=11216, tid=13228
#
# JRE version: OpenJDK Runtime Environment (11.0.15) (build 11.0.15+0-b2043.56-8887301)
# Java VM: OpenJDK 64-Bit Server VM (11.0.15+0-b2043.56-8887301, mixed mode, tiered, compressed oops, g1 gc, windows-amd64)
# No core dump will be written. Minidumps are not enabled by default on client versions of Windows
#

---------------  S U M M A R Y ------------

Command Line: --add-opens=java.base/java.util=ALL-UNNAMED --add-opens=java.base/java.lang=ALL-UNNAMED --add-opens=java.base/java.lang.invoke=ALL-UNNAMED --add-opens=java.base/java.util=ALL-UNNAMED --add-opens=java.prefs/java.util.prefs=ALL-UNNAMED --add-opens=java.prefs/java.util.prefs=ALL-UNNAMED --add-opens=java.base/java.nio.charset=ALL-UNNAMED --add-opens=java.base/java.net=ALL-UNNAMED --add-opens=java.base/java.util.concurrent.atomic=ALL-UNNAMED -Xmx2048m -Dfile.encoding=UTF-8 -Duser.country=GR -Duser.language=el -Duser.variant org.gradle.launcher.daemon.bootstrap.GradleDaemon 7.5

Host: AMD Ryzen 3 2200U with Radeon Vega Mobile Gfx  , 4 cores, 3G,  Windows 10 , 64 bit Build 19041 (10.0.19041.3155)
Time: Tue Sep 12 20:42:00 2023  Windows 10 , 64 bit Build 19041 (10.0.19041.3155) elapsed time: 36.344919 seconds (0d 0h 0m 36s)

---------------  T H R E A D  ---------------

Current thread (0x000002813c042000):  JavaThread "C2 CompilerThread0" daemon [_thread_in_native, id=13228, stack(0x0000008e1f000000,0x0000008e1f100000)]


Current CompileTask:
C2:  36345 15104   !   4       java.net.URL::<init> (543 bytes)

Stack: [0x0000008e1f000000,0x0000008e1f100000]
Native frames: (J=compiled Java code, j=interpreted, Vv=VM code, C=native code)
V  [jvm.dll+0x64135a]
V  [jvm.dll+0x7d39f9]
V  [jvm.dll+0x7d51b9]
V  [jvm.dll+0x7d58a3]
V  [jvm.dll+0x2691c5]
V  [jvm.dll+0xc1a5c]
V  [jvm.dll+0xc200c]
V  [jvm.dll+0x2da2c2]
V  [jvm.dll+0x54cad9]
V  [jvm.dll+0x22a011]
V  [jvm.dll+0x223809]
V  [jvm.dll+0x220384]
V  [jvm.dll+0x19e851]
V  [jvm.dll+0x230479]
V  [jvm.dll+0x22e5ef]
V  [jvm.dll+0x794de1]
V  [jvm.dll+0x78dc24]
V  [jvm.dll+0x6400f6]
C  [ucrtbase.dll+0x21bb2]
C  [KERNEL32.DLL+0x17614]
C  [ntdll.dll+0x526b1]


---------------  P R O C E S S  ---------------

Threads class SMR info:
_java_thread_list=0x000002813f78ca10, length=89, elements={
0x0000028122413000, 0x000002813bfdb000, 0x000002813bfe5000, 0x000002813c03d000,
0x000002813c03e000, 0x000002813c03f000, 0x000002813c042000, 0x000002813c046000,
0x000002813c052000, 0x000002813caed800, 0x000002813ef19000, 0x00000281401c0800,
0x000002813d80b800, 0x000002813d80c800, 0x000002813ecb3800, 0x000002813ecb4800,
0x000002813eef0000, 0x000002813dbdf000, 0x000002813eeef000, 0x000002813e2b0800,
0x000002813e52f000, 0x000002813e531800, 0x000002813e530000, 0x000002813e531000,
0x000002813e532800, 0x000002813e533000, 0x000002813e534000, 0x000002813e52e800,
0x000002813e535000, 0x0000028140969800, 0x0000028140965800, 0x0000028140966800,
0x0000028140967000, 0x0000028140968000, 0x0000028140969000, 0x0000028140965000,
0x000002814096e800, 0x000002814096b800, 0x0000028140971000, 0x0000028140972000,
0x000002814096f800, 0x000002814096c000, 0x000002814096d800, 0x0000028140972800,
0x000002814096d000, 0x0000028140970000, 0x0000028140973800, 0x0000028140e4c800,
0x0000028140e4b800, 0x0000028140e4e000, 0x0000028140e52000, 0x0000028140e50800,
0x0000028140e51800, 0x0000028140e4f800, 0x0000028140e4d000, 0x0000028140e53800,
0x0000028140e54800, 0x0000028140e53000, 0x0000028140e4f000, 0x0000028140e56000,
0x0000028140e5a000, 0x0000028140e58800, 0x0000028140e58000, 0x0000028140e55800,
0x0000028140e57000, 0x0000028140e59800, 0x0000028140e5d000, 0x0000028140e5f000,
0x0000028140e5f800, 0x0000028140e5e000, 0x0000028140e60800, 0x0000028140e61800,
0x0000028140e5b800, 0x0000028140e5c800, 0x0000028140e62000, 0x0000028140e66000,
0x0000028140e68000, 0x0000028140e63800, 0x0000028140e68800, 0x0000028140e65800,
0x0000028140e64800, 0x0000028140e67000, 0x0000028140e63000, 0x0000028140e69800,
0x0000028140e6a800, 0x000002814539f800, 0x000002814539b800, 0x000002814539f000,
0x00000281453a2000
}

Java Threads: ( => current thread )
  0x0000028122413000 JavaThread "main" [_thread_blocked, id=11224, stack(0x0000008e1e400000,0x0000008e1e500000)]
  0x000002813bfdb000 JavaThread "Reference Handler" daemon [_thread_blocked, id=2460, stack(0x0000008e1eb00000,0x0000008e1ec00000)]
  0x000002813bfe5000 JavaThread "Finalizer" daemon [_thread_blocked, id=12880, stack(0x0000008e1ec00000,0x0000008e1ed00000)]
  0x000002813c03d000 JavaThread "Signal Dispatcher" daemon [_thread_blocked, id=5340, stack(0x0000008e1ed00000,0x0000008e1ee00000)]
  0x000002813c03e000 JavaThread "Attach Listener" daemon [_thread_blocked, id=13860, stack(0x0000008e1ee00000,0x0000008e1ef00000)]
  0x000002813c03f000 JavaThread "Service Thread" daemon [_thread_blocked, id=5240, stack(0x0000008e1ef00000,0x0000008e1f000000)]
=>0x000002813c042000 JavaThread "C2 CompilerThread0" daemon [_thread_in_native, id=13228, stack(0x0000008e1f000000,0x0000008e1f100000)]
  0x000002813c046000 JavaThread "C1 CompilerThread0" daemon [_thread_in_native, id=9900, stack(0x0000008e1f100000,0x0000008e1f200000)]
  0x000002813c052000 JavaThread "Sweeper thread" daemon [_thread_blocked, id=9548, stack(0x0000008e1f200000,0x0000008e1f300000)]
  0x000002813caed800 JavaThread "Common-Cleaner" daemon [_thread_blocked, id=12528, stack(0x0000008e1f300000,0x0000008e1f400000)]
  0x000002813ef19000 JavaThread "Daemon health stats" [_thread_blocked, id=11460, stack(0x0000008e1f600000,0x0000008e1f700000)]
  0x00000281401c0800 JavaThread "Incoming local TCP Connector on port 51028" [_thread_in_native, id=13492, stack(0x0000008e1f700000,0x0000008e1f800000)]
  0x000002813d80b800 JavaThread "Daemon periodic checks" [_thread_blocked, id=13116, stack(0x0000008e1f800000,0x0000008e1f900000)]
  0x000002813d80c800 JavaThread "Daemon" [_thread_blocked, id=8424, stack(0x0000008e1f900000,0x0000008e1fa00000)]
  0x000002813ecb3800 JavaThread "Handler for socket connection from /127.0.0.1:51028 to /127.0.0.1:51029" [_thread_in_native, id=1216, stack(0x0000008e1fa00000,0x0000008e1fb00000)]
  0x000002813ecb4800 JavaThread "Cancel handler" [_thread_blocked, id=12656, stack(0x0000008e1fb00000,0x0000008e1fc00000)]
  0x000002813eef0000 JavaThread "Daemon worker" [_thread_blocked, id=9388, stack(0x0000008e1fc00000,0x0000008e1fd00000)]
  0x000002813dbdf000 JavaThread "Asynchronous log dispatcher for DefaultDaemonConnection: socket connection from /127.0.0.1:51028 to /127.0.0.1:51029" [_thread_blocked, id=12020, stack(0x0000008e1fd00000,0x0000008e1fe00000)]
  0x000002813eeef000 JavaThread "Stdin handler" [_thread_blocked, id=13080, stack(0x0000008e1fe00000,0x0000008e1ff00000)]
  0x000002813e2b0800 JavaThread "Daemon client event forwarder" [_thread_blocked, id=11564, stack(0x0000008e1ff00000,0x0000008e20000000)]
  0x000002813e52f000 JavaThread "Cache worker for journal cache (C:\Users\nidis\.gradle\caches\journal-1)" [_thread_blocked, id=13392, stack(0x0000008e20200000,0x0000008e20300000)]
  0x000002813e531800 JavaThread "File lock request listener" [_thread_in_native, id=12148, stack(0x0000008e20300000,0x0000008e20400000)]
  0x000002813e530000 JavaThread "Cache worker for file hash cache (C:\Users\nidis\.gradle\caches\7.5\fileHashes)" [_thread_blocked, id=7096, stack(0x0000008e20400000,0x0000008e20500000)]
  0x000002813e531000 JavaThread "File watcher server" daemon [_thread_in_native, id=7368, stack(0x0000008e20500000,0x0000008e20600000)]
  0x000002813e532800 JavaThread "File watcher consumer" daemon [_thread_blocked, id=12548, stack(0x0000008e20600000,0x0000008e20700000)]
  0x000002813e533000 JavaThread "Cache worker for checksums cache (C:\Users\nidis\AndroidStudioProjects\Dice\.gradle\7.5\checksums)" [_thread_blocked, id=10564, stack(0x0000008e20700000,0x0000008e20800000)]
  0x000002813e534000 JavaThread "Cache worker for cache directory md-rule (C:\Users\nidis\.gradle\caches\7.5\md-rule)" [_thread_blocked, id=12188, stack(0x0000008e20800000,0x0000008e20900000)]
  0x000002813e52e800 JavaThread "Cache worker for file content cache (C:\Users\nidis\.gradle\caches\7.5\fileContent)" [_thread_blocked, id=9676, stack(0x0000008e20900000,0x0000008e20a00000)]
  0x000002813e535000 JavaThread "Cache worker for file hash cache (C:\Users\nidis\AndroidStudioProjects\Dice\.gradle\7.5\fileHashes)" [_thread_blocked, id=11176, stack(0x0000008e20a00000,0x0000008e20b00000)]
  0x0000028140969800 JavaThread "Cache worker for cache directory md-supplier (C:\Users\nidis\.gradle\caches\7.5\md-supplier)" [_thread_blocked, id=11956, stack(0x0000008e20b00000,0x0000008e20c00000)]
  0x0000028140965800 JavaThread "Cache worker for execution history cache (C:\Users\nidis\.gradle\caches\7.5\executionHistory)" [_thread_blocked, id=10660, stack(0x0000008e20c00000,0x0000008e20d00000)]
  0x0000028140966800 JavaThread "jar transforms" [_thread_blocked, id=5088, stack(0x0000008e20d00000,0x0000008e20e00000)]
  0x0000028140967000 JavaThread "jar transforms Thread 2" [_thread_blocked, id=12416, stack(0x0000008e20e00000,0x0000008e20f00000)]
  0x0000028140968000 JavaThread "jar transforms Thread 3" [_thread_blocked, id=9116, stack(0x0000008e20f00000,0x0000008e21000000)]
  0x0000028140969000 JavaThread "jar transforms Thread 4" [_thread_blocked, id=11360, stack(0x0000008e21000000,0x0000008e21100000)]
  0x0000028140965000 JavaThread "Cache worker for dependencies-accessors (C:\Users\nidis\AndroidStudioProjects\Dice\.gradle\7.5\dependencies-accessors)" [_thread_blocked, id=10760, stack(0x0000008e21100000,0x0000008e21200000)]
  0x000002814096e800 JavaThread "Cache worker for Build Output Cleanup Cache (C:\Users\nidis\AndroidStudioProjects\Dice\.gradle\buildOutputCleanup)" [_thread_blocked, id=14264, stack(0x0000008e21200000,0x0000008e21300000)]
  0x000002814096b800 JavaThread "Unconstrained build operations" [_thread_blocked, id=9788, stack(0x0000008e21300000,0x0000008e21400000)]
  0x0000028140971000 JavaThread "Unconstrained build operations Thread 2" [_thread_in_vm, id=10888, stack(0x0000008e21400000,0x0000008e21500000)]
  0x0000028140972000 JavaThread "Unconstrained build operations Thread 3" [_thread_blocked, id=9360, stack(0x0000008e21500000,0x0000008e21600000)]
  0x000002814096f800 JavaThread "Unconstrained build operations Thread 4" [_thread_blocked, id=5728, stack(0x0000008e21600000,0x0000008e21700000)]
  0x000002814096c000 JavaThread "Unconstrained build operations Thread 5" [_thread_blocked, id=10192, stack(0x0000008e21700000,0x0000008e21800000)]
  0x000002814096d800 JavaThread "Unconstrained build operations Thread 6" [_thread_blocked, id=3552, stack(0x0000008e21800000,0x0000008e21900000)]
  0x0000028140972800 JavaThread "Unconstrained build operations Thread 7" [_thread_blocked, id=9636, stack(0x0000008e21900000,0x0000008e21a00000)]
  0x000002814096d000 JavaThread "Unconstrained build operations Thread 8" [_thread_blocked, id=10688, stack(0x0000008e21a00000,0x0000008e21b00000)]
  0x0000028140970000 JavaThread "Unconstrained build operations Thread 9" [_thread_blocked, id=3796, stack(0x0000008e21b00000,0x0000008e21c00000)]
  0x0000028140973800 JavaThread "Unconstrained build operations Thread 10" [_thread_blocked, id=2828, stack(0x0000008e21c00000,0x0000008e21d00000)]
  0x0000028140e4c800 JavaThread "Unconstrained build operations Thread 11" [_thread_blocked, id=10804, stack(0x0000008e21d00000,0x0000008e21e00000)]
  0x0000028140e4b800 JavaThread "Unconstrained build operations Thread 12" [_thread_blocked, id=552, stack(0x0000008e21e00000,0x0000008e21f00000)]
  0x0000028140e4e000 JavaThread "Unconstrained build operations Thread 13" [_thread_blocked, id=10060, stack(0x0000008e21f00000,0x0000008e22000000)]
  0x0000028140e52000 JavaThread "Unconstrained build operations Thread 14" [_thread_blocked, id=1812, stack(0x0000008e22000000,0x0000008e22100000)]
  0x0000028140e50800 JavaThread "Unconstrained build operations Thread 15" [_thread_blocked, id=12872, stack(0x0000008e22100000,0x0000008e22200000)]
  0x0000028140e51800 JavaThread "Unconstrained build operations Thread 16" [_thread_blocked, id=2232, stack(0x0000008e22200000,0x0000008e22300000)]
  0x0000028140e4f800 JavaThread "Unconstrained build operations Thread 17" [_thread_blocked, id=11832, stack(0x0000008e22300000,0x0000008e22400000)]
  0x0000028140e4d000 JavaThread "Unconstrained build operations Thread 18" [_thread_blocked, id=4304, stack(0x0000008e22400000,0x0000008e22500000)]
  0x0000028140e53800 JavaThread "Unconstrained build operations Thread 19" [_thread_blocked, id=11220, stack(0x0000008e22500000,0x0000008e22600000)]
  0x0000028140e54800 JavaThread "Unconstrained build operations Thread 20" [_thread_blocked, id=12576, stack(0x0000008e22600000,0x0000008e22700000)]
  0x0000028140e53000 JavaThread "Unconstrained build operations Thread 21" [_thread_blocked, id=12804, stack(0x0000008e22700000,0x0000008e22800000)]
  0x0000028140e4f000 JavaThread "Unconstrained build operations Thread 22" [_thread_blocked, id=3188, stack(0x0000008e22800000,0x0000008e22900000)]
  0x0000028140e56000 JavaThread "Unconstrained build operations Thread 23" [_thread_blocked, id=6104, stack(0x0000008e22900000,0x0000008e22a00000)]
  0x0000028140e5a000 JavaThread "Unconstrained build operations Thread 24" [_thread_in_Java, id=10964, stack(0x0000008e22a00000,0x0000008e22b00000)]
  0x0000028140e58800 JavaThread "Unconstrained build operations Thread 25" [_thread_blocked, id=11148, stack(0x0000008e22b00000,0x0000008e22c00000)]
  0x0000028140e58000 JavaThread "Unconstrained build operations Thread 26" [_thread_blocked, id=10268, stack(0x0000008e22c00000,0x0000008e22d00000)]
  0x0000028140e55800 JavaThread "Unconstrained build operations Thread 27" [_thread_blocked, id=5492, stack(0x0000008e22d00000,0x0000008e22e00000)]
  0x0000028140e57000 JavaThread "Unconstrained build operations Thread 28" [_thread_blocked, id=4660, stack(0x0000008e22e00000,0x0000008e22f00000)]
  0x0000028140e59800 JavaThread "Unconstrained build operations Thread 29" [_thread_blocked, id=12616, stack(0x0000008e22f00000,0x0000008e23000000)]
  0x0000028140e5d000 JavaThread "Unconstrained build operations Thread 30" [_thread_blocked, id=12644, stack(0x0000008e23000000,0x0000008e23100000)]
  0x0000028140e5f000 JavaThread "Unconstrained build operations Thread 31" [_thread_blocked, id=300, stack(0x0000008e23100000,0x0000008e23200000)]
  0x0000028140e5f800 JavaThread "Unconstrained build operations Thread 32" [_thread_blocked, id=6584, stack(0x0000008e23200000,0x0000008e23300000)]
  0x0000028140e5e000 JavaThread "Unconstrained build operations Thread 33" [_thread_blocked, id=12960, stack(0x0000008e23300000,0x0000008e23400000)]
  0x0000028140e60800 JavaThread "Unconstrained build operations Thread 34" [_thread_blocked, id=3476, stack(0x0000008e23400000,0x0000008e23500000)]
  0x0000028140e61800 JavaThread "Unconstrained build operations Thread 35" [_thread_blocked, id=11516, stack(0x0000008e23500000,0x0000008e23600000)]
  0x0000028140e5b800 JavaThread "Unconstrained build operations Thread 36" [_thread_blocked, id=10792, stack(0x0000008e23600000,0x0000008e23700000)]
  0x0000028140e5c800 JavaThread "Unconstrained build operations Thread 37" [_thread_blocked, id=804, stack(0x0000008e23700000,0x0000008e23800000)]
  0x0000028140e62000 JavaThread "Unconstrained build operations Thread 38" [_thread_blocked, id=14228, stack(0x0000008e23800000,0x0000008e23900000)]
  0x0000028140e66000 JavaThread "Unconstrained build operations Thread 39" [_thread_blocked, id=9208, stack(0x0000008e23900000,0x0000008e23a00000)]
  0x0000028140e68000 JavaThread "Unconstrained build operations Thread 40" [_thread_blocked, id=11296, stack(0x0000008e23a00000,0x0000008e23b00000)]
  0x0000028140e63800 JavaThread "build event listener" [_thread_blocked, id=11348, stack(0x0000008e23b00000,0x0000008e23c00000)]
  0x0000028140e68800 JavaThread "Memory manager" [_thread_blocked, id=1772, stack(0x0000008e23c00000,0x0000008e23d00000)]
  0x0000028140e65800 JavaThread "included builds" [_thread_blocked, id=8328, stack(0x0000008e23d00000,0x0000008e23e00000)]
  0x0000028140e64800 JavaThread "Execution worker" [_thread_blocked, id=3144, stack(0x0000008e23e00000,0x0000008e23f00000)]
  0x0000028140e67000 JavaThread "Execution worker Thread 2" [_thread_in_vm, id=7560, stack(0x0000008e23f00000,0x0000008e24000000)]
  0x0000028140e63000 JavaThread "Execution worker Thread 3" [_thread_blocked, id=10856, stack(0x0000008e24000000,0x0000008e24100000)]
  0x0000028140e69800 JavaThread "Cache worker for execution history cache (C:\Users\nidis\AndroidStudioProjects\Dice\.gradle\7.5\executionHistory)" [_thread_blocked, id=8716, stack(0x0000008e24100000,0x0000008e24200000)]
  0x0000028140e6a800 JavaThread "WorkerExecutor Queue" [_thread_blocked, id=12444, stack(0x0000008e24200000,0x0000008e24300000)]
  0x000002814539f800 JavaThread "WorkerExecutor Queue Thread 2" [_thread_blocked, id=2044, stack(0x0000008e24300000,0x0000008e24400000)]
  0x000002814539b800 JavaThread "WorkerExecutor Queue Thread 3" [_thread_blocked, id=11780, stack(0x0000008e24400000,0x0000008e24500000)]
  0x000002814539f000 JavaThread "WorkerExecutor Queue Thread 4" [_thread_blocked, id=12372, stack(0x0000008e24500000,0x0000008e24600000)]
  0x00000281453a2000 JavaThread "WorkerExecutor Queue Thread 5" [_thread_blocked, id=9120, stack(0x0000008e24800000,0x0000008e24900000)]

Other Threads:
  0x000002813bfd8800 VMThread "VM Thread" [stack: 0x0000008e1ea00000,0x0000008e1eb00000] [id=4448]
  0x000002813cb1a800 WatcherThread [stack: 0x0000008e1f400000,0x0000008e1f500000] [id=9140]
  0x000002812242d800 GCTaskThread "GC Thread#0" [stack: 0x0000008e1e500000,0x0000008e1e600000] [id=3724]
  0x000002813d1f2800 GCTaskThread "GC Thread#1" [stack: 0x0000008e1f500000,0x0000008e1f600000] [id=3040]
  0x000002813ecd2000 GCTaskThread "GC Thread#2" [stack: 0x0000008e20000000,0x0000008e20100000] [id=9784]
  0x000002813ec0c000 GCTaskThread "GC Thread#3" [stack: 0x0000008e20100000,0x0000008e20200000] [id=9596]
  0x000002812245e800 ConcurrentGCThread "G1 Main Marker" [stack: 0x0000008e1e600000,0x0000008e1e700000] [id=5016]
  0x0000028122460000 ConcurrentGCThread "G1 Conc#0" [stack: 0x0000008e1e700000,0x0000008e1e800000] [id=9688]
  0x00000281224a5800 ConcurrentGCThread "G1 Refine#0" [stack: 0x0000008e1e800000,0x0000008e1e900000] [id=9700]
  0x00000281224a7000 ConcurrentGCThread "G1 Young RemSet Sampling" [stack: 0x0000008e1e900000,0x0000008e1ea00000] [id=10812]

Threads with active compile tasks:
C2 CompilerThread0    36405 15104   !   4       java.net.URL::<init> (543 bytes)
C1 CompilerThread0    36405 15211       2       com.android.tools.r8.internal.pk::<init> (21 bytes)

VM state:not at safepoint (normal execution)

VM Mutex/Monitor currently owned by a thread: None

OutOfMemory and StackOverflow Exception counts:
OutOfMemoryError java_heap_errors=2
LinkageErrors=155

Heap address: 0x0000000080000000, size: 2048 MB, Compressed Oops mode: 32-bit
Narrow klass base: 0x0000000000000000, Narrow klass shift: 3
Compressed class space size: 1073741824 Address: 0x0000000100000000

Heap:
 garbage-first heap   total 274432K, used 164907K [0x0000000080000000, 0x0000000100000000)
  region size 1024K, 57 young (58368K), 9 survivors (9216K)
 Metaspace       used 108610K, capacity 111455K, committed 111536K, reserved 1146880K
  class space    used 13675K, capacity 14781K, committed 14848K, reserved 1048576K
Heap Regions: E=young(eden), S=young(survivor), O=old, HS=humongous(starts), HC=humongous(continues), CS=collection set, F=free, A=archive, TAMS=top-at-mark-start (previous, next)
|   0|0x0000000080000000, 0x0000000080100000, 0x0000000080100000|100%|HS|  |TAMS 0x0000000080100000, 0x0000000080000000| Complete 
|   1|0x0000000080100000, 0x0000000080200000, 0x0000000080200000|100%|HC|  |TAMS 0x0000000080200000, 0x0000000080100000| Complete 
|   2|0x0000000080200000, 0x0000000080300000, 0x0000000080300000|100%|HC|  |TAMS 0x0000000080300000, 0x0000000080200000| Complete 
|   3|0x0000000080300000, 0x0000000080400000, 0x0000000080400000|100%| O|  |TAMS 0x0000000080400000, 0x0000000080300000| Untracked 
|   4|0x0000000080400000, 0x0000000080500000, 0x0000000080500000|100%| O|  |TAMS 0x0000000080500000, 0x0000000080400000| Untracked 
|   5|0x0000000080500000, 0x0000000080600000, 0x0000000080600000|100%| O|  |TAMS 0x0000000080600000, 0x0000000080500000| Untracked 
|   6|0x0000000080600000, 0x0000000080700000, 0x0000000080700000|100%| O|  |TAMS 0x0000000080700000, 0x0000000080600000| Untracked 
|   7|0x0000000080700000, 0x0000000080800000, 0x0000000080800000|100%| O|  |TAMS 0x0000000080800000, 0x0000000080700000| Untracked 
|   8|0x0000000080800000, 0x0000000080900000, 0x0000000080900000|100%| O|  |TAMS 0x0000000080900000, 0x0000000080800000| Untracked 
|   9|0x0000000080900000, 0x0000000080a00000, 0x0000000080a00000|100%| O|  |TAMS 0x0000000080a00000, 0x0000000080900000| Untracked 
|  10|0x0000000080a00000, 0x0000000080b00000, 0x0000000080b00000|100%| O|  |TAMS 0x0000000080b00000, 0x0000000080a00000| Untracked 
|  11|0x0000000080b00000, 0x0000000080c00000, 0x0000000080c00000|100%| O|  |TAMS 0x0000000080c00000, 0x0000000080b00000| Untracked 
|  12|0x0000000080c00000, 0x0000000080d00000, 0x0000000080d00000|100%| O|  |TAMS 0x0000000080d00000, 0x0000000080c00000| Untracked 
|  13|0x0000000080d00000, 0x0000000080e00000, 0x0000000080e00000|100%| O|  |TAMS 0x0000000080e00000, 0x0000000080d00000| Untracked 
|  14|0x0000000080e00000, 0x0000000080f00000, 0x0000000080f00000|100%| O|  |TAMS 0x0000000080f00000, 0x0000000080e00000| Untracked 
|  15|0x0000000080f00000, 0x0000000081000000, 0x0000000081000000|100%| O|  |TAMS 0x0000000081000000, 0x0000000080f00000| Untracked 
|  16|0x0000000081000000, 0x0000000081100000, 0x0000000081100000|100%| O|  |TAMS 0x0000000081100000, 0x0000000081000000| Untracked 
|  17|0x0000000081100000, 0x0000000081200000, 0x0000000081200000|100%| O|  |TAMS 0x0000000081200000, 0x0000000081100000| Untracked 
|  18|0x0000000081200000, 0x0000000081300000, 0x0000000081300000|100%| O|  |TAMS 0x0000000081300000, 0x0000000081200000| Untracked 
|  19|0x0000000081300000, 0x0000000081400000, 0x0000000081400000|100%| O|  |TAMS 0x0000000081400000, 0x0000000081300000| Untracked 
|  20|0x0000000081400000, 0x0000000081500000, 0x0000000081500000|100%| O|  |TAMS 0x0000000081500000, 0x0000000081400000| Untracked 
|  21|0x0000000081500000, 0x0000000081600000, 0x0000000081600000|100%| O|  |TAMS 0x0000000081600000, 0x0000000081500000| Untracked 
|  22|0x0000000081600000, 0x0000000081700000, 0x0000000081700000|100%| O|  |TAMS 0x0000000081700000, 0x0000000081600000| Untracked 
|  23|0x0000000081700000, 0x0000000081800000, 0x0000000081800000|100%| O|  |TAMS 0x0000000081800000, 0x0000000081700000| Untracked 
|  24|0x0000000081800000, 0x0000000081900000, 0x0000000081900000|100%| O|  |TAMS 0x0000000081900000, 0x0000000081800000| Untracked 
|  25|0x0000000081900000, 0x0000000081a00000, 0x0000000081a00000|100%| O|  |TAMS 0x0000000081a00000, 0x0000000081900000| Untracked 
|  26|0x0000000081a00000, 0x0000000081b00000, 0x0000000081b00000|100%| O|  |TAMS 0x0000000081b00000, 0x0000000081a00000| Untracked 
|  27|0x0000000081b00000, 0x0000000081c00000, 0x0000000081c00000|100%| O|  |TAMS 0x0000000081c00000, 0x0000000081b00000| Untracked 
|  28|0x0000000081c00000, 0x0000000081d00000, 0x0000000081d00000|100%| O|  |TAMS 0x0000000081d00000, 0x0000000081c00000| Untracked 
|  29|0x0000000081d00000, 0x0000000081e00000, 0x0000000081e00000|100%| O|  |TAMS 0x0000000081e00000, 0x0000000081d00000| Untracked 
|  30|0x0000000081e00000, 0x0000000081f00000, 0x0000000081f00000|100%|HS|  |TAMS 0x0000000081f00000, 0x0000000081e00000| Complete 
|  31|0x0000000081f00000, 0x0000000082000000, 0x0000000082000000|100%|HS|  |TAMS 0x0000000082000000, 0x0000000081f00000| Complete 
|  32|0x0000000082000000, 0x0000000082100000, 0x0000000082100000|100%|HC|  |TAMS 0x0000000082100000, 0x0000000082000000| Complete 
|  33|0x0000000082100000, 0x0000000082200000, 0x0000000082200000|100%|HS|  |TAMS 0x0000000082200000, 0x0000000082100000| Complete 
|  34|0x0000000082200000, 0x0000000082300000, 0x0000000082300000|100%|HS|  |TAMS 0x0000000082300000, 0x0000000082200000| Complete 
|  35|0x0000000082300000, 0x0000000082400000, 0x0000000082400000|100%|HC|  |TAMS 0x0000000082400000, 0x0000000082300000| Complete 
|  36|0x0000000082400000, 0x0000000082500000, 0x0000000082500000|100%|HC|  |TAMS 0x0000000082500000, 0x0000000082400000| Complete 
|  37|0x0000000082500000, 0x0000000082600000, 0x0000000082600000|100%|HC|  |TAMS 0x0000000082600000, 0x0000000082500000| Complete 
|  38|0x0000000082600000, 0x0000000082700000, 0x0000000082700000|100%| O|  |TAMS 0x0000000082700000, 0x0000000082600000| Untracked 
|  39|0x0000000082700000, 0x0000000082800000, 0x0000000082800000|100%| O|  |TAMS 0x0000000082800000, 0x0000000082700000| Untracked 
|  40|0x0000000082800000, 0x0000000082900000, 0x0000000082900000|100%| O|  |TAMS 0x0000000082900000, 0x0000000082800000| Untracked 
|  41|0x0000000082900000, 0x0000000082a00000, 0x0000000082a00000|100%| O|  |TAMS 0x0000000082a00000, 0x0000000082900000| Untracked 
|  42|0x0000000082a00000, 0x0000000082b00000, 0x0000000082b00000|100%| O|  |TAMS 0x0000000082b00000, 0x0000000082a00000| Untracked 
|  43|0x0000000082b00000, 0x0000000082c00000, 0x0000000082c00000|100%| O|  |TAMS 0x0000000082c00000, 0x0000000082b00000| Untracked 
|  44|0x0000000082c00000, 0x0000000082d00000, 0x0000000082d00000|100%| O|  |TAMS 0x0000000082d00000, 0x0000000082c00000| Untracked 
|  45|0x0000000082d00000, 0x0000000082e00000, 0x0000000082e00000|100%| O|  |TAMS 0x0000000082e00000, 0x0000000082d00000| Untracked 
|  46|0x0000000082e00000, 0x0000000082f00000, 0x0000000082f00000|100%| O|  |TAMS 0x0000000082f00000, 0x0000000082e00000| Untracked 
|  47|0x0000000082f00000, 0x0000000083000000, 0x0000000083000000|100%| O|  |TAMS 0x0000000083000000, 0x0000000082f00000| Untracked 
|  48|0x0000000083000000, 0x0000000083100000, 0x0000000083100000|100%| O|  |TAMS 0x0000000083100000, 0x0000000083000000| Untracked 
|  49|0x0000000083100000, 0x0000000083200000, 0x0000000083200000|100%| O|  |TAMS 0x0000000083200000, 0x0000000083100000| Untracked 
|  50|0x0000000083200000, 0x0000000083300000, 0x0000000083300000|100%| O|  |TAMS 0x0000000083300000, 0x0000000083200000| Untracked 
|  51|0x0000000083300000, 0x0000000083400000, 0x0000000083400000|100%| O|  |TAMS 0x0000000083400000, 0x0000000083300000| Untracked 
|  52|0x0000000083400000, 0x0000000083500000, 0x0000000083500000|100%| O|  |TAMS 0x0000000083500000, 0x0000000083400000| Untracked 
|  53|0x0000000083500000, 0x0000000083600000, 0x0000000083600000|100%| O|  |TAMS 0x0000000083600000, 0x0000000083500000| Untracked 
|  54|0x0000000083600000, 0x0000000083700000, 0x0000000083700000|100%| O|  |TAMS 0x0000000083700000, 0x0000000083600000| Untracked 
|  55|0x0000000083700000, 0x0000000083800000, 0x0000000083800000|100%| O|  |TAMS 0x0000000083800000, 0x0000000083700000| Untracked 
|  56|0x0000000083800000, 0x0000000083900000, 0x0000000083900000|100%| O|  |TAMS 0x0000000083900000, 0x0000000083800000| Untracked 
|  57|0x0000000083900000, 0x0000000083a00000, 0x0000000083a00000|100%| O|  |TAMS 0x0000000083a00000, 0x0000000083900000| Untracked 
|  58|0x0000000083a00000, 0x0000000083b00000, 0x0000000083b00000|100%| O|  |TAMS 0x0000000083b00000, 0x0000000083a00000| Untracked 
|  59|0x0000000083b00000, 0x0000000083c00000, 0x0000000083c00000|100%| O|  |TAMS 0x0000000083c00000, 0x0000000083b00000| Untracked 
|  60|0x0000000083c00000, 0x0000000083d00000, 0x0000000083d00000|100%| O|  |TAMS 0x0000000083d00000, 0x0000000083c00000| Untracked 
|  61|0x0000000083d00000, 0x0000000083e00000, 0x0000000083e00000|100%| O|  |TAMS 0x0000000083e00000, 0x0000000083d00000| Untracked 
|  62|0x0000000083e00000, 0x0000000083f00000, 0x0000000083f00000|100%| O|  |TAMS 0x0000000083f00000, 0x0000000083e00000| Untracked 
|  63|0x0000000083f00000, 0x0000000084000000, 0x0000000084000000|100%| O|  |TAMS 0x0000000084000000, 0x0000000083f00000| Untracked 
|  64|0x0000000084000000, 0x0000000084100000, 0x0000000084100000|100%| O|  |TAMS 0x0000000084100000, 0x0000000084000000| Untracked 
|  65|0x0000000084100000, 0x0000000084200000, 0x0000000084200000|100%| O|  |TAMS 0x0000000084200000, 0x0000000084100000| Untracked 
|  66|0x0000000084200000, 0x0000000084300000, 0x0000000084300000|100%| O|  |TAMS 0x0000000084300000, 0x0000000084200000| Untracked 
|  67|0x0000000084300000, 0x0000000084400000, 0x0000000084400000|100%| O|  |TAMS 0x0000000084400000, 0x0000000084300000| Untracked 
|  68|0x0000000084400000, 0x0000000084500000, 0x0000000084500000|100%| O|  |TAMS 0x0000000084500000, 0x0000000084400000| Untracked 
|  69|0x0000000084500000, 0x0000000084600000, 0x0000000084600000|100%| O|  |TAMS 0x0000000084600000, 0x0000000084500000| Untracked 
|  70|0x0000000084600000, 0x0000000084700000, 0x0000000084700000|100%| O|  |TAMS 0x0000000084700000, 0x0000000084600000| Untracked 
|  71|0x0000000084700000, 0x0000000084800000, 0x0000000084800000|100%| O|  |TAMS 0x0000000084800000, 0x0000000084700000| Untracked 
|  72|0x0000000084800000, 0x0000000084900000, 0x0000000084900000|100%| O|  |TAMS 0x0000000084900000, 0x0000000084800000| Untracked 
|  73|0x0000000084900000, 0x0000000084a00000, 0x0000000084a00000|100%| O|  |TAMS 0x0000000084a00000, 0x0000000084900000| Untracked 
|  74|0x0000000084a00000, 0x0000000084b00000, 0x0000000084b00000|100%| O|  |TAMS 0x0000000084b00000, 0x0000000084a00000| Untracked 
|  75|0x0000000084b00000, 0x0000000084c00000, 0x0000000084c00000|100%| O|  |TAMS 0x0000000084c00000, 0x0000000084b00000| Untracked 
|  76|0x0000000084c00000, 0x0000000084d00000, 0x0000000084d00000|100%| O|  |TAMS 0x0000000084d00000, 0x0000000084c00000| Untracked 
|  77|0x0000000084d00000, 0x0000000084e00000, 0x0000000084e00000|100%| O|  |TAMS 0x0000000084e00000, 0x0000000084d00000| Untracked 
|  78|0x0000000084e00000, 0x0000000084f00000, 0x0000000084f00000|100%| O|  |TAMS 0x0000000084f00000, 0x0000000084e00000| Untracked 
|  79|0x0000000084f00000, 0x0000000085000000, 0x0000000085000000|100%| O|  |TAMS 0x0000000085000000, 0x0000000084f00000| Untracked 
|  80|0x0000000085000000, 0x0000000085100000, 0x0000000085100000|100%| O|  |TAMS 0x0000000085100000, 0x0000000085000000| Untracked 
|  81|0x0000000085100000, 0x0000000085200000, 0x0000000085200000|100%| O|  |TAMS 0x0000000085200000, 0x0000000085100000| Untracked 
|  82|0x0000000085200000, 0x0000000085300000, 0x0000000085300000|100%| O|  |TAMS 0x0000000085300000, 0x0000000085200000| Untracked 
|  83|0x0000000085300000, 0x0000000085400000, 0x0000000085400000|100%| O|  |TAMS 0x0000000085400000, 0x0000000085300000| Untracked 
|  84|0x0000000085400000, 0x0000000085500000, 0x0000000085500000|100%| O|  |TAMS 0x0000000085500000, 0x0000000085400000| Untracked 
|  85|0x0000000085500000, 0x0000000085600000, 0x0000000085600000|100%| O|  |TAMS 0x0000000085600000, 0x0000000085500000| Untracked 
|  86|0x0000000085600000, 0x0000000085600000, 0x0000000085700000|  0%| F|  |TAMS 0x0000000085600000, 0x0000000085600000| Untracked 
|  87|0x0000000085700000, 0x0000000085800000, 0x0000000085800000|100%| O|  |TAMS 0x0000000085800000, 0x0000000085700000| Untracked 
|  88|0x0000000085800000, 0x0000000085900000, 0x0000000085900000|100%| O|  |TAMS 0x0000000085800000, 0x0000000085800000| Untracked 
|  89|0x0000000085900000, 0x0000000085a00000, 0x0000000085a00000|100%| O|  |TAMS 0x0000000085a00000, 0x0000000085900000| Untracked 
|  90|0x0000000085a00000, 0x0000000085b00000, 0x0000000085b00000|100%| O|  |TAMS 0x0000000085b00000, 0x0000000085a00000| Untracked 
|  91|0x0000000085b00000, 0x0000000085c00000, 0x0000000085c00000|100%| O|  |TAMS 0x0000000085b00000, 0x0000000085b00000| Untracked 
|  92|0x0000000085c00000, 0x0000000085d00000, 0x0000000085d00000|100%| O|  |TAMS 0x0000000085c00000, 0x0000000085c00000| Untracked 
|  93|0x0000000085d00000, 0x0000000085e00000, 0x0000000085e00000|100%| O|  |TAMS 0x0000000085e00000, 0x0000000085d00000| Untracked 
|  94|0x0000000085e00000, 0x0000000085f00000, 0x0000000085f00000|100%| O|  |TAMS 0x0000000085f00000, 0x0000000085e00000| Untracked 
|  95|0x0000000085f00000, 0x0000000086000000, 0x0000000086000000|100%| O|  |TAMS 0x0000000086000000, 0x0000000085f00000| Untracked 
|  96|0x0000000086000000, 0x0000000086100000, 0x0000000086100000|100%| O|  |TAMS 0x0000000086000000, 0x0000000086000000| Untracked 
|  97|0x0000000086100000, 0x0000000086200000, 0x0000000086200000|100%| O|  |TAMS 0x0000000086100000, 0x0000000086100000| Untracked 
|  98|0x0000000086200000, 0x00000000862e8a00, 0x0000000086300000| 90%| O|  |TAMS 0x0000000086200000, 0x0000000086200000| Untracked 
|  99|0x0000000086300000, 0x0000000086300000, 0x0000000086400000|  0%| F|  |TAMS 0x0000000086300000, 0x0000000086300000| Untracked 
| 100|0x0000000086400000, 0x0000000086400000, 0x0000000086500000|  0%| F|  |TAMS 0x0000000086400000, 0x0000000086400000| Untracked 
| 101|0x0000000086500000, 0x0000000086500000, 0x0000000086600000|  0%| F|  |TAMS 0x0000000086500000, 0x0000000086500000| Untracked 
| 102|0x0000000086600000, 0x0000000086600000, 0x0000000086700000|  0%| F|  |TAMS 0x0000000086600000, 0x0000000086600000| Untracked 
| 103|0x0000000086700000, 0x0000000086700000, 0x0000000086800000|  0%| F|  |TAMS 0x0000000086700000, 0x0000000086700000| Untracked 
| 104|0x0000000086800000, 0x0000000086800000, 0x0000000086900000|  0%| F|  |TAMS 0x0000000086800000, 0x0000000086800000| Untracked 
| 105|0x0000000086900000, 0x0000000086900000, 0x0000000086a00000|  0%| F|  |TAMS 0x0000000086900000, 0x0000000086900000| Untracked 
| 106|0x0000000086a00000, 0x0000000086a00000, 0x0000000086b00000|  0%| F|  |TAMS 0x0000000086a00000, 0x0000000086a00000| Untracked 
| 107|0x0000000086b00000, 0x0000000086c00000, 0x0000000086c00000|100%| O|  |TAMS 0x0000000086c00000, 0x0000000086b00000| Untracked 
| 108|0x0000000086c00000, 0x0000000086d00000, 0x0000000086d00000|100%| O|  |TAMS 0x0000000086d00000, 0x0000000086c00000| Untracked 
| 109|0x0000000086d00000, 0x0000000086e00000, 0x0000000086e00000|100%| O|  |TAMS 0x0000000086e00000, 0x0000000086d00000| Untracked 
| 110|0x0000000086e00000, 0x0000000086f00000, 0x0000000086f00000|100%| O|  |TAMS 0x0000000086f00000, 0x0000000086e00000| Untracked 
| 111|0x0000000086f00000, 0x0000000086f00000, 0x0000000087000000|  0%| F|  |TAMS 0x0000000086f00000, 0x0000000086f00000| Untracked 
| 112|0x0000000087000000, 0x0000000087000000, 0x0000000087100000|  0%| F|  |TAMS 0x0000000087000000, 0x0000000087000000| Untracked 
| 113|0x0000000087100000, 0x0000000087100000, 0x0000000087200000|  0%| F|  |TAMS 0x0000000087100000, 0x0000000087100000| Untracked 
| 114|0x0000000087200000, 0x0000000087300000, 0x0000000087300000|100%| O|  |TAMS 0x0000000087300000, 0x0000000087200000| Untracked 
| 115|0x0000000087300000, 0x0000000087300000, 0x0000000087400000|  0%| F|  |TAMS 0x0000000087300000, 0x0000000087300000| Untracked 
| 116|0x0000000087400000, 0x0000000087400000, 0x0000000087500000|  0%| F|  |TAMS 0x0000000087400000, 0x0000000087400000| Untracked 
| 117|0x0000000087500000, 0x0000000087500000, 0x0000000087600000|  0%| F|  |TAMS 0x0000000087500000, 0x0000000087500000| Untracked 
| 118|0x0000000087600000, 0x0000000087700000, 0x0000000087700000|100%| O|  |TAMS 0x0000000087700000, 0x0000000087600000| Untracked 
| 119|0x0000000087700000, 0x0000000087700000, 0x0000000087800000|  0%| F|  |TAMS 0x0000000087700000, 0x0000000087700000| Untracked 
| 120|0x0000000087800000, 0x0000000087800000, 0x0000000087900000|  0%| F|  |TAMS 0x0000000087800000, 0x0000000087800000| Untracked 
| 121|0x0000000087900000, 0x0000000087a00000, 0x0000000087a00000|100%| O|  |TAMS 0x0000000087a00000, 0x0000000087900000| Untracked 
| 122|0x0000000087a00000, 0x0000000087b00000, 0x0000000087b00000|100%| O|  |TAMS 0x0000000087b00000, 0x0000000087a00000| Untracked 
| 123|0x0000000087b00000, 0x0000000087c00000, 0x0000000087c00000|100%| O|  |TAMS 0x0000000087baa800, 0x0000000087b00000| Untracked 
| 124|0x0000000087c00000, 0x0000000087c00000, 0x0000000087d00000|  0%| F|  |TAMS 0x0000000087c00000, 0x0000000087c00000| Untracked 
| 125|0x0000000087d00000, 0x0000000087d00000, 0x0000000087e00000|  0%| F|  |TAMS 0x0000000087d00000, 0x0000000087d00000| Untracked 
| 126|0x0000000087e00000, 0x0000000087e00000, 0x0000000087f00000|  0%| F|  |TAMS 0x0000000087e00000, 0x0000000087e00000| Untracked 
| 127|0x0000000087f00000, 0x0000000087f00000, 0x0000000088000000|  0%| F|  |TAMS 0x0000000087f00000, 0x0000000087f00000| Untracked 
| 128|0x0000000088000000, 0x0000000088000000, 0x0000000088100000|  0%| F|  |TAMS 0x0000000088000000, 0x0000000088000000| Untracked 
| 129|0x0000000088100000, 0x0000000088100000, 0x0000000088200000|  0%| F|  |TAMS 0x0000000088100000, 0x0000000088100000| Untracked 
| 130|0x0000000088200000, 0x0000000088200000, 0x0000000088300000|  0%| F|  |TAMS 0x0000000088200000, 0x0000000088200000| Untracked 
| 131|0x0000000088300000, 0x0000000088300000, 0x0000000088400000|  0%| F|  |TAMS 0x0000000088300000, 0x0000000088300000| Untracked 
| 132|0x0000000088400000, 0x0000000088400000, 0x0000000088500000|  0%| F|  |TAMS 0x0000000088400000, 0x0000000088400000| Untracked 
| 133|0x0000000088500000, 0x0000000088500000, 0x0000000088600000|  0%| F|  |TAMS 0x0000000088500000, 0x0000000088500000| Untracked 
| 134|0x0000000088600000, 0x0000000088600000, 0x0000000088700000|  0%| F|  |TAMS 0x0000000088600000, 0x0000000088600000| Untracked 
| 135|0x0000000088700000, 0x0000000088700000, 0x0000000088800000|  0%| F|  |TAMS 0x0000000088700000, 0x0000000088700000| Untracked 
| 136|0x0000000088800000, 0x0000000088800000, 0x0000000088900000|  0%| F|  |TAMS 0x0000000088800000, 0x0000000088800000| Untracked 
| 137|0x0000000088900000, 0x0000000088900000, 0x0000000088a00000|  0%| F|  |TAMS 0x0000000088900000, 0x0000000088900000| Untracked 
| 138|0x0000000088a00000, 0x0000000088a00000, 0x0000000088b00000|  0%| F|  |TAMS 0x0000000088a00000, 0x0000000088a00000| Untracked 
| 139|0x0000000088b00000, 0x0000000088b00000, 0x0000000088c00000|  0%| F|  |TAMS 0x0000000088b00000, 0x0000000088b00000| Untracked 
| 140|0x0000000088c00000, 0x0000000088c00000, 0x0000000088d00000|  0%| F|  |TAMS 0x0000000088c00000, 0x0000000088c00000| Untracked 
| 141|0x0000000088d00000, 0x0000000088d00000, 0x0000000088e00000|  0%| F|  |TAMS 0x0000000088d00000, 0x0000000088d00000| Untracked 
| 142|0x0000000088e00000, 0x0000000088e00000, 0x0000000088f00000|  0%| F|  |TAMS 0x0000000088e00000, 0x0000000088e00000| Untracked 
| 143|0x0000000088f00000, 0x0000000088f00000, 0x0000000089000000|  0%| F|  |TAMS 0x0000000088f00000, 0x0000000088f00000| Untracked 
| 144|0x0000000089000000, 0x0000000089000000, 0x0000000089100000|  0%| F|  |TAMS 0x0000000089000000, 0x0000000089000000| Untracked 
| 145|0x0000000089100000, 0x0000000089100000, 0x0000000089200000|  0%| F|  |TAMS 0x0000000089100000, 0x0000000089100000| Untracked 
| 146|0x0000000089200000, 0x0000000089200000, 0x0000000089300000|  0%| F|  |TAMS 0x0000000089200000, 0x0000000089200000| Untracked 
| 147|0x0000000089300000, 0x0000000089300000, 0x0000000089400000|  0%| F|  |TAMS 0x0000000089300000, 0x0000000089300000| Untracked 
| 148|0x0000000089400000, 0x0000000089400000, 0x0000000089500000|  0%| F|  |TAMS 0x0000000089400000, 0x0000000089400000| Untracked 
| 149|0x0000000089500000, 0x0000000089500000, 0x0000000089600000|  0%| F|  |TAMS 0x0000000089500000, 0x0000000089500000| Untracked 
| 150|0x0000000089600000, 0x0000000089600000, 0x0000000089700000|  0%| F|  |TAMS 0x0000000089600000, 0x0000000089600000| Untracked 
| 151|0x0000000089700000, 0x0000000089700000, 0x0000000089800000|  0%| F|  |TAMS 0x0000000089700000, 0x0000000089700000| Untracked 
| 152|0x0000000089800000, 0x0000000089800000, 0x0000000089900000|  0%| F|  |TAMS 0x0000000089800000, 0x0000000089800000| Untracked 
| 153|0x0000000089900000, 0x0000000089900000, 0x0000000089a00000|  0%| F|  |TAMS 0x0000000089900000, 0x0000000089900000| Untracked 
| 154|0x0000000089a00000, 0x0000000089a00000, 0x0000000089b00000|  0%| F|  |TAMS 0x0000000089a00000, 0x0000000089a00000| Untracked 
| 155|0x0000000089b00000, 0x0000000089b00000, 0x0000000089c00000|  0%| F|  |TAMS 0x0000000089b00000, 0x0000000089b00000| Untracked 
| 156|0x0000000089c00000, 0x0000000089c00000, 0x0000000089d00000|  0%| F|  |TAMS 0x0000000089c00000, 0x0000000089c00000| Untracked 
| 157|0x0000000089d00000, 0x0000000089d22328, 0x0000000089e00000| 13%| S|CS|TAMS 0x0000000089d00000, 0x0000000089d00000| Complete 
| 158|0x0000000089e00000, 0x0000000089f00000, 0x0000000089f00000|100%| S|CS|TAMS 0x0000000089e00000, 0x0000000089e00000| Complete 
| 159|0x0000000089f00000, 0x000000008a000000, 0x000000008a000000|100%| S|CS|TAMS 0x0000000089f00000, 0x0000000089f00000| Complete 
| 160|0x000000008a000000, 0x000000008a100000, 0x000000008a100000|100%| S|CS|TAMS 0x000000008a000000, 0x000000008a000000| Complete 
| 161|0x000000008a100000, 0x000000008a200000, 0x000000008a200000|100%| S|CS|TAMS 0x000000008a100000, 0x000000008a100000| Complete 
| 162|0x000000008a200000, 0x000000008a300000, 0x000000008a300000|100%| S|CS|TAMS 0x000000008a200000, 0x000000008a200000| Complete 
| 163|0x000000008a300000, 0x000000008a400000, 0x000000008a400000|100%| S|CS|TAMS 0x000000008a300000, 0x000000008a300000| Complete 
| 164|0x000000008a400000, 0x000000008a500000, 0x000000008a500000|100%| S|CS|TAMS 0x000000008a400000, 0x000000008a400000| Complete 
| 165|0x000000008a500000, 0x000000008a600000, 0x000000008a600000|100%| S|CS|TAMS 0x000000008a500000, 0x000000008a500000| Complete 
| 166|0x000000008a600000, 0x000000008a600000, 0x000000008a700000|  0%| F|  |TAMS 0x000000008a600000, 0x000000008a600000| Untracked 
| 167|0x000000008a700000, 0x000000008a700000, 0x000000008a800000|  0%| F|  |TAMS 0x000000008a700000, 0x000000008a700000| Untracked 
| 168|0x000000008a800000, 0x000000008a800000, 0x000000008a900000|  0%| F|  |TAMS 0x000000008a800000, 0x000000008a800000| Untracked 
| 169|0x000000008a900000, 0x000000008a900000, 0x000000008aa00000|  0%| F|  |TAMS 0x000000008a900000, 0x000000008a900000| Untracked 
| 170|0x000000008aa00000, 0x000000008aa00000, 0x000000008ab00000|  0%| F|  |TAMS 0x000000008aa00000, 0x000000008aa00000| Untracked 
| 171|0x000000008ab00000, 0x000000008ab00000, 0x000000008ac00000|  0%| F|  |TAMS 0x000000008ab00000, 0x000000008ab00000| Untracked 
| 172|0x000000008ac00000, 0x000000008ac00000, 0x000000008ad00000|  0%| F|  |TAMS 0x000000008ac00000, 0x000000008ac00000| Untracked 
| 173|0x000000008ad00000, 0x000000008ad00000, 0x000000008ae00000|  0%| F|  |TAMS 0x000000008ad00000, 0x000000008ad00000| Untracked 
| 174|0x000000008ae00000, 0x000000008ae00000, 0x000000008af00000|  0%| F|  |TAMS 0x000000008ae00000, 0x000000008ae00000| Untracked 
| 175|0x000000008af00000, 0x000000008af00000, 0x000000008b000000|  0%| F|  |TAMS 0x000000008af00000, 0x000000008af00000| Untracked 
| 176|0x000000008b000000, 0x000000008b000000, 0x000000008b100000|  0%| F|  |TAMS 0x000000008b000000, 0x000000008b000000| Untracked 
| 177|0x000000008b100000, 0x000000008b100000, 0x000000008b200000|  0%| F|  |TAMS 0x000000008b100000, 0x000000008b100000| Untracked 
| 178|0x000000008b200000, 0x000000008b200000, 0x000000008b300000|  0%| F|  |TAMS 0x000000008b200000, 0x000000008b200000| Untracked 
| 179|0x000000008b300000, 0x000000008b300000, 0x000000008b400000|  0%| F|  |TAMS 0x000000008b300000, 0x000000008b300000| Untracked 
| 180|0x000000008b400000, 0x000000008b400000, 0x000000008b500000|  0%| F|  |TAMS 0x000000008b400000, 0x000000008b400000| Untracked 
| 181|0x000000008b500000, 0x000000008b500000, 0x000000008b600000|  0%| F|  |TAMS 0x000000008b500000, 0x000000008b500000| Untracked 
| 182|0x000000008b600000, 0x000000008b600000, 0x000000008b700000|  0%| F|  |TAMS 0x000000008b600000, 0x000000008b600000| Untracked 
| 183|0x000000008b700000, 0x000000008b700000, 0x000000008b800000|  0%| F|  |TAMS 0x000000008b700000, 0x000000008b700000| Untracked 
| 184|0x000000008b800000, 0x000000008b800000, 0x000000008b900000|  0%| F|  |TAMS 0x000000008b800000, 0x000000008b800000| Untracked 
| 185|0x000000008b900000, 0x000000008b900000, 0x000000008ba00000|  0%| F|  |TAMS 0x000000008b900000, 0x000000008b900000| Untracked 
| 186|0x000000008ba00000, 0x000000008ba00000, 0x000000008bb00000|  0%| F|  |TAMS 0x000000008ba00000, 0x000000008ba00000| Untracked 
| 187|0x000000008bb00000, 0x000000008bb00000, 0x000000008bc00000|  0%| F|  |TAMS 0x000000008bb00000, 0x000000008bb00000| Untracked 
| 188|0x000000008bc00000, 0x000000008bc00000, 0x000000008bd00000|  0%| F|  |TAMS 0x000000008bc00000, 0x000000008bc00000| Untracked 
| 189|0x000000008bd00000, 0x000000008bd00000, 0x000000008be00000|  0%| F|  |TAMS 0x000000008bd00000, 0x000000008bd00000| Untracked 
| 190|0x000000008be00000, 0x000000008be00000, 0x000000008bf00000|  0%| F|  |TAMS 0x000000008be00000, 0x000000008be00000| Untracked 
| 191|0x000000008bf00000, 0x000000008bf00000, 0x000000008c000000|  0%| F|  |TAMS 0x000000008bf00000, 0x000000008bf00000| Untracked 
| 192|0x000000008c000000, 0x000000008c000000, 0x000000008c100000|  0%| F|  |TAMS 0x000000008c000000, 0x000000008c000000| Untracked 
| 193|0x000000008c100000, 0x000000008c100000, 0x000000008c200000|  0%| F|  |TAMS 0x000000008c100000, 0x000000008c100000| Untracked 
| 194|0x000000008c200000, 0x000000008c200000, 0x000000008c300000|  0%| F|  |TAMS 0x000000008c200000, 0x000000008c200000| Untracked 
| 195|0x000000008c300000, 0x000000008c300000, 0x000000008c400000|  0%| F|  |TAMS 0x000000008c300000, 0x000000008c300000| Untracked 
| 196|0x000000008c400000, 0x000000008c400000, 0x000000008c500000|  0%| F|  |TAMS 0x000000008c400000, 0x000000008c400000| Untracked 
| 197|0x000000008c500000, 0x000000008c500000, 0x000000008c600000|  0%| F|  |TAMS 0x000000008c500000, 0x000000008c500000| Untracked 
| 198|0x000000008c600000, 0x000000008c600000, 0x000000008c700000|  0%| F|  |TAMS 0x000000008c600000, 0x000000008c600000| Untracked 
| 199|0x000000008c700000, 0x000000008c700000, 0x000000008c800000|  0%| F|  |TAMS 0x000000008c700000, 0x000000008c700000| Untracked 
| 200|0x000000008c800000, 0x000000008c800000, 0x000000008c900000|  0%| F|  |TAMS 0x000000008c800000, 0x000000008c800000| Untracked 
| 201|0x000000008c900000, 0x000000008c900000, 0x000000008ca00000|  0%| F|  |TAMS 0x000000008c900000, 0x000000008c900000| Untracked 
| 202|0x000000008ca00000, 0x000000008ca00000, 0x000000008cb00000|  0%| F|  |TAMS 0x000000008ca00000, 0x000000008ca00000| Untracked 
| 203|0x000000008cb00000, 0x000000008cb00000, 0x000000008cc00000|  0%| F|  |TAMS 0x000000008cb00000, 0x000000008cb00000| Untracked 
| 204|0x000000008cc00000, 0x000000008cc00000, 0x000000008cd00000|  0%| F|  |TAMS 0x000000008cc00000, 0x000000008cc00000| Untracked 
| 205|0x000000008cd00000, 0x000000008cd00000, 0x000000008ce00000|  0%| F|  |TAMS 0x000000008cd00000, 0x000000008cd00000| Untracked 
| 206|0x000000008ce00000, 0x000000008ce00000, 0x000000008cf00000|  0%| F|  |TAMS 0x000000008ce00000, 0x000000008ce00000| Untracked 
| 207|0x000000008cf00000, 0x000000008cf00000, 0x000000008d000000|  0%| F|  |TAMS 0x000000008cf00000, 0x000000008cf00000| Untracked 
| 208|0x000000008d000000, 0x000000008d000000, 0x000000008d100000|  0%| F|  |TAMS 0x000000008d000000, 0x000000008d000000| Untracked 
| 209|0x000000008d100000, 0x000000008d100000, 0x000000008d200000|  0%| F|  |TAMS 0x000000008d100000, 0x000000008d100000| Untracked 
| 210|0x000000008d200000, 0x000000008d200000, 0x000000008d300000|  0%| F|  |TAMS 0x000000008d200000, 0x000000008d200000| Untracked 
| 211|0x000000008d300000, 0x000000008d300000, 0x000000008d400000|  0%| F|  |TAMS 0x000000008d300000, 0x000000008d300000| Untracked 
| 212|0x000000008d400000, 0x000000008d400000, 0x000000008d500000|  0%| F|  |TAMS 0x000000008d400000, 0x000000008d400000| Untracked 
| 213|0x000000008d500000, 0x000000008d500000, 0x000000008d600000|  0%| F|  |TAMS 0x000000008d500000, 0x000000008d500000| Untracked 
| 214|0x000000008d600000, 0x000000008d600000, 0x000000008d700000|  0%| F|  |TAMS 0x000000008d600000, 0x000000008d600000| Untracked 
| 215|0x000000008d700000, 0x000000008d700000, 0x000000008d800000|  0%| F|  |TAMS 0x000000008d700000, 0x000000008d700000| Untracked 
| 216|0x000000008d800000, 0x000000008d800000, 0x000000008d900000|  0%| F|  |TAMS 0x000000008d800000, 0x000000008d800000| Untracked 
| 217|0x000000008d900000, 0x000000008d900000, 0x000000008da00000|  0%| F|  |TAMS 0x000000008d900000, 0x000000008d900000| Untracked 
| 218|0x000000008da00000, 0x000000008da2d430, 0x000000008db00000| 17%| E|  |TAMS 0x000000008da00000, 0x000000008da00000| Complete 
| 219|0x000000008db00000, 0x000000008dc00000, 0x000000008dc00000|100%| E|CS|TAMS 0x000000008db00000, 0x000000008db00000| Complete 
| 220|0x000000008dc00000, 0x000000008dd00000, 0x000000008dd00000|100%| E|CS|TAMS 0x000000008dc00000, 0x000000008dc00000| Complete 
| 221|0x000000008dd00000, 0x000000008de00000, 0x000000008de00000|100%| E|CS|TAMS 0x000000008dd00000, 0x000000008dd00000| Complete 
| 222|0x000000008de00000, 0x000000008df00000, 0x000000008df00000|100%| E|CS|TAMS 0x000000008de00000, 0x000000008de00000| Complete 
| 223|0x000000008df00000, 0x000000008e000000, 0x000000008e000000|100%| E|CS|TAMS 0x000000008df00000, 0x000000008df00000| Complete 
| 224|0x000000008e000000, 0x000000008e100000, 0x000000008e100000|100%| E|CS|TAMS 0x000000008e000000, 0x000000008e000000| Complete 
| 225|0x000000008e100000, 0x000000008e200000, 0x000000008e200000|100%| E|CS|TAMS 0x000000008e100000, 0x000000008e100000| Complete 
| 226|0x000000008e200000, 0x000000008e300000, 0x000000008e300000|100%| E|CS|TAMS 0x000000008e200000, 0x000000008e200000| Complete 
| 227|0x000000008e300000, 0x000000008e400000, 0x000000008e400000|100%| E|CS|TAMS 0x000000008e300000, 0x000000008e300000| Complete 
| 228|0x000000008e400000, 0x000000008e500000, 0x000000008e500000|100%| E|CS|TAMS 0x000000008e400000, 0x000000008e400000| Complete 
| 229|0x000000008e500000, 0x000000008e600000, 0x000000008e600000|100%| E|CS|TAMS 0x000000008e500000, 0x000000008e500000| Complete 
| 230|0x000000008e600000, 0x000000008e700000, 0x000000008e700000|100%| E|CS|TAMS 0x000000008e600000, 0x000000008e600000| Complete 
| 231|0x000000008e700000, 0x000000008e800000, 0x000000008e800000|100%| E|CS|TAMS 0x000000008e700000, 0x000000008e700000| Complete 
| 232|0x000000008e800000, 0x000000008e900000, 0x000000008e900000|100%| E|  |TAMS 0x000000008e800000, 0x000000008e800000| Complete 
| 233|0x000000008e900000, 0x000000008ea00000, 0x000000008ea00000|100%| E|CS|TAMS 0x000000008e900000, 0x000000008e900000| Complete 
| 234|0x000000008ea00000, 0x000000008eb00000, 0x000000008eb00000|100%| E|CS|TAMS 0x000000008ea00000, 0x000000008ea00000| Complete 
| 235|0x000000008eb00000, 0x000000008ec00000, 0x000000008ec00000|100%| E|CS|TAMS 0x000000008eb00000, 0x000000008eb00000| Complete 
| 236|0x000000008ec00000, 0x000000008ed00000, 0x000000008ed00000|100%| E|CS|TAMS 0x000000008ec00000, 0x000000008ec00000| Complete 
| 237|0x000000008ed00000, 0x000000008ee00000, 0x000000008ee00000|100%| E|CS|TAMS 0x000000008ed00000, 0x000000008ed00000| Complete 
| 238|0x000000008ee00000, 0x000000008ef00000, 0x000000008ef00000|100%| E|CS|TAMS 0x000000008ee00000, 0x000000008ee00000| Complete 
| 239|0x000000008ef00000, 0x000000008f000000, 0x000000008f000000|100%| E|CS|TAMS 0x000000008ef00000, 0x000000008ef00000| Complete 
| 240|0x000000008f000000, 0x000000008f100000, 0x000000008f100000|100%| E|CS|TAMS 0x000000008f000000, 0x000000008f000000| Complete 
| 241|0x000000008f100000, 0x000000008f200000, 0x000000008f200000|100%| E|CS|TAMS 0x000000008f100000, 0x000000008f100000| Complete 
| 242|0x000000008f200000, 0x000000008f300000, 0x000000008f300000|100%| E|CS|TAMS 0x000000008f200000, 0x000000008f200000| Complete 
| 243|0x000000008f300000, 0x000000008f400000, 0x000000008f400000|100%| E|CS|TAMS 0x000000008f300000, 0x000000008f300000| Complete 
| 244|0x000000008f400000, 0x000000008f500000, 0x000000008f500000|100%| E|CS|TAMS 0x000000008f400000, 0x000000008f400000| Complete 
| 245|0x000000008f500000, 0x000000008f600000, 0x000000008f600000|100%| E|CS|TAMS 0x000000008f500000, 0x000000008f500000| Complete 
| 246|0x000000008f600000, 0x000000008f700000, 0x000000008f700000|100%| E|CS|TAMS 0x000000008f600000, 0x000000008f600000| Complete 
| 247|0x000000008f700000, 0x000000008f800000, 0x000000008f800000|100%| E|CS|TAMS 0x000000008f700000, 0x000000008f700000| Complete 
| 248|0x000000008f800000, 0x000000008f900000, 0x000000008f900000|100%| E|CS|TAMS 0x000000008f800000, 0x000000008f800000| Complete 
| 249|0x000000008f900000, 0x000000008fa00000, 0x000000008fa00000|100%| E|CS|TAMS 0x000000008f900000, 0x000000008f900000| Complete 
| 250|0x000000008fa00000, 0x000000008fb00000, 0x000000008fb00000|100%| E|CS|TAMS 0x000000008fa00000, 0x000000008fa00000| Complete 
| 251|0x000000008fb00000, 0x000000008fc00000, 0x000000008fc00000|100%| E|CS|TAMS 0x000000008fb00000, 0x000000008fb00000| Complete 
| 252|0x000000008fc00000, 0x000000008fd00000, 0x000000008fd00000|100%| E|CS|TAMS 0x000000008fc00000, 0x000000008fc00000| Complete 
| 253|0x000000008fd00000, 0x000000008fe00000, 0x000000008fe00000|100%| E|CS|TAMS 0x000000008fd00000, 0x000000008fd00000| Complete 
| 254|0x000000008fe00000, 0x000000008ff00000, 0x000000008ff00000|100%| E|CS|TAMS 0x000000008fe00000, 0x000000008fe00000| Complete 
| 255|0x000000008ff00000, 0x0000000090000000, 0x0000000090000000|100%| E|CS|TAMS 0x000000008ff00000, 0x000000008ff00000| Complete 
| 256|0x0000000090000000, 0x0000000090100000, 0x0000000090100000|100%| E|CS|TAMS 0x0000000090000000, 0x0000000090000000| Complete 
| 257|0x0000000090100000, 0x0000000090200000, 0x0000000090200000|100%| E|CS|TAMS 0x0000000090100000, 0x0000000090100000| Complete 
| 258|0x0000000090200000, 0x0000000090300000, 0x0000000090300000|100%| E|CS|TAMS 0x0000000090200000, 0x0000000090200000| Complete 
| 259|0x0000000090300000, 0x0000000090400000, 0x0000000090400000|100%| E|CS|TAMS 0x0000000090300000, 0x0000000090300000| Complete 
| 260|0x0000000090400000, 0x0000000090500000, 0x0000000090500000|100%| E|CS|TAMS 0x0000000090400000, 0x0000000090400000| Complete 
| 261|0x0000000090500000, 0x0000000090600000, 0x0000000090600000|100%| E|CS|TAMS 0x0000000090500000, 0x0000000090500000| Complete 
| 262|0x0000000090600000, 0x0000000090700000, 0x0000000090700000|100%| E|CS|TAMS 0x0000000090600000, 0x0000000090600000| Complete 
| 263|0x0000000090700000, 0x0000000090800000, 0x0000000090800000|100%| E|CS|TAMS 0x0000000090700000, 0x0000000090700000| Complete 
| 264|0x0000000090800000, 0x0000000090900000, 0x0000000090900000|100%| E|CS|TAMS 0x0000000090800000, 0x0000000090800000| Complete 
| 265|0x0000000090900000, 0x0000000090a00000, 0x0000000090a00000|100%| E|CS|TAMS 0x0000000090900000, 0x0000000090900000| Complete 
| 266|0x0000000090a00000, 0x0000000090b00000, 0x0000000090b00000|100%| E|CS|TAMS 0x0000000090a00000, 0x0000000090a00000| Complete 
| 267|0x0000000090b00000, 0x0000000090c00000, 0x0000000090c00000|100%| E|CS|TAMS 0x0000000090b00000, 0x0000000090b00000| Complete 

Card table byte_map: [0x0000028135340000,0x0000028135740000] _byte_map_base: 0x0000028134f40000

Marking Bits (Prev, Next): (CMBitMap*) 0x0000028122455af0, (CMBitMap*) 0x0000028122455ab8
 Prev Bits: [0x0000028137b40000, 0x0000028139b40000)
 Next Bits: [0x0000028135b40000, 0x0000028137b40000)

Polling page: 0x00000281202d0000

Metaspace:

Usage:
  Non-class:     94.42 MB capacity,    92.74 MB ( 98%) used,     1.34 MB (  1%) free+waste,   350.31 KB ( <1%) overhead. 
      Class:     14.47 MB capacity,    13.36 MB ( 92%) used,   978.10 KB (  7%) free+waste,   156.88 KB (  1%) overhead. 
       Both:    108.89 MB capacity,   106.10 MB ( 97%) used,     2.30 MB (  2%) free+waste,   507.19 KB ( <1%) overhead. 

Virtual space:
  Non-class space:       96.00 MB reserved,      94.42 MB ( 98%) committed 
      Class space:        1.00 GB reserved,      14.50 MB (  1%) committed 
             Both:        1.09 GB reserved,     108.92 MB ( 10%) committed 

Chunk freelists:
   Non-Class:  4.00 KB
       Class:  0 bytes
        Both:  4.00 KB

MaxMetaspaceSize: 17179869184.00 GB
CompressedClassSpaceSize: 1.00 GB
Initial GC threshold: 20.80 MB
Current GC threshold: 161.95 MB
CDS: off

CodeHeap 'non-profiled nmethods': size=120064Kb used=6740Kb max_used=6740Kb free=113323Kb
 bounds [0x000002812da00000, 0x000002812e0a0000, 0x0000028134f40000]
CodeHeap 'profiled nmethods': size=120000Kb used=29847Kb max_used=29847Kb free=90152Kb
 bounds [0x00000281264d0000, 0x0000028128200000, 0x000002812da00000]
CodeHeap 'non-nmethods': size=5696Kb used=2428Kb max_used=2450Kb free=3267Kb
 bounds [0x0000028125f40000, 0x00000281261b0000, 0x00000281264d0000]
 total_blobs=15824 nmethods=14859 adapters=877
 compilation: enabled
              stopped_count=0, restarted_count=0
 full_count=0

Compilation events (20 events):
Event: 36.175 Thread 0x000002813c046000 15113       3       org.gradle.internal.classpath.AccessTrackingProperties$$Lambda$1279/0x0000000100e35840::accept (10 bytes)
Event: 36.175 Thread 0x000002813c046000 nmethod 15113 0x00000281281c7610 code [0x00000281281c77e0, 0x00000281281c79c8]
Event: 36.175 Thread 0x000002813c046000 15114       3       org.gradle.internal.classpath.Instrumented::access$100 (7 bytes)
Event: 36.176 Thread 0x000002813c046000 nmethod 15114 0x00000281281c7b10 code [0x00000281281c7ce0, 0x00000281281c8088]
Event: 36.176 Thread 0x000002813c046000 15115       3       org.gradle.internal.classpath.AccessTrackingSet$$Lambda$1283/0x0000000100e34c40::apply (11 bytes)
Event: 36.176 Thread 0x000002813c046000 nmethod 15115 0x00000281281c8210 code [0x00000281281c83c0, 0x00000281281c8588]
Event: 36.176 Thread 0x000002813c046000 15116       3       com.android.tools.r8.internal.Mi$a$$Lambda$1275/0x0000000100e36840::accept (12 bytes)
Event: 36.177 Thread 0x000002813c046000 nmethod 15116 0x00000281281c8690 code [0x00000281281c88e0, 0x00000281281c9138]
Event: 36.177 Thread 0x000002813c046000 15118       3       org.gradle.internal.classpath.Instrumented$2::onAccess (34 bytes)
Event: 36.178 Thread 0x000002813c046000 nmethod 15118 0x00000281281c9490 code [0x00000281281c9720, 0x00000281281ca748]
Event: 36.206 Thread 0x000002813c046000 15120       1       com.android.tools.r8.ProgramResource$ByteResource::getKind (5 bytes)
Event: 36.206 Thread 0x000002813c046000 nmethod 15120 0x000002812e08f610 code [0x000002812e08f7c0, 0x000002812e08f878]
Event: 36.272 Thread 0x000002813c046000 15122       3       com.android.tools.r8.internal.Ab::g (26 bytes)
Event: 36.272 Thread 0x000002813c046000 nmethod 15122 0x00000281281caa90 code [0x00000281281cac40, 0x00000281281cad98]
Event: 36.300 Thread 0x000002813c046000 15127       3       com.android.tools.r8.graph.g1::m0 (4 bytes)
Event: 36.300 Thread 0x000002813c046000 nmethod 15127 0x00000281281cae90 code [0x00000281281cb040, 0x00000281281cb138]
Event: 36.311 Thread 0x000002813c046000 15128       3       com.android.tools.r8.graph.e1::a (129 bytes)
Event: 36.311 Thread 0x000002813c046000 nmethod 15128 0x00000281281cb210 code [0x00000281281cb3e0, 0x00000281281cb6d8]
Event: 36.312 Thread 0x000002813c046000 15129 %     3       com.android.tools.r8.graph.e1::a @ 4 (117 bytes)
Event: 36.313 Thread 0x000002813c046000 nmethod 15129% 0x00000281281cb890 code [0x00000281281cbb60, 0x00000281281ccc68]

GC Heap History (20 events):
Event: 25.894 GC heap before
{Heap before GC invocations=43 (full 0):
 garbage-first heap   total 228352K, used 161280K [0x0000000080000000, 0x0000000100000000)
  region size 1024K, 39 young (39936K), 1 survivors (1024K)
 Metaspace       used 92917K, capacity 95357K, committed 95664K, reserved 1132544K
  class space    used 11953K, capacity 12901K, committed 13056K, reserved 1048576K
}
Event: 25.916 GC heap after
{Heap after GC invocations=44 (full 0):
 garbage-first heap   total 228352K, used 123904K [0x0000000080000000, 0x0000000100000000)
  region size 1024K, 5 young (5120K), 5 survivors (5120K)
 Metaspace       used 92917K, capacity 95357K, committed 95664K, reserved 1132544K
  class space    used 11953K, capacity 12901K, committed 13056K, reserved 1048576K
}
Event: 25.937 GC heap before
{Heap before GC invocations=44 (full 0):
 garbage-first heap   total 228352K, used 124928K [0x0000000080000000, 0x0000000100000000)
  region size 1024K, 7 young (7168K), 5 survivors (5120K)
 Metaspace       used 92917K, capacity 95357K, committed 95664K, reserved 1132544K
  class space    used 11953K, capacity 12901K, committed 13056K, reserved 1048576K
}
Event: 25.956 GC heap after
{Heap after GC invocations=45 (full 0):
 garbage-first heap   total 228352K, used 125784K [0x0000000080000000, 0x0000000100000000)
  region size 1024K, 2 young (2048K), 2 survivors (2048K)
 Metaspace       used 92917K, capacity 95357K, committed 95664K, reserved 1132544K
  class space    used 11953K, capacity 12901K, committed 13056K, reserved 1048576K
}
Event: 26.572 GC heap before
{Heap before GC invocations=46 (full 0):
 garbage-first heap   total 228352K, used 169816K [0x0000000080000000, 0x0000000100000000)
  region size 1024K, 31 young (31744K), 2 survivors (2048K)
 Metaspace       used 93613K, capacity 96165K, committed 96432K, reserved 1132544K
  class space    used 12010K, capacity 12985K, committed 13056K, reserved 1048576K
}
Event: 26.586 GC heap after
{Heap after GC invocations=47 (full 0):
 garbage-first heap   total 274432K, used 127465K [0x0000000080000000, 0x0000000100000000)
  region size 1024K, 4 young (4096K), 4 survivors (4096K)
 Metaspace       used 93613K, capacity 96165K, committed 96432K, reserved 1132544K
  class space    used 12010K, capacity 12985K, committed 13056K, reserved 1048576K
}
Event: 27.470 GC heap before
{Heap before GC invocations=47 (full 0):
 garbage-first heap   total 274432K, used 177641K [0x0000000080000000, 0x0000000100000000)
  region size 1024K, 54 young (55296K), 4 survivors (4096K)
 Metaspace       used 96878K, capacity 99393K, committed 99504K, reserved 1136640K
  class space    used 12269K, capacity 13257K, committed 13312K, reserved 1048576K
}
Event: 27.504 GC heap after
{Heap after GC invocations=48 (full 0):
 garbage-first heap   total 274432K, used 133693K [0x0000000080000000, 0x0000000100000000)
  region size 1024K, 6 young (6144K), 6 survivors (6144K)
 Metaspace       used 96878K, capacity 99393K, committed 99504K, reserved 1136640K
  class space    used 12269K, capacity 13257K, committed 13312K, reserved 1048576K
}
Event: 28.315 GC heap before
{Heap before GC invocations=49 (full 0):
 garbage-first heap   total 274432K, used 168509K [0x0000000080000000, 0x0000000100000000)
  region size 1024K, 58 young (59392K), 6 survivors (6144K)
 Metaspace       used 97716K, capacity 100293K, committed 100656K, reserved 1136640K
  class space    used 12333K, capacity 13321K, committed 13440K, reserved 1048576K
}
Event: 28.328 GC heap after
{Heap after GC invocations=50 (full 0):
 garbage-first heap   total 274432K, used 116198K [0x0000000080000000, 0x0000000100000000)
  region size 1024K, 2 young (2048K), 2 survivors (2048K)
 Metaspace       used 97716K, capacity 100293K, committed 100656K, reserved 1136640K
  class space    used 12333K, capacity 13321K, committed 13440K, reserved 1048576K
}
Event: 28.562 GC heap before
{Heap before GC invocations=50 (full 0):
 garbage-first heap   total 274432K, used 126438K [0x0000000080000000, 0x0000000100000000)
  region size 1024K, 13 young (13312K), 2 survivors (2048K)
 Metaspace       used 97971K, capacity 100471K, committed 100656K, reserved 1136640K
  class space    used 12353K, capacity 13338K, committed 13440K, reserved 1048576K
}
Event: 28.569 GC heap after
{Heap after GC invocations=51 (full 0):
 garbage-first heap   total 274432K, used 110498K [0x0000000080000000, 0x0000000100000000)
  region size 1024K, 1 young (1024K), 1 survivors (1024K)
 Metaspace       used 97971K, capacity 100471K, committed 100656K, reserved 1136640K
  class space    used 12353K, capacity 13338K, committed 13440K, reserved 1048576K
}
Event: 29.290 GC heap before
{Heap before GC invocations=51 (full 0):
 garbage-first heap   total 274432K, used 179106K [0x0000000080000000, 0x0000000100000000)
  region size 1024K, 67 young (68608K), 1 survivors (1024K)
 Metaspace       used 98114K, capacity 100630K, committed 100912K, reserved 1136640K
  class space    used 12367K, capacity 13347K, committed 13440K, reserved 1048576K
}
Event: 29.297 GC heap after
{Heap after GC invocations=52 (full 0):
 garbage-first heap   total 274432K, used 113570K [0x0000000080000000, 0x0000000100000000)
  region size 1024K, 2 young (2048K), 2 survivors (2048K)
 Metaspace       used 98114K, capacity 100630K, committed 100912K, reserved 1136640K
  class space    used 12367K, capacity 13347K, committed 13440K, reserved 1048576K
}
Event: 29.850 GC heap before
{Heap before GC invocations=52 (full 0):
 garbage-first heap   total 274432K, used 185250K [0x0000000080000000, 0x0000000100000000)
  region size 1024K, 73 young (74752K), 2 survivors (2048K)
 Metaspace       used 98119K, capacity 100630K, committed 100912K, reserved 1136640K
  class space    used 12367K, capacity 13347K, committed 13440K, reserved 1048576K
}
Event: 29.857 GC heap after
{Heap after GC invocations=53 (full 0):
 garbage-first heap   total 274432K, used 114594K [0x0000000080000000, 0x0000000100000000)
  region size 1024K, 3 young (3072K), 3 survivors (3072K)
 Metaspace       used 98119K, capacity 100630K, committed 100912K, reserved 1136640K
  class space    used 12367K, capacity 13347K, committed 13440K, reserved 1048576K
}
Event: 31.690 GC heap before
{Heap before GC invocations=53 (full 0):
 garbage-first heap   total 274432K, used 194466K [0x0000000080000000, 0x0000000100000000)
  region size 1024K, 79 young (80896K), 3 survivors (3072K)
 Metaspace       used 101486K, capacity 104000K, committed 104112K, reserved 1140736K
  class space    used 12789K, capacity 13793K, committed 13824K, reserved 1048576K
}
Event: 31.700 GC heap after
{Heap after GC invocations=54 (full 0):
 garbage-first heap   total 274432K, used 112539K [0x0000000080000000, 0x0000000100000000)
  region size 1024K, 3 young (3072K), 3 survivors (3072K)
 Metaspace       used 101486K, capacity 104000K, committed 104112K, reserved 1140736K
  class space    used 12789K, capacity 13793K, committed 13824K, reserved 1048576K
}
Event: 35.764 GC heap before
{Heap before GC invocations=54 (full 0):
 garbage-first heap   total 274432K, used 212891K [0x0000000080000000, 0x0000000100000000)
  region size 1024K, 102 young (104448K), 3 survivors (3072K)
 Metaspace       used 105282K, capacity 108001K, committed 108208K, reserved 1142784K
  class space    used 13206K, capacity 14277K, committed 14336K, reserved 1048576K
}
Event: 35.782 GC heap after
{Heap after GC invocations=55 (full 0):
 garbage-first heap   total 274432K, used 117803K [0x0000000080000000, 0x0000000100000000)
  region size 1024K, 9 young (9216K), 9 survivors (9216K)
 Metaspace       used 105282K, capacity 108001K, committed 108208K, reserved 1142784K
  class space    used 13206K, capacity 14277K, committed 14336K, reserved 1048576K
}

Deoptimization events (20 events):
Event: 36.060 Thread 0x0000028140e61800 Uncommon trap: trap_request=0xffffffbe fr.pc=0x000002812e08c3d0 relative=0x0000000000000990
Event: 36.060 Thread 0x0000028140e61800 Uncommon trap: reason=profile_predicate action=maybe_recompile pc=0x000002812e08c3d0 method=com.android.tools.r8.graph.e1.a(Ljava/lang/String;)[B @ 91 c2
Event: 36.060 Thread 0x0000028140e61800 DEOPT PACKING pc=0x000002812e08c3d0 sp=0x0000008e235f9cc0
Event: 36.061 Thread 0x0000028140e61800 DEOPT UNPACKING pc=0x0000028125f8a1af sp=0x0000008e235f9c78 mode 2
Event: 36.061 Thread 0x0000028140e67000 Uncommon trap: trap_request=0xffffffde fr.pc=0x000002812ddfe030 relative=0x0000000000000250
Event: 36.061 Thread 0x0000028140e67000 Uncommon trap: reason=class_check action=maybe_recompile pc=0x000002812ddfe030 method=com.google.common.collect.MapMakerInternalMap$Segment.getEntry(Ljava/lang/Object;I)Lcom/google/common/collect/MapMakerInternalMap$InternalEntry; @ 31 c2
Event: 36.061 Thread 0x0000028140e67000 DEOPT PACKING pc=0x000002812ddfe030 sp=0x0000008e23ff6ad0
Event: 36.061 Thread 0x0000028140e67000 DEOPT UNPACKING pc=0x0000028125f8a1af sp=0x0000008e23ff6a88 mode 2
Event: 36.210 Thread 0x0000028140e5a000 Uncommon trap: trap_request=0xffffff4d fr.pc=0x000002812dfa6dc8 relative=0x00000000000000a8
Event: 36.210 Thread 0x0000028140e5a000 Uncommon trap: reason=unstable_if action=reinterpret pc=0x000002812dfa6dc8 method=jdk.internal.misc.Unsafe.convEndian(ZI)I @ 4 c2
Event: 36.210 Thread 0x0000028140e5a000 DEOPT PACKING pc=0x000002812dfa6dc8 sp=0x0000008e22afa290
Event: 36.210 Thread 0x0000028140e5a000 DEOPT UNPACKING pc=0x0000028125f8a1af sp=0x0000008e22afa128 mode 2
Event: 36.311 Thread 0x0000028140e5a000 Uncommon trap: trap_request=0xffffff4d fr.pc=0x000002812e08d4c0 relative=0x0000000000000880
Event: 36.311 Thread 0x0000028140e5a000 Uncommon trap: reason=unstable_if action=reinterpret pc=0x000002812e08d4c0 method=com.android.tools.r8.graph.e1.a(Ljava/lang/String;)[B @ 19 c2
Event: 36.311 Thread 0x0000028140e5a000 DEOPT PACKING pc=0x000002812e08d4c0 sp=0x0000008e22af9ae0
Event: 36.311 Thread 0x0000028140e5a000 DEOPT UNPACKING pc=0x0000028125f8a1af sp=0x0000008e22af9aa0 mode 2
Event: 36.311 Thread 0x0000028140e5a000 Uncommon trap: trap_request=0xffffff4d fr.pc=0x000002812e08900c relative=0x000000000000006c
Event: 36.311 Thread 0x0000028140e5a000 Uncommon trap: reason=unstable_if action=reinterpret pc=0x000002812e08900c method=com.android.tools.r8.graph.e1.a(C[BI)I @ 1 c2
Event: 36.311 Thread 0x0000028140e5a000 DEOPT PACKING pc=0x000002812e08900c sp=0x0000008e22af9a80
Event: 36.311 Thread 0x0000028140e5a000 DEOPT UNPACKING pc=0x0000028125f8a1af sp=0x0000008e22af9a20 mode 2

Classes redefined (0 events):
No events

Internal exceptions (20 events):
Event: 35.229 Thread 0x0000028140973800 Exception <a 'sun/nio/fs/WindowsException'{0x000000008b402fa0}> (0x000000008b402fa0) thrown at [src/hotspot/share/prims/jni.cpp, line 617]
Event: 35.232 Thread 0x0000028140e51800 Exception <a 'sun/nio/fs/WindowsException'{0x000000008b413358}> (0x000000008b413358) thrown at [src/hotspot/share/prims/jni.cpp, line 617]
Event: 35.271 Thread 0x0000028140e4e000 Exception <a 'sun/nio/fs/WindowsException'{0x000000008b4890c8}> (0x000000008b4890c8) thrown at [src/hotspot/share/prims/jni.cpp, line 617]
Event: 35.285 Thread 0x000002814096d800 Exception <a 'sun/nio/fs/WindowsException'{0x000000008b4bd170}> (0x000000008b4bd170) thrown at [src/hotspot/share/prims/jni.cpp, line 617]
Event: 35.497 Thread 0x0000028140e51800 Exception <a 'sun/nio/fs/WindowsException'{0x000000008b31d0a8}> (0x000000008b31d0a8) thrown at [src/hotspot/share/prims/jni.cpp, line 617]
Event: 35.513 Thread 0x0000028140e4e000 Exception <a 'sun/nio/fs/WindowsException'{0x000000008b397bd0}> (0x000000008b397bd0) thrown at [src/hotspot/share/prims/jni.cpp, line 617]
Event: 35.520 Thread 0x000002814096c000 Exception <a 'sun/nio/fs/WindowsException'{0x000000008b38c150}> (0x000000008b38c150) thrown at [src/hotspot/share/prims/jni.cpp, line 617]
Event: 35.837 Thread 0x0000028140971000 Exception <a 'sun/nio/fs/WindowsException'{0x000000008fe75048}> (0x000000008fe75048) thrown at [src/hotspot/share/prims/jni.cpp, line 617]
Event: 35.838 Thread 0x0000028140e61800 Exception <a 'sun/nio/fs/WindowsException'{0x00000000904216c0}> (0x00000000904216c0) thrown at [src/hotspot/share/prims/jni.cpp, line 617]
Event: 35.850 Thread 0x0000028140e5a000 Exception <a 'java/lang/OutOfMemoryError'{0x000000008fae11d0}> (0x000000008fae11d0) thrown at [src/hotspot/share/prims/jni.cpp, line 638]
Event: 35.894 Thread 0x0000028140e67000 Exception <a 'java/lang/OutOfMemoryError'{0x000000008f1db158}> (0x000000008f1db158) thrown at [src/hotspot/share/prims/jni.cpp, line 638]
Event: 35.915 Thread 0x0000028140e5a000 Exception <a 'sun/nio/fs/WindowsException'{0x000000008ef25530}> (0x000000008ef25530) thrown at [src/hotspot/share/prims/jni.cpp, line 617]
Event: 35.934 Thread 0x0000028140e5a000 Exception <a 'java/lang/NoSuchMethodError'{0x000000008eecf600}: 'java.lang.Object java.lang.invoke.DirectMethodHandle$Holder.newInvokeSpecial(java.lang.Object, int)'> (0x000000008eecf600) thrown at [src/hotspot/share/interpreter/linkResolver.cpp, line 773]
Event: 35.935 Thread 0x0000028140e61800 Exception <a 'java/lang/NoSuchMethodError'{0x0000000090423668}: 'java.lang.Object java.lang.invoke.DirectMethodHandle$Holder.newInvokeSpecial(java.lang.Object, int)'> (0x0000000090423668) thrown at [src/hotspot/share/interpreter/linkResolver.cpp, line 773]
Event: 35.950 Thread 0x0000028140e67000 Exception <a 'sun/nio/fs/WindowsException'{0x000000008eb63728}> (0x000000008eb63728) thrown at [src/hotspot/share/prims/jni.cpp, line 617]
Event: 36.218 Thread 0x0000028140e61800 Exception <a 'java/lang/NoSuchMethodError'{0x000000008e305e88}: 'java.lang.Object java.lang.invoke.DirectMethodHandle$Holder.invokeStaticInit(java.lang.Object, java.lang.Object, java.lang.Object, java.lang.Object, java.lang.Object, java.lang.Object, java.lang.Object, java.lang.Object, java.lang.Object, java.lang.Object, java.lang.Object, java.lang.Object, java.lang.Object, java.lang.Object, java.lang.Object, java.lang.Object, java.lang.Object, java.lang.Object, java.lang.Object, int, java.lang.Object, java
Event: 36.272 Thread 0x0000028140971000 Exception <a 'java/lang/IncompatibleClassChangeError'{0x000000008e269810}: Found class java.lang.Object, but interface was expected> (0x000000008e269810) thrown at [src/hotspot/share/interpreter/linkResolver.cpp, line 839]
Event: 36.272 Thread 0x0000028140e61800 Exception <a 'java/lang/IncompatibleClassChangeError'{0x000000008e3c00f8}: Found class java.lang.Object, but interface was expected> (0x000000008e3c00f8) thrown at [src/hotspot/share/interpreter/linkResolver.cpp, line 839]
Event: 36.273 Thread 0x0000028140e67000 Exception <a 'java/lang/IncompatibleClassChangeError'{0x000000008e3b9db0}: Found class java.lang.Object, but interface was expected> (0x000000008e3b9db0) thrown at [src/hotspot/share/interpreter/linkResolver.cpp, line 839]
Event: 36.272 Thread 0x0000028140e5a000 Exception <a 'java/lang/IncompatibleClassChangeError'{0x000000008e240848}: Found class java.lang.Object, but interface was expected> (0x000000008e240848) thrown at [src/hotspot/share/interpreter/linkResolver.cpp, line 839]

Events (20 events):
Event: 36.330 loading class com/android/tools/r8/shaking/N1
Event: 36.330 loading class com/android/tools/r8/shaking/N1 done
Event: 36.331 loading class com/android/tools/r8/graph/P
Event: 36.331 loading class com/android/tools/r8/graph/P done
Event: 36.332 loading class com/android/tools/r8/shaking/f2
Event: 36.332 loading class com/android/tools/r8/shaking/f2 done
Event: 36.332 loading class com/android/tools/r8/graph/t1
Event: 36.332 loading class com/android/tools/r8/graph/t1 done
Event: 36.333 loading class com/android/tools/r8/shaking/g2
Event: 36.333 loading class com/android/tools/r8/shaking/g2 done
Event: 36.333 loading class com/android/tools/r8/internal/uI
Event: 36.333 loading class com/android/tools/r8/internal/uI done
Event: 36.334 loading class com/android/tools/r8/kotlin/L
Event: 36.334 loading class com/android/tools/r8/kotlin/L done
Event: 36.334 loading class com/android/tools/r8/internal/EB
Event: 36.334 loading class com/android/tools/r8/internal/EB done
Event: 36.334 loading class com/android/tools/r8/ir/optimize/a
Event: 36.334 loading class com/android/tools/r8/ir/optimize/a done
Event: 36.335 loading class com/android/tools/r8/internal/yd
Event: 36.335 loading class com/android/tools/r8/internal/yd done


Dynamic libraries:
0x00007ff67c140000 - 0x00007ff67c14a000 	C:\Program Files\Android\Android Studio\jbr\bin\java.exe
0x00007ffbea8f0000 - 0x00007ffbeaae8000 	C:\WINDOWS\SYSTEM32\ntdll.dll
0x00007ffbea170000 - 0x00007ffbea22f000 	C:\WINDOWS\System32\KERNEL32.DLL
0x00007ffbe8200000 - 0x00007ffbe84f6000 	C:\WINDOWS\System32\KERNELBASE.dll
0x00007ffbe8730000 - 0x00007ffbe8830000 	C:\WINDOWS\System32\ucrtbase.dll
0x00007ffbe0bb0000 - 0x00007ffbe0bc7000 	C:\Program Files\Android\Android Studio\jbr\bin\jli.dll
0x00007ffbe8d90000 - 0x00007ffbe8f2d000 	C:\WINDOWS\System32\USER32.dll
0x00007ffbe8500000 - 0x00007ffbe8522000 	C:\WINDOWS\System32\win32u.dll
0x00007ffbe9790000 - 0x00007ffbe97bc000 	C:\WINDOWS\System32\GDI32.dll
0x00007ffbe0b30000 - 0x00007ffbe0b4b000 	C:\Program Files\Android\Android Studio\jbr\bin\VCRUNTIME140.dll
0x00007ffbe8830000 - 0x00007ffbe8945000 	C:\WINDOWS\System32\gdi32full.dll
0x00007ffbd2760000 - 0x00007ffbd29fa000 	C:\WINDOWS\WinSxS\amd64_microsoft.windows.common-controls_6595b64144ccf1df_6.0.19041.1110_none_60b5254171f9507e\COMCTL32.dll
0x00007ffbe80b0000 - 0x00007ffbe814d000 	C:\WINDOWS\System32\msvcp_win.dll
0x00007ffbe97c0000 - 0x00007ffbe985e000 	C:\WINDOWS\System32\msvcrt.dll
0x00007ffbe96e0000 - 0x00007ffbe9710000 	C:\WINDOWS\System32\IMM32.DLL
0x00007ffbc98c0000 - 0x00007ffbc994d000 	C:\Program Files\Android\Android Studio\jbr\bin\msvcp140.dll
0x00007ffbccf70000 - 0x00007ffbccf7c000 	C:\WINDOWS\SYSTEM32\VCRUNTIME140_1.dll
0x00007ffb7f630000 - 0x00007ffb801ec000 	C:\Program Files\Android\Android Studio\jbr\bin\server\jvm.dll
0x00007ffbe8960000 - 0x00007ffbe8a0f000 	C:\WINDOWS\System32\ADVAPI32.dll
0x00007ffbea310000 - 0x00007ffbea3ac000 	C:\WINDOWS\System32\sechost.dll
0x00007ffbe9f90000 - 0x00007ffbea0b6000 	C:\WINDOWS\System32\RPCRT4.dll
0x00007ffbe8c70000 - 0x00007ffbe8c78000 	C:\WINDOWS\System32\PSAPI.DLL
0x00007ffbdeb70000 - 0x00007ffbdeb7a000 	C:\WINDOWS\SYSTEM32\VERSION.dll
0x00007ffbdeb40000 - 0x00007ffbdeb67000 	C:\WINDOWS\SYSTEM32\WINMM.dll
0x00007ffbe0950000 - 0x00007ffbe0959000 	C:\WINDOWS\SYSTEM32\WSOCK32.dll
0x00007ffbe9860000 - 0x00007ffbe98cb000 	C:\WINDOWS\System32\WS2_32.dll
0x00007ffbe6800000 - 0x00007ffbe6812000 	C:\WINDOWS\SYSTEM32\kernel.appcore.dll
0x00007ffbe2ad0000 - 0x00007ffbe2ae0000 	C:\Program Files\Android\Android Studio\jbr\bin\verify.dll
0x00007ffbe65e0000 - 0x00007ffbe67c4000 	C:\WINDOWS\SYSTEM32\DBGHELP.DLL
0x00007ffbcd1a0000 - 0x00007ffbcd1d4000 	C:\WINDOWS\SYSTEM32\dbgcore.DLL
0x00007ffbe7fd0000 - 0x00007ffbe8052000 	C:\WINDOWS\System32\bcryptPrimitives.dll
0x00007ffbcd060000 - 0x00007ffbcd088000 	C:\Program Files\Android\Android Studio\jbr\bin\java.dll
0x00007ffbd2a80000 - 0x00007ffbd2a8a000 	C:\Program Files\Android\Android Studio\jbr\bin\jimage.dll
0x00007ffbd2170000 - 0x00007ffbd2188000 	C:\Program Files\Android\Android Studio\jbr\bin\zip.dll
0x00007ffbe8f90000 - 0x00007ffbe96d4000 	C:\WINDOWS\System32\SHELL32.dll
0x00007ffbe5d80000 - 0x00007ffbe6513000 	C:\WINDOWS\SYSTEM32\windows.storage.dll
0x00007ffbe9a70000 - 0x00007ffbe9dc4000 	C:\WINDOWS\System32\combase.dll
0x00007ffbe7940000 - 0x00007ffbe796e000 	C:\WINDOWS\SYSTEM32\Wldp.dll
0x00007ffbe8ce0000 - 0x00007ffbe8d8d000 	C:\WINDOWS\System32\SHCORE.dll
0x00007ffbe8f30000 - 0x00007ffbe8f85000 	C:\WINDOWS\System32\shlwapi.dll
0x00007ffbe7f00000 - 0x00007ffbe7f25000 	C:\WINDOWS\SYSTEM32\profapi.dll
0x00007ffbcd040000 - 0x00007ffbcd059000 	C:\Program Files\Android\Android Studio\jbr\bin\net.dll
0x00007ffbdbde0000 - 0x00007ffbdbeea000 	C:\WINDOWS\SYSTEM32\WINHTTP.dll
0x00007ffbe76a0000 - 0x00007ffbe770a000 	C:\WINDOWS\system32\mswsock.dll
0x00007ffbc2a20000 - 0x00007ffbc2a33000 	C:\Program Files\Android\Android Studio\jbr\bin\nio.dll
0x00007ffbc2b90000 - 0x00007ffbc2bb7000 	C:\Users\nidis\.gradle\native\e1d6ef7f7dcc3fd88c89a11ec53ec762bb8ba0a96d01ffa2cd45eb1d1d8dd5c5\windows-amd64\native-platform.dll
0x00007ffbb6000000 - 0x00007ffbb6144000 	C:\Users\nidis\.gradle\native\0d407fdbe67a94daf76414ababcb853783967236a71b16ec16e742cd7a986fd3\windows-amd64\native-platform-file-events.dll
0x00007ffbd2a70000 - 0x00007ffbd2a7a000 	C:\Program Files\Android\Android Studio\jbr\bin\management.dll
0x00007ffbccd90000 - 0x00007ffbccd9b000 	C:\Program Files\Android\Android Studio\jbr\bin\management_ext.dll
0x00007ffbe78a0000 - 0x00007ffbe78b8000 	C:\WINDOWS\SYSTEM32\CRYPTSP.dll
0x00007ffbe6fb0000 - 0x00007ffbe6fe4000 	C:\WINDOWS\system32\rsaenh.dll
0x00007ffbe8530000 - 0x00007ffbe8557000 	C:\WINDOWS\System32\bcrypt.dll
0x00007ffbe7ec0000 - 0x00007ffbe7eee000 	C:\WINDOWS\SYSTEM32\USERENV.dll
0x00007ffbe7890000 - 0x00007ffbe789c000 	C:\WINDOWS\SYSTEM32\CRYPTBASE.dll
0x00007ffbe7390000 - 0x00007ffbe73cb000 	C:\WINDOWS\SYSTEM32\IPHLPAPI.DLL
0x00007ffbe9dd0000 - 0x00007ffbe9dd8000 	C:\WINDOWS\System32\NSI.dll
0x00007ffbdc4c0000 - 0x00007ffbdc4d7000 	C:\WINDOWS\SYSTEM32\dhcpcsvc6.DLL
0x00007ffbdee30000 - 0x00007ffbdee4d000 	C:\WINDOWS\SYSTEM32\dhcpcsvc.DLL
0x00007ffbe73d0000 - 0x00007ffbe749a000 	C:\WINDOWS\SYSTEM32\DNSAPI.dll
0x00007ffbe70d0000 - 0x00007ffbe7103000 	C:\WINDOWS\SYSTEM32\ntmarta.dll

dbghelp: loaded successfully - version: 4.0.5 - missing functions: none
symbol engine: initialized successfully - sym options: 0x614 - pdb path: .;C:\Program Files\Android\Android Studio\jbr\bin;C:\WINDOWS\SYSTEM32;C:\WINDOWS\WinSxS\amd64_microsoft.windows.common-controls_6595b64144ccf1df_6.0.19041.1110_none_60b5254171f9507e;C:\Program Files\Android\Android Studio\jbr\bin\server;C:\Users\nidis\.gradle\native\e1d6ef7f7dcc3fd88c89a11ec53ec762bb8ba0a96d01ffa2cd45eb1d1d8dd5c5\windows-amd64;C:\Users\nidis\.gradle\native\0d407fdbe67a94daf76414ababcb853783967236a71b16ec16e742cd7a986fd3\windows-amd64

VM Arguments:
jvm_args: --add-opens=java.base/java.util=ALL-UNNAMED --add-opens=java.base/java.lang=ALL-UNNAMED --add-opens=java.base/java.lang.invoke=ALL-UNNAMED --add-opens=java.base/java.util=ALL-UNNAMED --add-opens=java.prefs/java.util.prefs=ALL-UNNAMED --add-opens=java.prefs/java.util.prefs=ALL-UNNAMED --add-opens=java.base/java.nio.charset=ALL-UNNAMED --add-opens=java.base/java.net=ALL-UNNAMED --add-opens=java.base/java.util.concurrent.atomic=ALL-UNNAMED -Xmx2048m -Dfile.encoding=UTF-8 -Duser.country=GR -Duser.language=el -Duser.variant 
java_command: org.gradle.launcher.daemon.bootstrap.GradleDaemon 7.5
java_class_path (initial): C:\Users\nidis\.gradle\wrapper\dists\gradle-7.5-bin\f1w0cc9nuo0eivz97x2xlu9sv\gradle-7.5\lib\gradle-launcher-7.5.jar
Launcher Type: SUN_STANDARD

[Global flags]
     intx CICompilerCount                          = 3                                         {product} {ergonomic}
     uint ConcGCThreads                            = 1                                         {product} {ergonomic}
     uint G1ConcRefinementThreads                  = 4                                         {product} {ergonomic}
   size_t G1HeapRegionSize                         = 1048576                                   {product} {ergonomic}
    uintx GCDrainStackTargetSize                   = 64                                        {product} {ergonomic}
   size_t InitialHeapSize                          = 58720256                                  {product} {ergonomic}
   size_t MarkStackSize                            = 4194304                                   {product} {ergonomic}
   size_t MaxHeapSize                              = 2147483648                                {product} {command line}
   size_t MaxNewSize                               = 1287651328                                {product} {ergonomic}
   size_t MinHeapDeltaBytes                        = 1048576                                   {product} {ergonomic}
    uintx NonNMethodCodeHeapSize                   = 5830732                                {pd product} {ergonomic}
    uintx NonProfiledCodeHeapSize                  = 122913754                              {pd product} {ergonomic}
    uintx ProfiledCodeHeapSize                     = 122913754                              {pd product} {ergonomic}
    uintx ReservedCodeCacheSize                    = 251658240                              {pd product} {ergonomic}
     bool SegmentedCodeCache                       = true                                      {product} {ergonomic}
     bool UseCompressedClassPointers               = true                                 {lp64_product} {ergonomic}
     bool UseCompressedOops                        = true                                 {lp64_product} {ergonomic}
     bool UseG1GC                                  = true                                      {product} {ergonomic}
     bool UseLargePagesIndividualAllocation        = false                                  {pd product} {ergonomic}

Logging:
Log output configuration:
 #0: stdout all=warning uptime,level,tags
 #1: stderr all=off uptime,level,tags

Environment Variables:
PATH=C:\app\nidis\product\21c\dbhomeXE\bin;C:\Program Files\Eclipse Adoptium\jdk-11.0.17.8-hotspot\bin;C:\WINDOWS\system32;C:\WINDOWS;C:\WINDOWS\System32\Wbem;C:\WINDOWS\System32\WindowsPowerShell\v1.0\;C:\WINDOWS\System32\OpenSSH\;C:\Program Files\nodejs\;C:\Program Files (x86)\Google\Cloud SDK\google-cloud-sdk\bin;C:\Program Files\Git\cmd;C:\Program Files (x86)\Microsoft SQL Server\160\Tools\Binn\;C:\Program Files\Microsoft SQL Server\160\Tools\Binn\;C:\Program Files\Microsoft SQL Server\Client SDK\ODBC\170\Tools\Binn\;C:\Program Files\Microsoft SQL Server\160\DTS\Binn\;C:\Program Files (x86)\Microsoft SQL Server\160\DTS\Binn\;C:\Program Files\Azure Data Studio\bin;C:\Users\nidis\AppData\Local\Programs\Python\Python311\Scripts\;C:\Users\nidis\AppData\Local\Programs\Python\Python311\;C:\Users\nidis\AppData\Local\Microsoft\WindowsApps;C:\Users\nidis\AppData\Roaming\npm;C:\Users\nidis\AppData\Local\GitHubDesktop\bin;C:\Program Files\Azure Data Studio\bin
USERNAME=nidis
OS=Windows_NT
PROCESSOR_IDENTIFIER=AMD64 Family 23 Model 17 Stepping 0, AuthenticAMD



---------------  S Y S T E M  ---------------

OS: Windows 10 , 64 bit Build 19041 (10.0.19041.3155)
OS uptime: 12 days 7:37 hours

CPU:total 4 (initial active 4) (4 cores per cpu, 2 threads per core) family 23 model 17 stepping 0 microcode 0x0, cmov, cx8, fxsr, mmx, sse, sse2, sse3, ssse3, sse4.1, sse4.2, popcnt, avx, avx2, aes, clmul, mmxext, 3dnowpref, lzcnt, sse4a, ht, tsc, tscinvbit, tscinv, bmi1, bmi2, adx, sha, fma

Memory: 4k page, system-wide physical 3491M (289M free)
TotalPageFile size 14243M (AvailPageFile size 5M)
current process WorkingSet (physical memory assigned to process): 491M, peak: 510M
current process commit charge ("private bytes"): 590M, peak: 593M

vm_info: OpenJDK 64-Bit Server VM (11.0.15+0-b2043.56-8887301) for windows-amd64 JRE (11.0.15+0-b2043.56-8887301), built on Jul 29 2022 23:19:47 by "builduser" with unknown MS VC++:1929

END.
